Mplus VERSION 7.11
MUTHEN & MUTHEN
02/25/2015  11:21 PM

INPUT INSTRUCTIONS

  TITLE:	this is an example of a two-level
  		regression analysis for a continuous
  		dependent variable

  montecarlo:
  		names are post pre;! int1;! int2;
  		nobservations = 12000;
  		ncsizes = 5;
  		csizes = 20 (15) 20 (20) 20 (25) 100 (100) 8 (100);
          !ncsizes = 2;
          !csizes = 30 (15) 30 (25);
          !cutpoints = int1 (0.5);
  		seed = 666;
  		nreps = 1;
  		!within = x;
          !between = int1;! int2;
  		save = variancetest.dat;

  ANALYSIS:  TYPE = TWOLEVEL;

  model population:
  		
          %within%
          post*1.44;
          pre*4;
          post ON pre*0.8;

          %between%
          post*.2;
          pre*1;
          post ON pre*.894;


          !%within%
  		![pre@0];
          !pre@1;
  		!post on pre*1.6; !
  		!post*.36;
  		!%between%
          ![pre@0];
          !pre@1;
          ![int1@.5];
          !int1*.25;
  		![int2@0]; int2@.5;
          !int1 with int2@.5;
  		!post on pre*.4 int1*.20;! int2*.4;
  		![post*0];
  		!post*0;
  		
  model:

          %within%
          post*1.44;
          !pre*4;
          post ON pre*0.8;

          %between%
          post*.2;
          pre*1;
          post ON pre*.894;

          !%within%
  	
  		!post on pre*1.6 (gamma10);
  		!post*.36;
  		
          !%between%
  		!post on pre*.4 int1*.20;! int2*.4;
          !    pre*1 (gamma01);
  		![post*0];
  		!post*.0;

          !model constraint:
          !new(betac*.25);
          !betac = gamma01 - gamma10;

  output:
  		tech9;



INPUT READING TERMINATED NORMALLY



this is an example of a two-level
regression analysis for a continuous
dependent variable

SUMMARY OF ANALYSIS

Number of groups                                                 1
Number of observations                                       12000

Number of replications
    Requested                                                    1
    Completed                                                    1
Value of seed                                                  666

Number of dependent variables                                    1
Number of independent variables                                  1
Number of continuous latent variables                            0

Observed dependent variables

  Continuous
   POST

Observed independent variables
   PRE


Estimator                                                      MLR
Information matrix                                        OBSERVED
Maximum number of iterations                                   100
Convergence criterion                                    0.100D-05
Maximum number of EM iterations                                500
Convergence criteria for the EM algorithm
  Loglikelihood change                                   0.100D-02
  Relative loglikelihood change                          0.100D-05
  Derivative                                             0.100D-03
Minimum variance                                         0.100D-03
Maximum number of steepest descent iterations                   20
Maximum number of iterations for H1                           2000
Convergence criterion for H1                             0.100D-03
Optimization algorithm                                         EMA


SUMMARY OF DATA FOR THE FIRST REPLICATION

     Cluster information

       Size (s)    Number of clusters of Size s

         15            20
         20            20
         25            20
        100           100
        100             8

     Average cluster size       71.429

     Estimated Intraclass Correlations for the Y Variables

                Intraclass              Intraclass
     Variable  Correlation   Variable  Correlation

     POST         0.222      PRE          0.202


SAMPLE STATISTICS FOR THE FIRST REPLICATION

NOTE:  The sample statistics for within and between refer to the
       maximum-likelihood estimated within and between covariance
       matrices, respectively.


     ESTIMATED SAMPLE STATISTICS FOR WITHIN


           Means
              POST          PRE
              ________      ________
 1              0.000         0.000


           Covariances
              POST          PRE
              ________      ________
 POST           4.023
 PRE            3.254         4.052


           Correlations
              POST          PRE
              ________      ________
 POST           1.000
 PRE            0.806         1.000


     ESTIMATED SAMPLE STATISTICS FOR BETWEEN


           Means
              POST          PRE
              ________      ________
 1              0.094         0.076


           Covariances
              POST          PRE
              ________      ________
 POST           1.145
 PRE            0.974         1.029


           Correlations
              POST          PRE
              ________      ________
 POST           1.000
 PRE            0.898         1.000




MODEL FIT INFORMATION

Number of Free Parameters                        8

Loglikelihood

    H0 Value

        Mean                            -44934.141
        Std Dev                              0.000
        Number of successful computations        1

             Proportions                   Percentiles
        Expected    Observed         Expected       Observed
           0.990       0.000       -44934.141     -44934.141
           0.980       0.000       -44934.141     -44934.141
           0.950       0.000       -44934.141     -44934.141
           0.900       0.000       -44934.141     -44934.141
           0.800       0.000       -44934.141     -44934.141
           0.700       0.000       -44934.141     -44934.141
           0.500       0.000       -44934.141     -44934.141
           0.300       0.000       -44934.141     -44934.141
           0.200       0.000       -44934.141     -44934.141
           0.100       0.000       -44934.141     -44934.141
           0.050       0.000       -44934.141     -44934.141
           0.020       0.000       -44934.141     -44934.141
           0.010       0.000       -44934.141     -44934.141

    H1 Value

        Mean                            -44934.141
        Std Dev                              0.000
        Number of successful computations        1

             Proportions                   Percentiles
        Expected    Observed         Expected       Observed
           0.990       0.000       -44934.141     -44934.141
           0.980       0.000       -44934.141     -44934.141
           0.950       0.000       -44934.141     -44934.141
           0.900       0.000       -44934.141     -44934.141
           0.800       0.000       -44934.141     -44934.141
           0.700       0.000       -44934.141     -44934.141
           0.500       0.000       -44934.141     -44934.141
           0.300       0.000       -44934.141     -44934.141
           0.200       0.000       -44934.141     -44934.141
           0.100       0.000       -44934.141     -44934.141
           0.050       0.000       -44934.141     -44934.141
           0.020       0.000       -44934.141     -44934.141
           0.010       0.000       -44934.141     -44934.141

Information Criteria

    Akaike (AIC)

        Mean                             89884.283
        Std Dev                              0.000
        Number of successful computations        1

             Proportions                   Percentiles
        Expected    Observed         Expected       Observed
           0.990       0.000        89884.283      89884.283
           0.980       0.000        89884.283      89884.283
           0.950       0.000        89884.283      89884.283
           0.900       0.000        89884.283      89884.283
           0.800       0.000        89884.283      89884.283
           0.700       0.000        89884.283      89884.283
           0.500       0.000        89884.283      89884.283
           0.300       0.000        89884.283      89884.283
           0.200       0.000        89884.283      89884.283
           0.100       0.000        89884.283      89884.283
           0.050       0.000        89884.283      89884.283
           0.020       0.000        89884.283      89884.283
           0.010       0.000        89884.283      89884.283

    Bayesian (BIC)

        Mean                             89943.424
        Std Dev                              0.000
        Number of successful computations        1

             Proportions                   Percentiles
        Expected    Observed         Expected       Observed
           0.990       0.000        89943.424      89943.424
           0.980       0.000        89943.424      89943.424
           0.950       0.000        89943.424      89943.424
           0.900       0.000        89943.424      89943.424
           0.800       0.000        89943.424      89943.424
           0.700       0.000        89943.424      89943.424
           0.500       0.000        89943.424      89943.424
           0.300       0.000        89943.424      89943.424
           0.200       0.000        89943.424      89943.424
           0.100       0.000        89943.424      89943.424
           0.050       0.000        89943.424      89943.424
           0.020       0.000        89943.424      89943.424
           0.010       0.000        89943.424      89943.424

    Sample-Size Adjusted BIC (n* = (n + 2) / 24)

        Mean                             89918.001
        Std Dev                              0.000
        Number of successful computations        1

             Proportions                   Percentiles
        Expected    Observed         Expected       Observed
           0.990       0.000        89918.001      89918.001
           0.980       0.000        89918.001      89918.001
           0.950       0.000        89918.001      89918.001
           0.900       0.000        89918.001      89918.001
           0.800       0.000        89918.001      89918.001
           0.700       0.000        89918.001      89918.001
           0.500       0.000        89918.001      89918.001
           0.300       0.000        89918.001      89918.001
           0.200       0.000        89918.001      89918.001
           0.100       0.000        89918.001      89918.001
           0.050       0.000        89918.001      89918.001
           0.020       0.000        89918.001      89918.001
           0.010       0.000        89918.001      89918.001

Chi-Square Test of Model Fit

        Degrees of freedom                       0

        Mean                                 0.000
        Std Dev                              0.000
        Number of successful computations        1

             Proportions                   Percentiles
        Expected    Observed         Expected       Observed
           0.990       1.000            0.000          0.000
           0.980       1.000            0.000          0.000
           0.950       1.000            0.000          0.000
           0.900       1.000            0.000          0.000
           0.800       1.000            0.000          0.000
           0.700       1.000            0.000          0.000
           0.500       1.000            0.000          0.000
           0.300       1.000            0.000          0.000
           0.200       1.000            0.000          0.000
           0.100       1.000            0.000          0.000
           0.050       1.000            0.000          0.000
           0.020       1.000            0.000          0.000
           0.010       1.000            0.000          0.000

RMSEA (Root Mean Square Error Of Approximation)

        Mean                                 0.000
        Std Dev                              0.000
        Number of successful computations        1

             Proportions                   Percentiles
        Expected    Observed         Expected       Observed
           0.990       0.000            0.000          0.000
           0.980       0.000            0.000          0.000
           0.950       0.000            0.000          0.000
           0.900       0.000            0.000          0.000
           0.800       0.000            0.000          0.000
           0.700       0.000            0.000          0.000
           0.500       0.000            0.000          0.000
           0.300       0.000            0.000          0.000
           0.200       0.000            0.000          0.000
           0.100       0.000            0.000          0.000
           0.050       0.000            0.000          0.000
           0.020       0.000            0.000          0.000
           0.010       0.000            0.000          0.000

SRMR (Standardized Root Mean Square Residual) for the WITHIN level

        Mean                                 0.000
        Std Dev                              0.000
        Number of successful computations        1

             Proportions                   Percentiles
        Expected    Observed         Expected       Observed
           0.990       0.000            0.000          0.000
           0.980       0.000            0.000          0.000
           0.950       0.000            0.000          0.000
           0.900       0.000            0.000          0.000
           0.800       0.000            0.000          0.000
           0.700       0.000            0.000          0.000
           0.500       0.000            0.000          0.000
           0.300       0.000            0.000          0.000
           0.200       0.000            0.000          0.000
           0.100       0.000            0.000          0.000
           0.050       0.000            0.000          0.000
           0.020       0.000            0.000          0.000
           0.010       0.000            0.000          0.000

SRMR (Standardized Root Mean Square Residual) for the BETWEEN level

        Mean                                 0.000
        Std Dev                              0.000
        Number of successful computations        1

             Proportions                   Percentiles
        Expected    Observed         Expected       Observed
           0.990       0.000            0.000          0.000
           0.980       0.000            0.000          0.000
           0.950       0.000            0.000          0.000
           0.900       0.000            0.000          0.000
           0.800       0.000            0.000          0.000
           0.700       0.000            0.000          0.000
           0.500       0.000            0.000          0.000
           0.300       0.000            0.000          0.000
           0.200       0.000            0.000          0.000
           0.100       0.000            0.000          0.000
           0.050       0.000            0.000          0.000
           0.020       0.000            0.000          0.000
           0.010       0.000            0.000          0.000



MODEL RESULTS

                           ESTIMATES              S. E.     M. S. E.  95%  % Sig
              Population   Average   Std. Dev.   Average             Cover Coeff
Within Level

 POST       ON
  PRE              0.800     0.8032     0.0000     0.0051     0.0000 1.000 1.000

 Variances
  PRE              0.500     4.0518     0.0000     0.0567    12.6155 0.000 1.000

 Residual Variances
  POST             1.440     1.4094     0.0000     0.0181     0.0009 1.000 1.000

Between Level

 POST       ON
  PRE              0.894     0.9469     0.0000     0.0376     0.0028 1.000 1.000

 Means
  PRE              0.000     0.0765     0.0000     0.0818     0.0058 1.000 0.000

 Intercepts
  POST             0.000     0.0212     0.0000     0.0393     0.0004 1.000 0.000

 Variances
  PRE              1.000     1.0293     0.0000     0.1090     0.0009 1.000 1.000

 Residual Variances
  POST             0.200     0.2224     0.0000     0.0275     0.0005 1.000 1.000


QUALITY OF NUMERICAL RESULTS

     Average Condition Number for the Information Matrix      0.162E-02
       (ratio of smallest to largest eigenvalue)


TECHNICAL 1 OUTPUT


     PARAMETER SPECIFICATION FOR WITHIN


           NU
              POST          PRE
              ________      ________
 1                  0             0


           LAMBDA
              POST          PRE
              ________      ________
 POST               0             0
 PRE                0             0


           THETA
              POST          PRE
              ________      ________
 POST               0
 PRE                0             0


           ALPHA
              POST          PRE
              ________      ________
 1                  0             0


           BETA
              POST          PRE
              ________      ________
 POST               0             1
 PRE                0             0


           PSI
              POST          PRE
              ________      ________
 POST               2
 PRE                0             3


     PARAMETER SPECIFICATION FOR BETWEEN


           NU
              POST          PRE
              ________      ________
 1                  0             0


           LAMBDA
              POST          PRE
              ________      ________
 POST               0             0
 PRE                0             0


           THETA
              POST          PRE
              ________      ________
 POST               0
 PRE                0             0


           ALPHA
              POST          PRE
              ________      ________
 1                  4             5


           BETA
              POST          PRE
              ________      ________
 POST               0             6
 PRE                0             0


           PSI
              POST          PRE
              ________      ________
 POST               7
 PRE                0             8


     STARTING VALUES FOR WITHIN


           NU
              POST          PRE
              ________      ________
 1              0.000         0.000


           LAMBDA
              POST          PRE
              ________      ________
 POST           1.000         0.000
 PRE            0.000         1.000


           THETA
              POST          PRE
              ________      ________
 POST           0.000
 PRE            0.000         0.000


           ALPHA
              POST          PRE
              ________      ________
 1              0.000         0.000


           BETA
              POST          PRE
              ________      ________
 POST           0.000         0.800
 PRE            0.000         0.000


           PSI
              POST          PRE
              ________      ________
 POST           1.440
 PRE            0.000         0.500


     STARTING VALUES FOR BETWEEN


           NU
              POST          PRE
              ________      ________
 1              0.000         0.000


           LAMBDA
              POST          PRE
              ________      ________
 POST           1.000         0.000
 PRE            0.000         1.000


           THETA
              POST          PRE
              ________      ________
 POST           0.000
 PRE            0.000         0.000


           ALPHA
              POST          PRE
              ________      ________
 1              0.000         0.000


           BETA
              POST          PRE
              ________      ________
 POST           0.000         0.894
 PRE            0.000         0.000


           PSI
              POST          PRE
              ________      ________
 POST           0.200
 PRE            0.000         1.000


     POPULATION VALUES FOR WITHIN


           NU
              POST          PRE
              ________      ________
 1              0.000         0.000


           LAMBDA
              POST          PRE
              ________      ________
 POST           1.000         0.000
 PRE            0.000         1.000


           THETA
              POST          PRE
              ________      ________
 POST           0.000
 PRE            0.000         0.000


           ALPHA
              POST          PRE
              ________      ________
 1              0.000         0.000


           BETA
              POST          PRE
              ________      ________
 POST           0.000         0.800
 PRE            0.000         0.000


           PSI
              POST          PRE
              ________      ________
 POST           1.440
 PRE            0.000         4.000


     POPULATION VALUES FOR BETWEEN


           NU
              POST          PRE
              ________      ________
 1              0.000         0.000


           LAMBDA
              POST          PRE
              ________      ________
 POST           1.000         0.000
 PRE            0.000         1.000


           THETA
              POST          PRE
              ________      ________
 POST           0.000
 PRE            0.000         0.000


           ALPHA
              POST          PRE
              ________      ________
 1              0.000         0.000


           BETA
              POST          PRE
              ________      ________
 POST           0.000         0.894
 PRE            0.000         0.000


           PSI
              POST          PRE
              ________      ________
 POST           0.200
 PRE            0.000         1.000


TECHNICAL 9 OUTPUT

  Error messages for each replication (if any)



SAVEDATA INFORMATION

  Order of variables

    POST
    PRE
    CLUSTER

  Save file
    variancetest.dat

  Save file format           Free
  Save file record length    10000


DIAGRAM INFORMATION

  Mplus diagrams are currently not available for multilevel analysis.
  No diagram output was produced.


     Beginning Time:  23:21:51
        Ending Time:  23:21:52
       Elapsed Time:  00:00:01



MUTHEN & MUTHEN
3463 Stoner Ave.
Los Angeles, CA  90066

Tel: (310) 391-9971
Fax: (310) 391-8971
Web: www.StatModel.com
Support: Support@StatModel.com

Copyright (c) 1998-2013 Muthen & Muthen
