Mplus VERSION 7.11
MUTHEN & MUTHEN
02/26/2015  12:42 AM

INPUT INSTRUCTIONS

  TITLE:	Monte Carlo Simulation
  for Transfer Effect
  of Intervention on Complex Problem Solving
  Assumptions:
  - Intraclass correlation coefficient = .20
  - Pretest explains 89% of between classroom variance at posttest
  - Intervention explains 10% of between classroom variance at posttest
  - 1% between classroom variance left at posttest
  - 5% Missing data on posttest

  montecarlo:
  		names are post pre int1;! int2;
  		nobservations = 120000;
  		ncsizes = 5;
  		csizes = 20 (15) 20 (20) 20 (25) 1000 (100) 1880 (10);
          cutpoints = int1 (0.5);
          PATMISS = post (.05);
  		PATPROBS = 1;
          seed = 66;
  		nreps = 1;
          between = int1;
  		save = MCTransfer.dat;

  ANALYSIS:   TYPE = TWOLEVEL;
              ESTIMATOR = MLR;

  model population:
  		
          %within%
          post*1.44;
          pre*4;
          post ON pre*0.8;

          %between%
          post*.01;
          pre*1;
          [int1*.5];
          int1*.25;
          post ON pre*1 int1*.632;
          		
  model:

          %within%
          post*1.44;

          post ON pre*0.8;

          %between%
          post*.01;



          post ON pre*1 int1*.632;


  output:
  		tech9;



INPUT READING TERMINATED NORMALLY



Monte Carlo Simulation
for Transfer Effect
of Intervention on Complex Problem Solving
Assumptions:
- Intraclass correlation coefficient = .20
- Pretest explains 89% of between classroom variance at posttest
- Intervention explains 10% of between classroom variance at posttest
- 1% between classroom variance left at posttest
- 5% Missing data on posttest

SUMMARY OF ANALYSIS

Number of groups                                                 1
Number of observations                                      120000

Number of replications
    Requested                                                    1
    Completed                                                    1
Value of seed                                                   66

Number of dependent variables                                    1
Number of independent variables                                  2
Number of continuous latent variables                            0

Observed dependent variables

  Continuous
   POST

Observed independent variables
   PRE         INT1

Variables with special functions

  Between variables
   INT1


Estimator                                                      MLR
Information matrix                                        OBSERVED
Maximum number of iterations                                   100
Convergence criterion                                    0.100D-05
Maximum number of EM iterations                                500
Convergence criteria for the EM algorithm
  Loglikelihood change                                   0.100D-02
  Relative loglikelihood change                          0.100D-05
  Derivative                                             0.100D-03
Minimum variance                                         0.100D-03
Maximum number of steepest descent iterations                   20
Maximum number of iterations for H1                           2000
Convergence criterion for H1                             0.100D-03
Optimization algorithm                                         EMA


SUMMARY OF DATA FOR THE FIRST REPLICATION

     Number of missing data patterns             1
     Cluster information

       Size (s)    Number of clusters of Size s

         10          1880
         15            20
         20            20
         25            20
        100          1000

     Average cluster size       40.816

     Estimated Intraclass Correlations for the Y Variables

                Intraclass
     Variable  Correlation

     POST         0.216


SUMMARY OF MISSING DATA PATTERNS FOR THE FIRST REPLICATION


     MISSING DATA PATTERNS (x = not missing)

           1
 POST      x
 PRE       x
 INT1      x


     MISSING DATA PATTERN FREQUENCIES

    Pattern   Frequency
          1      120000


COVARIANCE COVERAGE OF DATA FOR THE FIRST REPLICATION

Minimum covariance coverage value   0.100


     PROPORTION OF DATA PRESENT


           Covariance Coverage
              POST          PRE           INT1
              ________      ________      ________
 POST           1.000
 PRE            1.000         1.000
 INT1           1.000         1.000         1.000


SAMPLE STATISTICS FOR THE FIRST REPLICATION

NOTE:  The sample statistics for within and between refer to the
       maximum-likelihood estimated within and between covariance
       matrices, respectively.


     ESTIMATED SAMPLE STATISTICS FOR WITHIN


           Means
              POST          PRE           INT1
              ________      ________      ________
 1              0.000         0.000         0.000


           Covariances
              POST          PRE           INT1
              ________      ________      ________
 POST           4.000
 PRE            3.201         4.005
 INT1           0.000         0.000         0.000


           Correlations
              POST          PRE           INT1
              ________      ________      ________
 POST           1.000
 PRE            0.800         1.000
 INT1           0.000         0.000         0.000


     ESTIMATED SAMPLE STATISTICS FOR BETWEEN


           Means
              POST          PRE           INT1
              ________      ________      ________
 1              0.298        -0.003         0.482


           Covariances
              POST          PRE           INT1
              ________      ________      ________
 POST           1.102
 PRE            0.988         0.988
 INT1           0.159        -0.002         0.250


           Correlations
              POST          PRE           INT1
              ________      ________      ________
 POST           1.000
 PRE            0.947         1.000
 INT1           0.302        -0.003         1.000


     MAXIMUM LOG-LIKELIHOOD VALUE FOR THE UNRESTRICTED (H1) MODEL IS -449039.589




MODEL FIT INFORMATION

Number of Free Parameters                        6

Loglikelihood

    H0 Value

        Mean                           -449039.588
        Std Dev                              0.000
        Number of successful computations        1

             Proportions                   Percentiles
        Expected    Observed         Expected       Observed
           0.990       0.000      -449039.588    -449039.588
           0.980       0.000      -449039.588    -449039.588
           0.950       0.000      -449039.588    -449039.588
           0.900       0.000      -449039.588    -449039.588
           0.800       0.000      -449039.588    -449039.588
           0.700       0.000      -449039.588    -449039.588
           0.500       0.000      -449039.588    -449039.588
           0.300       0.000      -449039.588    -449039.588
           0.200       0.000      -449039.588    -449039.588
           0.100       0.000      -449039.588    -449039.588
           0.050       0.000      -449039.588    -449039.588
           0.020       0.000      -449039.588    -449039.588
           0.010       0.000      -449039.588    -449039.588

    H1 Value

        Mean                           -449039.589
        Std Dev                              0.000
        Number of successful computations        1

             Proportions                   Percentiles
        Expected    Observed         Expected       Observed
           0.990       0.000      -449039.589    -449039.589
           0.980       0.000      -449039.589    -449039.589
           0.950       0.000      -449039.589    -449039.589
           0.900       0.000      -449039.589    -449039.589
           0.800       0.000      -449039.589    -449039.589
           0.700       0.000      -449039.589    -449039.589
           0.500       0.000      -449039.589    -449039.589
           0.300       0.000      -449039.589    -449039.589
           0.200       0.000      -449039.589    -449039.589
           0.100       0.000      -449039.589    -449039.589
           0.050       0.000      -449039.589    -449039.589
           0.020       0.000      -449039.589    -449039.589
           0.010       0.000      -449039.589    -449039.589

Information Criteria

    Akaike (AIC)

        Mean                            898091.177
        Std Dev                              0.000
        Number of successful computations        1

             Proportions                   Percentiles
        Expected    Observed         Expected       Observed
           0.990       0.000       898091.177     898091.177
           0.980       0.000       898091.177     898091.177
           0.950       0.000       898091.177     898091.177
           0.900       0.000       898091.177     898091.177
           0.800       0.000       898091.177     898091.177
           0.700       0.000       898091.177     898091.177
           0.500       0.000       898091.177     898091.177
           0.300       0.000       898091.177     898091.177
           0.200       0.000       898091.177     898091.177
           0.100       0.000       898091.177     898091.177
           0.050       0.000       898091.177     898091.177
           0.020       0.000       898091.177     898091.177
           0.010       0.000       898091.177     898091.177

    Bayesian (BIC)

        Mean                            898149.348
        Std Dev                              0.000
        Number of successful computations        1

             Proportions                   Percentiles
        Expected    Observed         Expected       Observed
           0.990       0.000       898149.348     898149.348
           0.980       0.000       898149.348     898149.348
           0.950       0.000       898149.348     898149.348
           0.900       0.000       898149.348     898149.348
           0.800       0.000       898149.348     898149.348
           0.700       0.000       898149.348     898149.348
           0.500       0.000       898149.348     898149.348
           0.300       0.000       898149.348     898149.348
           0.200       0.000       898149.348     898149.348
           0.100       0.000       898149.348     898149.348
           0.050       0.000       898149.348     898149.348
           0.020       0.000       898149.348     898149.348
           0.010       0.000       898149.348     898149.348

    Sample-Size Adjusted BIC (n* = (n + 2) / 24)

        Mean                            898130.280
        Std Dev                              0.000
        Number of successful computations        1

             Proportions                   Percentiles
        Expected    Observed         Expected       Observed
           0.990       0.000       898130.280     898130.280
           0.980       0.000       898130.280     898130.280
           0.950       0.000       898130.280     898130.280
           0.900       0.000       898130.280     898130.280
           0.800       0.000       898130.280     898130.280
           0.700       0.000       898130.280     898130.280
           0.500       0.000       898130.280     898130.280
           0.300       0.000       898130.280     898130.280
           0.200       0.000       898130.280     898130.280
           0.100       0.000       898130.280     898130.280
           0.050       0.000       898130.280     898130.280
           0.020       0.000       898130.280     898130.280
           0.010       0.000       898130.280     898130.280

Chi-Square Test of Model Fit

        Degrees of freedom                       0

        Mean                                 0.000
        Std Dev                              0.000
        Number of successful computations        1

             Proportions                   Percentiles
        Expected    Observed         Expected       Observed
           0.990       0.000            0.000          0.000
           0.980       0.000            0.000          0.000
           0.950       0.000            0.000          0.000
           0.900       0.000            0.000          0.000
           0.800       0.000            0.000          0.000
           0.700       0.000            0.000          0.000
           0.500       0.000            0.000          0.000
           0.300       0.000            0.000          0.000
           0.200       0.000            0.000          0.000
           0.100       0.000            0.000          0.000
           0.050       0.000            0.000          0.000
           0.020       0.000            0.000          0.000
           0.010       0.000            0.000          0.000

RMSEA (Root Mean Square Error Of Approximation)

        Mean                                 0.000
        Std Dev                              0.000
        Number of successful computations        1

             Proportions                   Percentiles
        Expected    Observed         Expected       Observed
           0.990       0.000            0.000          0.000
           0.980       0.000            0.000          0.000
           0.950       0.000            0.000          0.000
           0.900       0.000            0.000          0.000
           0.800       0.000            0.000          0.000
           0.700       0.000            0.000          0.000
           0.500       0.000            0.000          0.000
           0.300       0.000            0.000          0.000
           0.200       0.000            0.000          0.000
           0.100       0.000            0.000          0.000
           0.050       0.000            0.000          0.000
           0.020       0.000            0.000          0.000
           0.010       0.000            0.000          0.000

SRMR (Standardized Root Mean Square Residual) for the WITHIN level

        Mean                                 0.000
        Std Dev                              0.000
        Number of successful computations        1

             Proportions                   Percentiles
        Expected    Observed         Expected       Observed
           0.990       0.000            0.000          0.000
           0.980       0.000            0.000          0.000
           0.950       0.000            0.000          0.000
           0.900       0.000            0.000          0.000
           0.800       0.000            0.000          0.000
           0.700       0.000            0.000          0.000
           0.500       0.000            0.000          0.000
           0.300       0.000            0.000          0.000
           0.200       0.000            0.000          0.000
           0.100       0.000            0.000          0.000
           0.050       0.000            0.000          0.000
           0.020       0.000            0.000          0.000
           0.010       0.000            0.000          0.000

SRMR (Standardized Root Mean Square Residual) for the BETWEEN level

        Mean                                 0.000
        Std Dev                              0.000
        Number of successful computations        1

             Proportions                   Percentiles
        Expected    Observed         Expected       Observed
           0.990       0.000            0.000          0.000
           0.980       0.000            0.000          0.000
           0.950       0.000            0.000          0.000
           0.900       0.000            0.000          0.000
           0.800       0.000            0.000          0.000
           0.700       0.000            0.000          0.000
           0.500       0.000            0.000          0.000
           0.300       0.000            0.000          0.000
           0.200       0.000            0.000          0.000
           0.100       0.000            0.000          0.000
           0.050       0.000            0.000          0.000
           0.020       0.000            0.000          0.000
           0.010       0.000            0.000          0.000



MODEL RESULTS

                           ESTIMATES              S. E.     M. S. E.  95%  % Sig
              Population   Average   Std. Dev.   Average             Cover Coeff
Within Level

 POST       ON
  PRE              0.800     0.7994     0.0000     0.0018     0.0000 1.000 1.000

 Residual Variances
  POST             1.440     1.4415     0.0000     0.0060     0.0000 1.000 1.000

Between Level

 POST       ON
  PRE              1.000     1.0014     0.0000     0.0049     0.0000 1.000 1.000
  INT1             0.632     0.6411     0.0000     0.0091     0.0001 1.000 1.000

 Intercepts
  POST             0.000    -0.0075     0.0000     0.0064     0.0001 1.000 0.000

 Residual Variances
  POST             0.010     0.0111     0.0000     0.0012     0.0000 1.000 1.000


QUALITY OF NUMERICAL RESULTS

     Average Condition Number for the Information Matrix      0.891E-04
       (ratio of smallest to largest eigenvalue)


TECHNICAL 1 OUTPUT


     PARAMETER SPECIFICATION FOR WITHIN


           NU
              POST          PRE           INT1
              ________      ________      ________
 1                  0             0             0


           LAMBDA
              POST          PRE           INT1
              ________      ________      ________
 POST               0             0             0
 PRE                0             0             0
 INT1               0             0             0


           THETA
              POST          PRE           INT1
              ________      ________      ________
 POST               0
 PRE                0             0
 INT1               0             0             0


           ALPHA
              POST          PRE           INT1
              ________      ________      ________
 1                  0             0             0


           BETA
              POST          PRE           INT1
              ________      ________      ________
 POST               0             1             0
 PRE                0             0             0
 INT1               0             0             0


           PSI
              POST          PRE           INT1
              ________      ________      ________
 POST               2
 PRE                0             0
 INT1               0             0             0


     PARAMETER SPECIFICATION FOR BETWEEN


           NU
              POST          PRE           INT1
              ________      ________      ________
 1                  0             0             0


           LAMBDA
              POST          PRE           INT1
              ________      ________      ________
 POST               0             0             0
 PRE                0             0             0
 INT1               0             0             0


           THETA
              POST          PRE           INT1
              ________      ________      ________
 POST               0
 PRE                0             0
 INT1               0             0             0


           ALPHA
              POST          PRE           INT1
              ________      ________      ________
 1                  3             0             0


           BETA
              POST          PRE           INT1
              ________      ________      ________
 POST               0             4             5
 PRE                0             0             0
 INT1               0             0             0


           PSI
              POST          PRE           INT1
              ________      ________      ________
 POST               6
 PRE                0             0
 INT1               0             0             0


     STARTING VALUES FOR WITHIN


           NU
              POST          PRE           INT1
              ________      ________      ________
 1              0.000         0.000         0.000


           LAMBDA
              POST          PRE           INT1
              ________      ________      ________
 POST           1.000         0.000         0.000
 PRE            0.000         1.000         0.000
 INT1           0.000         0.000         1.000


           THETA
              POST          PRE           INT1
              ________      ________      ________
 POST           0.000
 PRE            0.000         0.000
 INT1           0.000         0.000         0.000


           ALPHA
              POST          PRE           INT1
              ________      ________      ________
 1              0.000         0.000         0.000


           BETA
              POST          PRE           INT1
              ________      ________      ________
 POST           0.000         0.800         0.000
 PRE            0.000         0.000         0.000
 INT1           0.000         0.000         0.000


           PSI
              POST          PRE           INT1
              ________      ________      ________
 POST           1.440
 PRE            0.000         0.500
 INT1           0.000         0.000         0.000


     STARTING VALUES FOR BETWEEN


           NU
              POST          PRE           INT1
              ________      ________      ________
 1              0.000         0.000         0.000


           LAMBDA
              POST          PRE           INT1
              ________      ________      ________
 POST           1.000         0.000         0.000
 PRE            0.000         1.000         0.000
 INT1           0.000         0.000         1.000


           THETA
              POST          PRE           INT1
              ________      ________      ________
 POST           0.000
 PRE            0.000         0.000
 INT1           0.000         0.000         0.000


           ALPHA
              POST          PRE           INT1
              ________      ________      ________
 1              0.000         0.000         0.000


           BETA
              POST          PRE           INT1
              ________      ________      ________
 POST           0.000         1.000         0.632
 PRE            0.000         0.000         0.000
 INT1           0.000         0.000         0.000


           PSI
              POST          PRE           INT1
              ________      ________      ________
 POST           0.010
 PRE            0.000         0.500
 INT1           0.000         0.000         0.500


     POPULATION VALUES FOR WITHIN


           NU
              POST          PRE           INT1
              ________      ________      ________
 1              0.000         0.000         0.000


           LAMBDA
              POST          PRE           INT1
              ________      ________      ________
 POST           1.000         0.000         0.000
 PRE            0.000         1.000         0.000
 INT1           0.000         0.000         1.000


           THETA
              POST          PRE           INT1
              ________      ________      ________
 POST           0.000
 PRE            0.000         0.000
 INT1           0.000         0.000         0.000


           ALPHA
              POST          PRE           INT1
              ________      ________      ________
 1              0.000         0.000         0.000


           BETA
              POST          PRE           INT1
              ________      ________      ________
 POST           0.000         0.800         0.000
 PRE            0.000         0.000         0.000
 INT1           0.000         0.000         0.000


           PSI
              POST          PRE           INT1
              ________      ________      ________
 POST           1.440
 PRE            0.000         4.000
 INT1           0.000         0.000         0.000


     POPULATION VALUES FOR BETWEEN


           NU
              POST          PRE           INT1
              ________      ________      ________
 1              0.000         0.000         0.000


           LAMBDA
              POST          PRE           INT1
              ________      ________      ________
 POST           1.000         0.000         0.000
 PRE            0.000         1.000         0.000
 INT1           0.000         0.000         1.000


           THETA
              POST          PRE           INT1
              ________      ________      ________
 POST           0.000
 PRE            0.000         0.000
 INT1           0.000         0.000         0.000


           ALPHA
              POST          PRE           INT1
              ________      ________      ________
 1              0.000         0.000         0.500


           BETA
              POST          PRE           INT1
              ________      ________      ________
 POST           0.000         1.000         0.632
 PRE            0.000         0.000         0.000
 INT1           0.000         0.000         0.000


           PSI
              POST          PRE           INT1
              ________      ________      ________
 POST           0.010
 PRE            0.000         1.000
 INT1           0.000         0.000         0.250


TECHNICAL 9 OUTPUT

  Error messages for each replication (if any)



SAVEDATA INFORMATION

  Order of variables

    POST
    PRE
    INT1
    PATTERN
    CLUSTER

  Save file
    MCTransfer.dat

  Save file format           Free
  Save file record length    10000
  Missing designated by 999


DIAGRAM INFORMATION

  Mplus diagrams are currently not available for multilevel analysis.
  No diagram output was produced.


     Beginning Time:  00:42:34
        Ending Time:  00:42:38
       Elapsed Time:  00:00:04



MUTHEN & MUTHEN
3463 Stoner Ave.
Los Angeles, CA  90066

Tel: (310) 391-9971
Fax: (310) 391-8971
Web: www.StatModel.com
Support: Support@StatModel.com

Copyright (c) 1998-2013 Muthen & Muthen
