Mplus VERSION 7.11
MUTHEN & MUTHEN
02/26/2015   3:23 PM

INPUT INSTRUCTIONS

  TITLE:	Monte Carlo Simulation
  for Transfer Effect
  of Intervention on Complex Problem Solving
  Assumptions:
  - Intraclass correlation coefficient = .20
  - Pretest explains 89% of between classroom variance at posttest
  - Intervention explains 10% of between classroom variance at posttest
  - 5% between classroom variance left unexplained at posttest
  - 5% Missing data on posttest

  montecarlo:
    		names are post pre est mint;
    		nobservations = 500000;
    		ncsizes = 1;
          ! Classroom sample: Overall 40 Classrooms with 10 - 30 children
    		csizes = 5(100000); ! Number and size of the 40 classrooms
          ! Define intervention variable (>.5 = intervention group; see 2010 Mediation-artic
          cutpoints = est (.5) mint (.5);
          ! Define missing values
          PATMISS = post (.10); ! 10% of posttest-data on Complex Problem Solving are missin
    		PATPROBS = 1;
          ! Define seed for quasi-random number generation
          seed = 667;
          ! Define number of Monte Carlo draws from the population
    		nreps = 1;
          ! Define variables on second level (school class level)
            between = est mint; ! The interventions happen on the classroom level
          !save = MCTransfer_*.dat; ! Activate to save sampled data
          !repsave = all;         ! Activate to save sampled data

  ANALYSIS:   TYPE = TWOLEVEL;
              !ESTIMATOR = MLR;

  model population:
  		
          %within%
          ! Posttest-residual variance
          post*2; ! Retest-reliability .80 20% variance not explained by pre-test
          pre*10; ! Pretest-variance
          post ON pre*.894;

          %between%
          post*.10;
          pre*1;
          [est*.5];
          est*.25;
          [mint*.5];
          mint*.25;
          post ON pre*.949 est*.447 mint*.447;
          		
  model:

          %within%
          post*2;

          post ON pre*.894;

          %between%
          post*.10;



          post ON pre*.949 est*.447 mint*.447;



  output:
  		tech9;



*** WARNING
  Input line exceeded 90 characters. Some input may be truncated.
          ! Define intervention variable (>.5 = intervention group; see 2010 Mediation-articl
*** WARNING
  Input line exceeded 90 characters. Some input may be truncated.
          PATMISS = post (.10); ! 10% of posttest-data on Complex Problem Solving are missing
   2 WARNING(S) FOUND IN THE INPUT INSTRUCTIONS



Monte Carlo Simulation
for Transfer Effect
of Intervention on Complex Problem Solving
Assumptions:
- Intraclass correlation coefficient = .20
- Pretest explains 89% of between classroom variance at posttest
- Intervention explains 10% of between classroom variance at posttest
- 5% between classroom variance left unexplained at posttest
- 5% Missing data on posttest

SUMMARY OF ANALYSIS

Number of groups                                                 1
Number of observations                                      500000

Number of replications
    Requested                                                    1
    Completed                                                    1
Value of seed                                                  667

Number of dependent variables                                    1
Number of independent variables                                  3
Number of continuous latent variables                            0

Observed dependent variables

  Continuous
   POST

Observed independent variables
   PRE         EST         MINT

Variables with special functions

  Between variables
   EST         MINT


Estimator                                                      MLR
Information matrix                                        OBSERVED
Maximum number of iterations                                   100
Convergence criterion                                    0.100D-05
Maximum number of EM iterations                                500
Convergence criteria for the EM algorithm
  Loglikelihood change                                   0.100D-02
  Relative loglikelihood change                          0.100D-05
  Derivative                                             0.100D-03
Minimum variance                                         0.100D-03
Maximum number of steepest descent iterations                   20
Maximum number of iterations for H1                           2000
Convergence criterion for H1                             0.100D-03
Optimization algorithm                                         EMA


SUMMARY OF DATA FOR THE FIRST REPLICATION

     Number of missing data patterns             1
     Cluster information

       Size (s)    Number of clusters of Size s

     100000             5

     Average cluster size   100000.000

     Estimated Intraclass Correlations for the Y Variables

                Intraclass
     Variable  Correlation

     POST         0.099


SUMMARY OF MISSING DATA PATTERNS FOR THE FIRST REPLICATION


     MISSING DATA PATTERNS (x = not missing)

           1
 POST      x
 PRE       x
 EST       x
 MINT      x


     MISSING DATA PATTERN FREQUENCIES

    Pattern   Frequency
          1      500000


COVARIANCE COVERAGE OF DATA FOR THE FIRST REPLICATION

Minimum covariance coverage value   0.100


     PROPORTION OF DATA PRESENT


           Covariance Coverage
              POST          PRE           EST           MINT
              ________      ________      ________      ________
 POST           1.000
 PRE            1.000         1.000
 EST            1.000         1.000         1.000
 MINT           1.000         1.000         1.000         1.000


SAMPLE STATISTICS FOR THE FIRST REPLICATION

NOTE:  The sample statistics for within and between refer to the
       maximum-likelihood estimated within and between covariance
       matrices, respectively.


     ESTIMATED SAMPLE STATISTICS FOR WITHIN


           Means
              POST          PRE           EST           MINT
              ________      ________      ________      ________
 1              0.000         0.000         0.000         0.000


           Covariances
              POST          PRE           EST           MINT
              ________      ________      ________      ________
 POST           9.983
 PRE            8.945        10.013
 EST            0.000         0.000         0.000
 MINT           0.000         0.000         0.000         0.000


           Correlations
              POST          PRE           EST           MINT
              ________      ________      ________      ________
 POST           1.000
 PRE            0.895         1.000
 EST            0.000         0.000         0.000
 MINT           0.000         0.000         0.000         0.000


     ESTIMATED SAMPLE STATISTICS FOR BETWEEN


           Means
              POST          PRE           EST           MINT
              ________      ________      ________      ________
 1              0.260        -0.181         0.200         0.400


           Covariances
              POST          PRE           EST           MINT
              ________      ________      ________      ________
 POST           1.102
 PRE            0.909         0.760
 EST           -0.133        -0.081         0.160
 MINT           0.142         0.136        -0.080         0.240


           Correlations
              POST          PRE           EST           MINT
              ________      ________      ________      ________
 POST           1.000
 PRE            0.993         1.000
 EST           -0.316        -0.233         1.000
 MINT           0.276         0.319        -0.408         1.000


     MAXIMUM LOG-LIKELIHOOD VALUE FOR THE UNRESTRICTED (H1) MODEL IS -2167302.122




MODEL FIT INFORMATION

Number of Free Parameters                        7

Loglikelihood

    H0 Value

        Mean                          -2167302.156
        Std Dev                              0.000
        Number of successful computations        1

             Proportions                   Percentiles
        Expected    Observed         Expected       Observed
           0.990       0.000     -2167302.156   -2167302.156
           0.980       0.000     -2167302.156   -2167302.156
           0.950       0.000     -2167302.156   -2167302.156
           0.900       0.000     -2167302.156   -2167302.156
           0.800       0.000     -2167302.156   -2167302.156
           0.700       0.000     -2167302.156   -2167302.156
           0.500       0.000     -2167302.156   -2167302.156
           0.300       0.000     -2167302.156   -2167302.156
           0.200       0.000     -2167302.156   -2167302.156
           0.100       0.000     -2167302.156   -2167302.156
           0.050       0.000     -2167302.156   -2167302.156
           0.020       0.000     -2167302.156   -2167302.156
           0.010       0.000     -2167302.156   -2167302.156

    H1 Value

        Mean                          -2167302.122
        Std Dev                              0.000
        Number of successful computations        1

             Proportions                   Percentiles
        Expected    Observed         Expected       Observed
           0.990       0.000     -2167302.122   -2167302.122
           0.980       0.000     -2167302.122   -2167302.122
           0.950       0.000     -2167302.122   -2167302.122
           0.900       0.000     -2167302.122   -2167302.122
           0.800       0.000     -2167302.122   -2167302.122
           0.700       0.000     -2167302.122   -2167302.122
           0.500       0.000     -2167302.122   -2167302.122
           0.300       0.000     -2167302.122   -2167302.122
           0.200       0.000     -2167302.122   -2167302.122
           0.100       0.000     -2167302.122   -2167302.122
           0.050       0.000     -2167302.122   -2167302.122
           0.020       0.000     -2167302.122   -2167302.122
           0.010       0.000     -2167302.122   -2167302.122

Information Criteria

    Akaike (AIC)

        Mean                           4334618.312
        Std Dev                              0.000
        Number of successful computations        1

             Proportions                   Percentiles
        Expected    Observed         Expected       Observed
           0.990       0.000      4334618.312    4334618.312
           0.980       0.000      4334618.312    4334618.312
           0.950       0.000      4334618.312    4334618.312
           0.900       0.000      4334618.312    4334618.312
           0.800       0.000      4334618.312    4334618.312
           0.700       0.000      4334618.312    4334618.312
           0.500       0.000      4334618.312    4334618.312
           0.300       0.000      4334618.312    4334618.312
           0.200       0.000      4334618.312    4334618.312
           0.100       0.000      4334618.312    4334618.312
           0.050       0.000      4334618.312    4334618.312
           0.020       0.000      4334618.312    4334618.312
           0.010       0.000      4334618.312    4334618.312

    Bayesian (BIC)

        Mean                           4334696.168
        Std Dev                              0.000
        Number of successful computations        1

             Proportions                   Percentiles
        Expected    Observed         Expected       Observed
           0.990       0.000      4334696.168    4334696.168
           0.980       0.000      4334696.168    4334696.168
           0.950       0.000      4334696.168    4334696.168
           0.900       0.000      4334696.168    4334696.168
           0.800       0.000      4334696.168    4334696.168
           0.700       0.000      4334696.168    4334696.168
           0.500       0.000      4334696.168    4334696.168
           0.300       0.000      4334696.168    4334696.168
           0.200       0.000      4334696.168    4334696.168
           0.100       0.000      4334696.168    4334696.168
           0.050       0.000      4334696.168    4334696.168
           0.020       0.000      4334696.168    4334696.168
           0.010       0.000      4334696.168    4334696.168

    Sample-Size Adjusted BIC (n* = (n + 2) / 24)

        Mean                           4334673.922
        Std Dev                              0.000
        Number of successful computations        1

             Proportions                   Percentiles
        Expected    Observed         Expected       Observed
           0.990       0.000      4334673.922    4334673.922
           0.980       0.000      4334673.922    4334673.922
           0.950       0.000      4334673.922    4334673.922
           0.900       0.000      4334673.922    4334673.922
           0.800       0.000      4334673.922    4334673.922
           0.700       0.000      4334673.922    4334673.922
           0.500       0.000      4334673.922    4334673.922
           0.300       0.000      4334673.922    4334673.922
           0.200       0.000      4334673.922    4334673.922
           0.100       0.000      4334673.922    4334673.922
           0.050       0.000      4334673.922    4334673.922
           0.020       0.000      4334673.922    4334673.922
           0.010       0.000      4334673.922    4334673.922

Chi-Square Test of Model Fit

        Degrees of freedom                       0

        Mean                                 0.068
        Std Dev                              0.000
        Number of successful computations        1

             Proportions                   Percentiles
        Expected    Observed         Expected       Observed
           0.990       1.000            0.000          0.068
           0.980       1.000            0.000          0.068
           0.950       1.000            0.000          0.068
           0.900       1.000            0.000          0.068
           0.800       1.000            0.000          0.068
           0.700       1.000            0.000          0.068
           0.500       1.000            0.000          0.068
           0.300       1.000            0.000          0.068
           0.200       1.000            0.000          0.068
           0.100       1.000            0.000          0.068
           0.050       1.000            0.000          0.068
           0.020       1.000            0.000          0.068
           0.010       1.000            0.000          0.068

RMSEA (Root Mean Square Error Of Approximation)

        Mean                                 0.000
        Std Dev                              0.000
        Number of successful computations        1

             Proportions                   Percentiles
        Expected    Observed         Expected       Observed
           0.990       0.000            0.000          0.000
           0.980       0.000            0.000          0.000
           0.950       0.000            0.000          0.000
           0.900       0.000            0.000          0.000
           0.800       0.000            0.000          0.000
           0.700       0.000            0.000          0.000
           0.500       0.000            0.000          0.000
           0.300       0.000            0.000          0.000
           0.200       0.000            0.000          0.000
           0.100       0.000            0.000          0.000
           0.050       0.000            0.000          0.000
           0.020       0.000            0.000          0.000
           0.010       0.000            0.000          0.000

SRMR (Standardized Root Mean Square Residual) for the WITHIN level

        Mean                                 0.000
        Std Dev                              0.000
        Number of successful computations        1

             Proportions                   Percentiles
        Expected    Observed         Expected       Observed
           0.990       0.000            0.000          0.000
           0.980       0.000            0.000          0.000
           0.950       0.000            0.000          0.000
           0.900       0.000            0.000          0.000
           0.800       0.000            0.000          0.000
           0.700       0.000            0.000          0.000
           0.500       0.000            0.000          0.000
           0.300       0.000            0.000          0.000
           0.200       0.000            0.000          0.000
           0.100       0.000            0.000          0.000
           0.050       0.000            0.000          0.000
           0.020       0.000            0.000          0.000
           0.010       0.000            0.000          0.000

SRMR (Standardized Root Mean Square Residual) for the BETWEEN level

        Mean                                 0.000
        Std Dev                              0.000
        Number of successful computations        1

             Proportions                   Percentiles
        Expected    Observed         Expected       Observed
           0.990       0.000            0.000          0.000
           0.980       0.000            0.000          0.000
           0.950       0.000            0.000          0.000
           0.900       0.000            0.000          0.000
           0.800       0.000            0.000          0.000
           0.700       0.000            0.000          0.000
           0.500       0.000            0.000          0.000
           0.300       0.000            0.000          0.000
           0.200       0.000            0.000          0.000
           0.100       0.000            0.000          0.000
           0.050       0.000            0.000          0.000
           0.020       0.000            0.000          0.000
           0.010       0.000            0.000          0.000



MODEL RESULTS

                           ESTIMATES              S. E.     M. S. E.  95%  % Sig
              Population   Average   Std. Dev.   Average             Cover Coeff
Within Level

 POST       ON
  PRE              0.894     0.8933     0.0000     0.0007     0.0000 1.000 1.000

 Residual Variances
  POST             2.000     1.9927     0.0000     0.0017     0.0001 0.000 1.000

Between Level

 POST       ON
  PRE              0.949     1.1968     0.0000     0.0009     0.0614 0.000 1.000
  EST              0.447    -0.3189     0.0000     0.0019     0.5866 0.000 1.000
  MINT             0.447    -0.1946     0.0000     0.0021     0.4116 0.000 1.000

 Intercepts
  POST             0.000     0.6181     0.0000     0.0019     0.3820 0.000 1.000

 Residual Variances
  POST             0.100     0.0000     0.0000     0.0000     0.0100 0.000 1.000


QUALITY OF NUMERICAL RESULTS

     Average Condition Number for the Information Matrix     -0.217E+01
       (ratio of smallest to largest eigenvalue)


TECHNICAL 1 OUTPUT


     PARAMETER SPECIFICATION FOR WITHIN


           NU
              POST          PRE           EST           MINT
              ________      ________      ________      ________
 1                  0             0             0             0


           LAMBDA
              POST          PRE           EST           MINT
              ________      ________      ________      ________
 POST               0             0             0             0
 PRE                0             0             0             0
 EST                0             0             0             0
 MINT               0             0             0             0


           THETA
              POST          PRE           EST           MINT
              ________      ________      ________      ________
 POST               0
 PRE                0             0
 EST                0             0             0
 MINT               0             0             0             0


           ALPHA
              POST          PRE           EST           MINT
              ________      ________      ________      ________
 1                  0             0             0             0


           BETA
              POST          PRE           EST           MINT
              ________      ________      ________      ________
 POST               0             1             0             0
 PRE                0             0             0             0
 EST                0             0             0             0
 MINT               0             0             0             0


           PSI
              POST          PRE           EST           MINT
              ________      ________      ________      ________
 POST               2
 PRE                0             0
 EST                0             0             0
 MINT               0             0             0             0


     PARAMETER SPECIFICATION FOR BETWEEN


           NU
              POST          PRE           EST           MINT
              ________      ________      ________      ________
 1                  0             0             0             0


           LAMBDA
              POST          PRE           EST           MINT
              ________      ________      ________      ________
 POST               0             0             0             0
 PRE                0             0             0             0
 EST                0             0             0             0
 MINT               0             0             0             0


           THETA
              POST          PRE           EST           MINT
              ________      ________      ________      ________
 POST               0
 PRE                0             0
 EST                0             0             0
 MINT               0             0             0             0


           ALPHA
              POST          PRE           EST           MINT
              ________      ________      ________      ________
 1                  3             0             0             0


           BETA
              POST          PRE           EST           MINT
              ________      ________      ________      ________
 POST               0             4             5             6
 PRE                0             0             0             0
 EST                0             0             0             0
 MINT               0             0             0             0


           PSI
              POST          PRE           EST           MINT
              ________      ________      ________      ________
 POST               7
 PRE                0             0
 EST                0             0             0
 MINT               0             0             0             0


     STARTING VALUES FOR WITHIN


           NU
              POST          PRE           EST           MINT
              ________      ________      ________      ________
 1              0.000         0.000         0.000         0.000


           LAMBDA
              POST          PRE           EST           MINT
              ________      ________      ________      ________
 POST           1.000         0.000         0.000         0.000
 PRE            0.000         1.000         0.000         0.000
 EST            0.000         0.000         1.000         0.000
 MINT           0.000         0.000         0.000         1.000


           THETA
              POST          PRE           EST           MINT
              ________      ________      ________      ________
 POST           0.000
 PRE            0.000         0.000
 EST            0.000         0.000         0.000
 MINT           0.000         0.000         0.000         0.000


           ALPHA
              POST          PRE           EST           MINT
              ________      ________      ________      ________
 1              0.000         0.000         0.000         0.000


           BETA
              POST          PRE           EST           MINT
              ________      ________      ________      ________
 POST           0.000         0.894         0.000         0.000
 PRE            0.000         0.000         0.000         0.000
 EST            0.000         0.000         0.000         0.000
 MINT           0.000         0.000         0.000         0.000


           PSI
              POST          PRE           EST           MINT
              ________      ________      ________      ________
 POST           2.000
 PRE            0.000         0.500
 EST            0.000         0.000         0.000
 MINT           0.000         0.000         0.000         0.000


     STARTING VALUES FOR BETWEEN


           NU
              POST          PRE           EST           MINT
              ________      ________      ________      ________
 1              0.000         0.000         0.000         0.000


           LAMBDA
              POST          PRE           EST           MINT
              ________      ________      ________      ________
 POST           1.000         0.000         0.000         0.000
 PRE            0.000         1.000         0.000         0.000
 EST            0.000         0.000         1.000         0.000
 MINT           0.000         0.000         0.000         1.000


           THETA
              POST          PRE           EST           MINT
              ________      ________      ________      ________
 POST           0.000
 PRE            0.000         0.000
 EST            0.000         0.000         0.000
 MINT           0.000         0.000         0.000         0.000


           ALPHA
              POST          PRE           EST           MINT
              ________      ________      ________      ________
 1              0.000         0.000         0.000         0.000


           BETA
              POST          PRE           EST           MINT
              ________      ________      ________      ________
 POST           0.000         0.949         0.447         0.447
 PRE            0.000         0.000         0.000         0.000
 EST            0.000         0.000         0.000         0.000
 MINT           0.000         0.000         0.000         0.000


           PSI
              POST          PRE           EST           MINT
              ________      ________      ________      ________
 POST           0.100
 PRE            0.000         0.500
 EST            0.000         0.000         0.500
 MINT           0.000         0.000         0.000         0.500


     POPULATION VALUES FOR WITHIN


           NU
              POST          PRE           EST           MINT
              ________      ________      ________      ________
 1              0.000         0.000         0.000         0.000


           LAMBDA
              POST          PRE           EST           MINT
              ________      ________      ________      ________
 POST           1.000         0.000         0.000         0.000
 PRE            0.000         1.000         0.000         0.000
 EST            0.000         0.000         1.000         0.000
 MINT           0.000         0.000         0.000         1.000


           THETA
              POST          PRE           EST           MINT
              ________      ________      ________      ________
 POST           0.000
 PRE            0.000         0.000
 EST            0.000         0.000         0.000
 MINT           0.000         0.000         0.000         0.000


           ALPHA
              POST          PRE           EST           MINT
              ________      ________      ________      ________
 1              0.000         0.000         0.000         0.000


           BETA
              POST          PRE           EST           MINT
              ________      ________      ________      ________
 POST           0.000         0.894         0.000         0.000
 PRE            0.000         0.000         0.000         0.000
 EST            0.000         0.000         0.000         0.000
 MINT           0.000         0.000         0.000         0.000


           PSI
              POST          PRE           EST           MINT
              ________      ________      ________      ________
 POST           2.000
 PRE            0.000        10.000
 EST            0.000         0.000         0.000
 MINT           0.000         0.000         0.000         0.000


     POPULATION VALUES FOR BETWEEN


           NU
              POST          PRE           EST           MINT
              ________      ________      ________      ________
 1              0.000         0.000         0.000         0.000


           LAMBDA
              POST          PRE           EST           MINT
              ________      ________      ________      ________
 POST           1.000         0.000         0.000         0.000
 PRE            0.000         1.000         0.000         0.000
 EST            0.000         0.000         1.000         0.000
 MINT           0.000         0.000         0.000         1.000


           THETA
              POST          PRE           EST           MINT
              ________      ________      ________      ________
 POST           0.000
 PRE            0.000         0.000
 EST            0.000         0.000         0.000
 MINT           0.000         0.000         0.000         0.000


           ALPHA
              POST          PRE           EST           MINT
              ________      ________      ________      ________
 1              0.000         0.000         0.500         0.500


           BETA
              POST          PRE           EST           MINT
              ________      ________      ________      ________
 POST           0.000         0.949         0.447         0.447
 PRE            0.000         0.000         0.000         0.000
 EST            0.000         0.000         0.000         0.000
 MINT           0.000         0.000         0.000         0.000


           PSI
              POST          PRE           EST           MINT
              ________      ________      ________      ________
 POST           0.100
 PRE            0.000         1.000
 EST            0.000         0.000         0.250
 MINT           0.000         0.000         0.000         0.250


TECHNICAL 9 OUTPUT

  Error messages for each replication (if any)

     REPLICATION 1:
     WARNING: THE MODEL ESTIMATION HAS REACHED A SADDLE POINT OR A POINT WHERE THE
     OBSERVED AND THE EXPECTED INFORMATION MATRICES DO NOT MATCH.
     AN ADJUSTMENT TO THE ESTIMATION OF THE INFORMATION MATRIX HAS BEEN MADE.
     THE CONDITION NUMBER IS      -0.217D+01.
     THE PROBLEM MAY ALSO BE RESOLVED BY DECREASING THE VALUE OF THE
     MCONVERGENCE OR LOGCRITERION OPTIONS OR BY CHANGING THE STARTING VALUES
     OR BY USING THE MLF ESTIMATOR.

     REPLICATION 1:
     THE STANDARD ERRORS OF THE MODEL PARAMETER ESTIMATES MAY NOT BE
     TRUSTWORTHY FOR SOME PARAMETERS DUE TO A NON-POSITIVE DEFINITE
     FIRST-ORDER DERIVATIVE PRODUCT MATRIX.  THIS MAY BE DUE TO THE STARTING
     VALUES BUT MAY ALSO BE AN INDICATION OF MODEL NONIDENTIFICATION.  THE
     CONDITION NUMBER IS      -0.245D-18.  PROBLEM INVOLVING PARAMETER 7.

     THE NONIDENTIFICATION IS MOST LIKELY DUE TO HAVING MORE PARAMETERS THAN THE
     NUMBER OF CLUSTERS. REDUCE THE NUMBER OF PARAMETERS.



DIAGRAM INFORMATION

  Mplus diagrams are currently not available for multilevel analysis.
  No diagram output was produced.


     Beginning Time:  15:23:37
        Ending Time:  15:24:02
       Elapsed Time:  00:00:25



MUTHEN & MUTHEN
3463 Stoner Ave.
Los Angeles, CA  90066

Tel: (310) 391-9971
Fax: (310) 391-8971
Web: www.StatModel.com
Support: Support@StatModel.com

Copyright (c) 1998-2013 Muthen & Muthen
