Mplus VERSION 7.11
MUTHEN & MUTHEN
02/26/2015   1:41 AM

INPUT INSTRUCTIONS

  TITLE:	Monte Carlo Simulation
  for Transfer Effect
  of Intervention on Complex Problem Solving
  Assumptions:
  - Intraclass correlation coefficient = .20
  - Pretest explains 89% of between classroom variance at posttest
  - Intervention explains 10% of between classroom variance at posttest
  - 10% between classroom variance left at posttest
  - 5% Missing data on posttest

  montecarlo:
  		names are post pre est mint;
  		nobservations = 1200;
  		ncsizes = 3;
  		csizes = 20 (15) 20 (20) 20 (25);! 1000 (100) 1880 (10);
          cutpoints = est (.5) mint (.5);
          PATMISS = post (.05);
  		PATPROBS = 1;
          seed = 666;
  		nreps = 1000;
          between = est mint;
  		save = MCTransfer_*.dat;
          repsave = all;

  !DEFINE:
  !        int = est*mint;

  ANALYSIS:   TYPE = TWOLEVEL;
              ESTIMATOR = MLR;

  model population:
  		
          %within%
          post*1.44;
          pre*4;
          post ON pre*.8;

          %between%
          post*.10;
          pre*1;
          [est*.5];
          est*.25;
          [mint*.5];
          mint*.25;
          post ON pre*1 est*.447 mint*.447;
          		
  model:

          %within%
          post*1.44;

          post ON pre*.8;

          %between%
          post*.10;



          post ON pre*1 est*.447 mint*.447;



  output:
  		tech9;



INPUT READING TERMINATED NORMALLY



Monte Carlo Simulation
for Transfer Effect
of Intervention on Complex Problem Solving
Assumptions:
- Intraclass correlation coefficient = .20
- Pretest explains 89% of between classroom variance at posttest
- Intervention explains 10% of between classroom variance at posttest
- 10% between classroom variance left at posttest
- 5% Missing data on posttest

SUMMARY OF ANALYSIS

Number of groups                                                 1
Number of observations                                        1200

Number of replications
    Requested                                                 1000
    Completed                                                 1000
Value of seed                                                  666

Number of dependent variables                                    1
Number of independent variables                                  3
Number of continuous latent variables                            0

Observed dependent variables

  Continuous
   POST

Observed independent variables
   PRE         EST         MINT

Variables with special functions

  Between variables
   EST         MINT


Estimator                                                      MLR
Information matrix                                        OBSERVED
Maximum number of iterations                                   100
Convergence criterion                                    0.100D-05
Maximum number of EM iterations                                500
Convergence criteria for the EM algorithm
  Loglikelihood change                                   0.100D-02
  Relative loglikelihood change                          0.100D-05
  Derivative                                             0.100D-03
Minimum variance                                         0.100D-03
Maximum number of steepest descent iterations                   20
Maximum number of iterations for H1                           2000
Convergence criterion for H1                             0.100D-03
Optimization algorithm                                         EMA


SUMMARY OF DATA FOR THE FIRST REPLICATION

     Number of missing data patterns             1
     Cluster information

       Size (s)    Number of clusters of Size s

         15            20
         20            20
         25            20

     Average cluster size       20.000

     Estimated Intraclass Correlations for the Y Variables

                Intraclass
     Variable  Correlation

     POST         0.169


SUMMARY OF MISSING DATA PATTERNS FOR THE FIRST REPLICATION


     MISSING DATA PATTERNS (x = not missing)

           1
 POST      x
 PRE       x
 EST       x
 MINT      x


     MISSING DATA PATTERN FREQUENCIES

    Pattern   Frequency
          1        1200


COVARIANCE COVERAGE OF DATA FOR THE FIRST REPLICATION

Minimum covariance coverage value   0.100


     PROPORTION OF DATA PRESENT


           Covariance Coverage
              POST          PRE           EST           MINT
              ________      ________      ________      ________
 POST           1.000
 PRE            1.000         1.000
 EST            1.000         1.000         1.000
 MINT           1.000         1.000         1.000         1.000


SAMPLE STATISTICS FOR THE FIRST REPLICATION

NOTE:  The sample statistics for within and between refer to the
       maximum-likelihood estimated within and between covariance
       matrices, respectively.


     ESTIMATED SAMPLE STATISTICS FOR WITHIN


           Means
              POST          PRE           EST           MINT
              ________      ________      ________      ________
 1              0.000         0.000         0.000         0.000


           Covariances
              POST          PRE           EST           MINT
              ________      ________      ________      ________
 POST           3.705
 PRE            3.017         3.907
 EST            0.000         0.000         0.000
 MINT           0.000         0.000         0.000         0.000


           Correlations
              POST          PRE           EST           MINT
              ________      ________      ________      ________
 POST           1.000
 PRE            0.793         1.000
 EST            0.000         0.000         0.000
 MINT           0.000         0.000         0.000         0.000


     ESTIMATED SAMPLE STATISTICS FOR BETWEEN


           Means
              POST          PRE           EST           MINT
              ________      ________      ________      ________
 1              0.423         0.062         0.483         0.500


           Covariances
              POST          PRE           EST           MINT
              ________      ________      ________      ________
 POST           0.752
 PRE            0.661         0.752
 EST           -0.011        -0.093         0.250
 MINT           0.076        -0.058         0.042         0.250


           Correlations
              POST          PRE           EST           MINT
              ________      ________      ________      ________
 POST           1.000
 PRE            0.879         1.000
 EST           -0.025        -0.215         1.000
 MINT           0.174        -0.133         0.167         1.000


     MAXIMUM LOG-LIKELIHOOD VALUE FOR THE UNRESTRICTED (H1) MODEL IS -4486.279




MODEL FIT INFORMATION

Number of Free Parameters                        7

Loglikelihood

    H0 Value

        Mean                             -4530.182
        Std Dev                             33.532
        Number of successful computations     1000

             Proportions                   Percentiles
        Expected    Observed         Expected       Observed
           0.990       0.992        -4608.189      -4607.824
           0.980       0.979        -4599.048      -4602.184
           0.950       0.946        -4585.340      -4586.487
           0.900       0.905        -4573.157      -4571.917
           0.800       0.795        -4558.403      -4559.347
           0.700       0.697        -4547.767      -4548.120
           0.500       0.506        -4530.182      -4529.602
           0.300       0.302        -4512.598      -4512.503
           0.200       0.195        -4501.961      -4502.378
           0.100       0.105        -4487.207      -4486.351
           0.050       0.056        -4475.025      -4474.302
           0.020       0.021        -4461.317      -4461.150
           0.010       0.010        -4452.176      -4452.726

    H1 Value

        Mean                             -4530.182
        Std Dev                             33.532
        Number of successful computations     1000

             Proportions                   Percentiles
        Expected    Observed         Expected       Observed
           0.990       0.992        -4608.189      -4607.824
           0.980       0.979        -4599.048      -4602.184
           0.950       0.946        -4585.340      -4586.487
           0.900       0.905        -4573.157      -4571.917
           0.800       0.795        -4558.403      -4559.347
           0.700       0.697        -4547.767      -4548.120
           0.500       0.506        -4530.182      -4529.604
           0.300       0.302        -4512.598      -4512.503
           0.200       0.195        -4501.961      -4502.379
           0.100       0.105        -4487.207      -4486.351
           0.050       0.056        -4475.025      -4474.302
           0.020       0.021        -4461.317      -4461.151
           0.010       0.010        -4452.176      -4452.726

Information Criteria

    Akaike (AIC)

        Mean                              9074.365
        Std Dev                             67.065
        Number of successful computations     1000

             Proportions                   Percentiles
        Expected    Observed         Expected       Observed
           0.990       0.990         8918.352       8916.673
           0.980       0.979         8936.634       8935.713
           0.950       0.944         8964.050       8962.424
           0.900       0.895         8988.414       8986.213
           0.800       0.805         9017.923       9018.548
           0.700       0.698         9039.196       9038.897
           0.500       0.494         9074.365       9072.947
           0.300       0.303         9109.533       9109.965
           0.200       0.205         9130.806       9132.463
           0.100       0.095         9160.315       9157.568
           0.050       0.054         9184.679       9186.708
           0.020       0.021         9212.095       9213.663
           0.010       0.008         9230.377       9229.382

    Bayesian (BIC)

        Mean                              9109.995
        Std Dev                             67.065
        Number of successful computations     1000

             Proportions                   Percentiles
        Expected    Observed         Expected       Observed
           0.990       0.990         8953.982       8952.304
           0.980       0.979         8972.264       8971.344
           0.950       0.944         8999.680       8998.054
           0.900       0.895         9024.045       9021.844
           0.800       0.805         9053.553       9054.178
           0.700       0.698         9074.826       9074.527
           0.500       0.494         9109.995       9108.578
           0.300       0.303         9145.164       9145.596
           0.200       0.205         9166.437       9168.093
           0.100       0.095         9195.945       9193.199
           0.050       0.054         9220.310       9222.338
           0.020       0.021         9247.726       9249.294
           0.010       0.008         9266.008       9265.012

    Sample-Size Adjusted BIC (n* = (n + 2) / 24)

        Mean                              9087.760
        Std Dev                             67.065
        Number of successful computations     1000

             Proportions                   Percentiles
        Expected    Observed         Expected       Observed
           0.990       0.990         8931.748       8930.069
           0.980       0.979         8950.029       8949.109
           0.950       0.944         8977.446       8975.819
           0.900       0.895         9001.810       8999.609
           0.800       0.805         9031.319       9031.944
           0.700       0.698         9052.592       9052.293
           0.500       0.494         9087.760       9086.343
           0.300       0.303         9122.929       9123.361
           0.200       0.205         9144.202       9145.859
           0.100       0.095         9173.711       9170.964
           0.050       0.054         9198.075       9200.104
           0.020       0.021         9225.491       9227.059
           0.010       0.008         9243.773       9242.778

Chi-Square Test of Model Fit

        Degrees of freedom                       0

        Mean                                 0.000
        Std Dev                              0.005
        Number of successful computations     1000

             Proportions                   Percentiles
        Expected    Observed         Expected       Observed
           0.990       0.007            0.000          0.000
           0.980       0.007            0.000          0.000
           0.950       0.007            0.000          0.000
           0.900       0.007            0.000          0.000
           0.800       0.007            0.000          0.000
           0.700       0.007            0.000          0.000
           0.500       0.007            0.000          0.000
           0.300       0.007            0.000          0.000
           0.200       0.007            0.000          0.000
           0.100       0.007            0.000          0.000
           0.050       0.007            0.000          0.000
           0.020       0.007            0.000          0.000
           0.010       0.007            0.000          0.000

RMSEA (Root Mean Square Error Of Approximation)

        Mean                                 0.000
        Std Dev                              0.000
        Number of successful computations     1000

             Proportions                   Percentiles
        Expected    Observed         Expected       Observed
           0.990       0.000            0.000          0.000
           0.980       0.000            0.000          0.000
           0.950       0.000            0.000          0.000
           0.900       0.000            0.000          0.000
           0.800       0.000            0.000          0.000
           0.700       0.000            0.000          0.000
           0.500       0.000            0.000          0.000
           0.300       0.000            0.000          0.000
           0.200       0.000            0.000          0.000
           0.100       0.000            0.000          0.000
           0.050       0.000            0.000          0.000
           0.020       0.000            0.000          0.000
           0.010       0.000            0.000          0.000

SRMR (Standardized Root Mean Square Residual) for the WITHIN level

        Mean                                 0.000
        Std Dev                              0.000
        Number of successful computations     1000

             Proportions                   Percentiles
        Expected    Observed         Expected       Observed
           0.990       1.000            0.000          0.000
           0.980       1.000            0.000          0.000
           0.950       1.000            0.000          0.000
           0.900       1.000            0.000          0.000
           0.800       1.000            0.000          0.000
           0.700       0.951            0.000          0.000
           0.500       0.247            0.000          0.000
           0.300       0.112            0.000          0.000
           0.200       0.080            0.000          0.000
           0.100       0.043            0.000          0.000
           0.050       0.029            0.000          0.000
           0.020       0.021            0.000          0.000
           0.010       0.014            0.000          0.000

SRMR (Standardized Root Mean Square Residual) for the BETWEEN level

        Mean                                 0.000
        Std Dev                              0.000
        Number of successful computations     1000

             Proportions                   Percentiles
        Expected    Observed         Expected       Observed
           0.990       1.000            0.000          0.000
           0.980       1.000            0.000          0.000
           0.950       1.000            0.000          0.000
           0.900       1.000            0.000          0.000
           0.800       0.940            0.000          0.000
           0.700       0.747            0.000          0.000
           0.500       0.370            0.000          0.000
           0.300       0.172            0.000          0.000
           0.200       0.104            0.000          0.000
           0.100       0.061            0.000          0.000
           0.050       0.044            0.000          0.000
           0.020       0.022            0.000          0.000
           0.010       0.020            0.000          0.000



MODEL RESULTS

                           ESTIMATES              S. E.     M. S. E.  95%  % Sig
              Population   Average   Std. Dev.   Average             Cover Coeff
Within Level

 POST       ON
  PRE              0.800     0.7998     0.0179     0.0176     0.0003 0.943 1.000

 Residual Variances
  POST             1.440     1.4380     0.0596     0.0597     0.0036 0.948 1.000

Between Level

 POST       ON
  PRE              1.000     1.0033     0.0655     0.0597     0.0043 0.917 1.000
  EST              0.447     0.4532     0.1162     0.1084     0.0135 0.934 0.979
  MINT             0.447     0.4433     0.1166     0.1081     0.0136 0.934 0.977

 Intercepts
  POST             0.000    -0.0009     0.0990     0.0937     0.0098 0.920 0.080

 Residual Variances
  POST             0.100     0.0871     0.0326     0.0302     0.0012 0.856 0.897


QUALITY OF NUMERICAL RESULTS

     Average Condition Number for the Information Matrix      0.120E-01
       (ratio of smallest to largest eigenvalue)


TECHNICAL 1 OUTPUT


     PARAMETER SPECIFICATION FOR WITHIN


           NU
              POST          PRE           EST           MINT
              ________      ________      ________      ________
 1                  0             0             0             0


           LAMBDA
              POST          PRE           EST           MINT
              ________      ________      ________      ________
 POST               0             0             0             0
 PRE                0             0             0             0
 EST                0             0             0             0
 MINT               0             0             0             0


           THETA
              POST          PRE           EST           MINT
              ________      ________      ________      ________
 POST               0
 PRE                0             0
 EST                0             0             0
 MINT               0             0             0             0


           ALPHA
              POST          PRE           EST           MINT
              ________      ________      ________      ________
 1                  0             0             0             0


           BETA
              POST          PRE           EST           MINT
              ________      ________      ________      ________
 POST               0             1             0             0
 PRE                0             0             0             0
 EST                0             0             0             0
 MINT               0             0             0             0


           PSI
              POST          PRE           EST           MINT
              ________      ________      ________      ________
 POST               2
 PRE                0             0
 EST                0             0             0
 MINT               0             0             0             0


     PARAMETER SPECIFICATION FOR BETWEEN


           NU
              POST          PRE           EST           MINT
              ________      ________      ________      ________
 1                  0             0             0             0


           LAMBDA
              POST          PRE           EST           MINT
              ________      ________      ________      ________
 POST               0             0             0             0
 PRE                0             0             0             0
 EST                0             0             0             0
 MINT               0             0             0             0


           THETA
              POST          PRE           EST           MINT
              ________      ________      ________      ________
 POST               0
 PRE                0             0
 EST                0             0             0
 MINT               0             0             0             0


           ALPHA
              POST          PRE           EST           MINT
              ________      ________      ________      ________
 1                  3             0             0             0


           BETA
              POST          PRE           EST           MINT
              ________      ________      ________      ________
 POST               0             4             5             6
 PRE                0             0             0             0
 EST                0             0             0             0
 MINT               0             0             0             0


           PSI
              POST          PRE           EST           MINT
              ________      ________      ________      ________
 POST               7
 PRE                0             0
 EST                0             0             0
 MINT               0             0             0             0


     STARTING VALUES FOR WITHIN


           NU
              POST          PRE           EST           MINT
              ________      ________      ________      ________
 1              0.000         0.000         0.000         0.000


           LAMBDA
              POST          PRE           EST           MINT
              ________      ________      ________      ________
 POST           1.000         0.000         0.000         0.000
 PRE            0.000         1.000         0.000         0.000
 EST            0.000         0.000         1.000         0.000
 MINT           0.000         0.000         0.000         1.000


           THETA
              POST          PRE           EST           MINT
              ________      ________      ________      ________
 POST           0.000
 PRE            0.000         0.000
 EST            0.000         0.000         0.000
 MINT           0.000         0.000         0.000         0.000


           ALPHA
              POST          PRE           EST           MINT
              ________      ________      ________      ________
 1              0.000         0.000         0.000         0.000


           BETA
              POST          PRE           EST           MINT
              ________      ________      ________      ________
 POST           0.000         0.800         0.000         0.000
 PRE            0.000         0.000         0.000         0.000
 EST            0.000         0.000         0.000         0.000
 MINT           0.000         0.000         0.000         0.000


           PSI
              POST          PRE           EST           MINT
              ________      ________      ________      ________
 POST           1.440
 PRE            0.000         0.500
 EST            0.000         0.000         0.000
 MINT           0.000         0.000         0.000         0.000


     STARTING VALUES FOR BETWEEN


           NU
              POST          PRE           EST           MINT
              ________      ________      ________      ________
 1              0.000         0.000         0.000         0.000


           LAMBDA
              POST          PRE           EST           MINT
              ________      ________      ________      ________
 POST           1.000         0.000         0.000         0.000
 PRE            0.000         1.000         0.000         0.000
 EST            0.000         0.000         1.000         0.000
 MINT           0.000         0.000         0.000         1.000


           THETA
              POST          PRE           EST           MINT
              ________      ________      ________      ________
 POST           0.000
 PRE            0.000         0.000
 EST            0.000         0.000         0.000
 MINT           0.000         0.000         0.000         0.000


           ALPHA
              POST          PRE           EST           MINT
              ________      ________      ________      ________
 1              0.000         0.000         0.000         0.000


           BETA
              POST          PRE           EST           MINT
              ________      ________      ________      ________
 POST           0.000         1.000         0.447         0.447
 PRE            0.000         0.000         0.000         0.000
 EST            0.000         0.000         0.000         0.000
 MINT           0.000         0.000         0.000         0.000


           PSI
              POST          PRE           EST           MINT
              ________      ________      ________      ________
 POST           0.100
 PRE            0.000         0.500
 EST            0.000         0.000         0.500
 MINT           0.000         0.000         0.000         0.500


     POPULATION VALUES FOR WITHIN


           NU
              POST          PRE           EST           MINT
              ________      ________      ________      ________
 1              0.000         0.000         0.000         0.000


           LAMBDA
              POST          PRE           EST           MINT
              ________      ________      ________      ________
 POST           1.000         0.000         0.000         0.000
 PRE            0.000         1.000         0.000         0.000
 EST            0.000         0.000         1.000         0.000
 MINT           0.000         0.000         0.000         1.000


           THETA
              POST          PRE           EST           MINT
              ________      ________      ________      ________
 POST           0.000
 PRE            0.000         0.000
 EST            0.000         0.000         0.000
 MINT           0.000         0.000         0.000         0.000


           ALPHA
              POST          PRE           EST           MINT
              ________      ________      ________      ________
 1              0.000         0.000         0.000         0.000


           BETA
              POST          PRE           EST           MINT
              ________      ________      ________      ________
 POST           0.000         0.800         0.000         0.000
 PRE            0.000         0.000         0.000         0.000
 EST            0.000         0.000         0.000         0.000
 MINT           0.000         0.000         0.000         0.000


           PSI
              POST          PRE           EST           MINT
              ________      ________      ________      ________
 POST           1.440
 PRE            0.000         4.000
 EST            0.000         0.000         0.000
 MINT           0.000         0.000         0.000         0.000


     POPULATION VALUES FOR BETWEEN


           NU
              POST          PRE           EST           MINT
              ________      ________      ________      ________
 1              0.000         0.000         0.000         0.000


           LAMBDA
              POST          PRE           EST           MINT
              ________      ________      ________      ________
 POST           1.000         0.000         0.000         0.000
 PRE            0.000         1.000         0.000         0.000
 EST            0.000         0.000         1.000         0.000
 MINT           0.000         0.000         0.000         1.000


           THETA
              POST          PRE           EST           MINT
              ________      ________      ________      ________
 POST           0.000
 PRE            0.000         0.000
 EST            0.000         0.000         0.000
 MINT           0.000         0.000         0.000         0.000


           ALPHA
              POST          PRE           EST           MINT
              ________      ________      ________      ________
 1              0.000         0.000         0.500         0.500


           BETA
              POST          PRE           EST           MINT
              ________      ________      ________      ________
 POST           0.000         1.000         0.447         0.447
 PRE            0.000         0.000         0.000         0.000
 EST            0.000         0.000         0.000         0.000
 MINT           0.000         0.000         0.000         0.000


           PSI
              POST          PRE           EST           MINT
              ________      ________      ________      ________
 POST           0.100
 PRE            0.000         1.000
 EST            0.000         0.000         0.250
 MINT           0.000         0.000         0.000         0.250


TECHNICAL 9 OUTPUT

  Error messages for each replication (if any)



SAVEDATA INFORMATION

  Order of variables

    POST
    PRE
    EST
    MINT
    PATTERN
    CLUSTER

  Save file
    MCTransfer_*.dat

  Save file format           Free
  Save file record length    10000
  Missing designated by 999


DIAGRAM INFORMATION

  Mplus diagrams are currently not available for multilevel analysis.
  No diagram output was produced.


     Beginning Time:  01:41:08
        Ending Time:  01:41:55
       Elapsed Time:  00:00:47



MUTHEN & MUTHEN
3463 Stoner Ave.
Los Angeles, CA  90066

Tel: (310) 391-9971
Fax: (310) 391-8971
Web: www.StatModel.com
Support: Support@StatModel.com

Copyright (c) 1998-2013 Muthen & Muthen
