Mplus VERSION 7.11
MUTHEN & MUTHEN
02/26/2015   2:04 PM

INPUT INSTRUCTIONS

  TITLE:	Monte Carlo Simulation
  for Transfer Effect
  of Intervention on Complex Problem Solving
  Assumptions:
  - Intraclass correlation coefficient = .20
  - Pretest explains 89% of between classroom variance at posttest
  - Intervention explains 10% of between classroom variance at posttest
  - 5% between classroom variance left unexplained at posttest
  - 5% Missing data on posttest

  montecarlo:
  		names are post pre est mint;
  		nobservations = 600;
  		ncsizes = 4;
  		csizes = 5 (10) 10 (15) 15(20) 4 (25);
          cutpoints = est (.5) mint (.5);
          PATMISS = post (.05);
  		PATPROBS = 1;
          seed = 666;
  		nreps = 1000;
          between = est mint;
  		save = MCTransfer_*.dat;
          repsave = all;

  ANALYSIS:   TYPE = TWOLEVEL;
              !ESTIMATOR = MLR;

  model population:
  		
          %within%
          post*1.3;
          pre*4;
          post ON pre*.894;

          %between%
          post*.05;
          pre*1;
          [est*.5];
          est*.25;
          [mint*.5];
          mint*.25;
          post ON pre*1 est*.447 mint*.447;
          		
  model:

          %within%
          post*1.3;

          post ON pre*.894;

          %between%
          post*.05;



          post ON pre*1 est*.447 mint*.447;



  output:
  		tech9;



INPUT READING TERMINATED NORMALLY



Monte Carlo Simulation
for Transfer Effect
of Intervention on Complex Problem Solving
Assumptions:
- Intraclass correlation coefficient = .20
- Pretest explains 89% of between classroom variance at posttest
- Intervention explains 10% of between classroom variance at posttest
- 5% between classroom variance left unexplained at posttest
- 5% Missing data on posttest

SUMMARY OF ANALYSIS

Number of groups                                                 1
Number of observations                                         600

Number of replications
    Requested                                                 1000
    Completed                                                 1000
Value of seed                                                  666

Number of dependent variables                                    1
Number of independent variables                                  3
Number of continuous latent variables                            0

Observed dependent variables

  Continuous
   POST

Observed independent variables
   PRE         EST         MINT

Variables with special functions

  Between variables
   EST         MINT


Estimator                                                      MLR
Information matrix                                        OBSERVED
Maximum number of iterations                                   100
Convergence criterion                                    0.100D-05
Maximum number of EM iterations                                500
Convergence criteria for the EM algorithm
  Loglikelihood change                                   0.100D-02
  Relative loglikelihood change                          0.100D-05
  Derivative                                             0.100D-03
Minimum variance                                         0.100D-03
Maximum number of steepest descent iterations                   20
Maximum number of iterations for H1                           2000
Convergence criterion for H1                             0.100D-03
Optimization algorithm                                         EMA


SUMMARY OF DATA FOR THE FIRST REPLICATION

     Number of missing data patterns             1
     Cluster information

       Size (s)    Number of clusters of Size s

         10             5
         15            10
         20            15
         25             4

     Average cluster size       17.647

     Estimated Intraclass Correlations for the Y Variables

                Intraclass
     Variable  Correlation

     POST         0.252


SUMMARY OF MISSING DATA PATTERNS FOR THE FIRST REPLICATION


     MISSING DATA PATTERNS (x = not missing)

           1
 POST      x
 PRE       x
 EST       x
 MINT      x


     MISSING DATA PATTERN FREQUENCIES

    Pattern   Frequency
          1         600


COVARIANCE COVERAGE OF DATA FOR THE FIRST REPLICATION

Minimum covariance coverage value   0.100


     PROPORTION OF DATA PRESENT


           Covariance Coverage
              POST          PRE           EST           MINT
              ________      ________      ________      ________
 POST           1.000
 PRE            1.000         1.000
 EST            1.000         1.000         1.000
 MINT           1.000         1.000         1.000         1.000


SAMPLE STATISTICS FOR THE FIRST REPLICATION

NOTE:  The sample statistics for within and between refer to the
       maximum-likelihood estimated within and between covariance
       matrices, respectively.


     ESTIMATED SAMPLE STATISTICS FOR WITHIN


           Means
              POST          PRE           EST           MINT
              ________      ________      ________      ________
 1              0.000         0.000         0.000         0.000


           Covariances
              POST          PRE           EST           MINT
              ________      ________      ________      ________
 POST           4.045
 PRE            3.252         3.842
 EST            0.000         0.000         0.000
 MINT           0.000         0.000         0.000         0.000


           Correlations
              POST          PRE           EST           MINT
              ________      ________      ________      ________
 POST           1.000
 PRE            0.825         1.000
 EST            0.000         0.000         0.000
 MINT           0.000         0.000         0.000         0.000


     ESTIMATED SAMPLE STATISTICS FOR BETWEEN


           Means
              POST          PRE           EST           MINT
              ________      ________      ________      ________
 1              0.471        -0.081         0.647         0.618


           Covariances
              POST          PRE           EST           MINT
              ________      ________      ________      ________
 POST           1.361
 PRE            1.116         1.025
 EST            0.058        -0.093         0.228
 MINT           0.189         0.072         0.042         0.236


           Correlations
              POST          PRE           EST           MINT
              ________      ________      ________      ________
 POST           1.000
 PRE            0.945         1.000
 EST            0.104        -0.192         1.000
 MINT           0.333         0.147         0.179         1.000


     MAXIMUM LOG-LIKELIHOOD VALUE FOR THE UNRESTRICTED (H1) MODEL IS -2215.353




MODEL FIT INFORMATION

Number of Free Parameters                        7

Loglikelihood

    H0 Value

        Mean                             -2228.597
        Std Dev                             23.861
        Number of successful computations     1000

             Proportions                   Percentiles
        Expected    Observed         Expected       Observed
           0.990       0.991        -2284.104      -2284.003
           0.980       0.981        -2277.599      -2277.164
           0.950       0.957        -2267.845      -2266.319
           0.900       0.900        -2259.177      -2259.413
           0.800       0.804        -2248.678      -2248.259
           0.700       0.694        -2241.109      -2241.269
           0.500       0.495        -2228.597      -2228.924
           0.300       0.305        -2216.084      -2215.909
           0.200       0.193        -2208.515      -2209.251
           0.100       0.099        -2198.017      -2198.369
           0.050       0.059        -2189.348      -2187.884
           0.020       0.024        -2179.594      -2178.906
           0.010       0.011        -2173.089      -2172.946

    H1 Value

        Mean                             -2228.589
        Std Dev                             23.862
        Number of successful computations     1000

             Proportions                   Percentiles
        Expected    Observed         Expected       Observed
           0.990       0.991        -2284.099      -2283.918
           0.980       0.981        -2277.594      -2277.166
           0.950       0.957        -2267.839      -2266.319
           0.900       0.900        -2259.170      -2259.419
           0.800       0.804        -2248.671      -2248.265
           0.700       0.694        -2241.102      -2241.262
           0.500       0.495        -2228.589      -2228.856
           0.300       0.305        -2216.076      -2215.910
           0.200       0.193        -2208.507      -2209.192
           0.100       0.099        -2198.008      -2198.369
           0.050       0.059        -2189.339      -2187.881
           0.020       0.024        -2179.584      -2178.906
           0.010       0.011        -2173.079      -2172.948

Information Criteria

    Akaike (AIC)

        Mean                              4471.193
        Std Dev                             47.722
        Number of successful computations     1000

             Proportions                   Percentiles
        Expected    Observed         Expected       Observed
           0.990       0.989         4360.179       4359.512
           0.980       0.976         4373.187       4371.652
           0.950       0.941         4392.696       4389.762
           0.900       0.901         4410.033       4409.935
           0.800       0.807         4431.031       4432.253
           0.700       0.695         4446.168       4445.733
           0.500       0.505         4471.193       4471.538
           0.300       0.306         4496.218       4496.523
           0.200       0.196         4511.356       4510.397
           0.100       0.100         4532.353       4532.134
           0.050       0.043         4549.690       4546.544
           0.020       0.019         4569.199       4568.161
           0.010       0.009         4582.208       4581.306

    Bayesian (BIC)

        Mean                              4501.972
        Std Dev                             47.722
        Number of successful computations     1000

             Proportions                   Percentiles
        Expected    Observed         Expected       Observed
           0.990       0.989         4390.957       4390.291
           0.980       0.976         4403.966       4402.430
           0.950       0.941         4423.475       4420.540
           0.900       0.901         4440.812       4440.714
           0.800       0.807         4461.809       4463.032
           0.700       0.695         4476.947       4476.511
           0.500       0.505         4501.972       4502.317
           0.300       0.306         4526.997       4527.301
           0.200       0.196         4542.134       4541.175
           0.100       0.100         4563.132       4562.912
           0.050       0.043         4580.469       4577.323
           0.020       0.019         4599.977       4598.939
           0.010       0.009         4612.986       4612.084

    Sample-Size Adjusted BIC (n* = (n + 2) / 24)

        Mean                              4479.749
        Std Dev                             47.722
        Number of successful computations     1000

             Proportions                   Percentiles
        Expected    Observed         Expected       Observed
           0.990       0.989         4368.734       4368.068
           0.980       0.976         4381.743       4380.207
           0.950       0.941         4401.251       4398.317
           0.900       0.901         4418.589       4418.491
           0.800       0.807         4439.586       4440.809
           0.700       0.695         4454.723       4454.288
           0.500       0.505         4479.749       4480.094
           0.300       0.306         4504.774       4505.078
           0.200       0.196         4519.911       4518.952
           0.100       0.100         4540.909       4540.689
           0.050       0.043         4558.246       4555.100
           0.020       0.019         4577.754       4576.716
           0.010       0.009         4590.763       4589.861

Chi-Square Test of Model Fit

        Degrees of freedom                       0

        Mean                                 0.018
        Std Dev                              0.048
        Number of successful computations     1000

             Proportions                   Percentiles
        Expected    Observed         Expected       Observed
           0.990       0.123            0.000          0.000
           0.980       0.123            0.000          0.000
           0.950       0.123            0.000          0.000
           0.900       0.123            0.000          0.000
           0.800       0.123            0.000          0.000
           0.700       0.123            0.000          0.000
           0.500       0.123            0.000          0.000
           0.300       0.123            0.000          0.000
           0.200       0.123            0.000          0.000
           0.100       0.123            0.000          0.115
           0.050       0.123            0.000          0.154
           0.020       0.123            0.000          0.169
           0.010       0.123            0.000          0.172

RMSEA (Root Mean Square Error Of Approximation)

        Mean                                 0.000
        Std Dev                              0.000
        Number of successful computations     1000

             Proportions                   Percentiles
        Expected    Observed         Expected       Observed
           0.990       0.000            0.000          0.000
           0.980       0.000            0.000          0.000
           0.950       0.000            0.000          0.000
           0.900       0.000            0.000          0.000
           0.800       0.000            0.000          0.000
           0.700       0.000            0.000          0.000
           0.500       0.000            0.000          0.000
           0.300       0.000            0.000          0.000
           0.200       0.000            0.000          0.000
           0.100       0.000            0.000          0.000
           0.050       0.000            0.000          0.000
           0.020       0.000            0.000          0.000
           0.010       0.000            0.000          0.000

SRMR (Standardized Root Mean Square Residual) for the WITHIN level

        Mean                                 0.000
        Std Dev                              0.000
        Number of successful computations     1000

             Proportions                   Percentiles
        Expected    Observed         Expected       Observed
           0.990       1.000            0.000          0.000
           0.980       1.000            0.000          0.000
           0.950       1.000            0.000          0.000
           0.900       1.000            0.000          0.000
           0.800       0.969            0.000          0.000
           0.700       0.568            0.000          0.000
           0.500       0.310            0.000          0.000
           0.300       0.212            0.000          0.000
           0.200       0.175            0.000          0.000
           0.100       0.135            0.000          0.000
           0.050       0.101            0.000          0.000
           0.020       0.063            0.000          0.000
           0.010       0.047            0.000          0.000

SRMR (Standardized Root Mean Square Residual) for the BETWEEN level

        Mean                                 0.000
        Std Dev                              0.000
        Number of successful computations     1000

             Proportions                   Percentiles
        Expected    Observed         Expected       Observed
           0.990       1.000            0.000          0.000
           0.980       1.000            0.000          0.000
           0.950       1.000            0.000          0.000
           0.900       1.000            0.000          0.000
           0.800       0.984            0.000          0.000
           0.700       0.662            0.000          0.000
           0.500       0.314            0.000          0.000
           0.300       0.196            0.000          0.000
           0.200       0.150            0.000          0.000
           0.100       0.095            0.000          0.000
           0.050       0.063            0.001          0.001
           0.020       0.043            0.001          0.001
           0.010       0.031            0.001          0.001



MODEL RESULTS

                           ESTIMATES              S. E.     M. S. E.  95%  % Sig
              Population   Average   Std. Dev.   Average             Cover Coeff
Within Level

 POST       ON
  PRE              0.894     0.8943     0.0235     0.0233     0.0006 0.946 1.000

 Residual Variances
  POST             1.300     1.2965     0.0770     0.0749     0.0059 0.933 1.000

Between Level

 POST       ON
  PRE              1.000     1.0055     0.0804     0.0683     0.0065 0.902 1.000
  EST              0.447     0.4451     0.1287     0.1194     0.0166 0.919 0.941
  MINT             0.447     0.4456     0.1249     0.1199     0.0156 0.922 0.943

 Intercepts
  POST             0.000    -0.0021     0.1118     0.1021     0.0125 0.904 0.096

 Residual Variances
  POST             0.050     0.0345     0.0262     0.0272     0.0009 0.842 0.178


QUALITY OF NUMERICAL RESULTS

     Average Condition Number for the Information Matrix      0.101E-01
       (ratio of smallest to largest eigenvalue)


TECHNICAL 1 OUTPUT


     PARAMETER SPECIFICATION FOR WITHIN


           NU
              POST          PRE           EST           MINT
              ________      ________      ________      ________
 1                  0             0             0             0


           LAMBDA
              POST          PRE           EST           MINT
              ________      ________      ________      ________
 POST               0             0             0             0
 PRE                0             0             0             0
 EST                0             0             0             0
 MINT               0             0             0             0


           THETA
              POST          PRE           EST           MINT
              ________      ________      ________      ________
 POST               0
 PRE                0             0
 EST                0             0             0
 MINT               0             0             0             0


           ALPHA
              POST          PRE           EST           MINT
              ________      ________      ________      ________
 1                  0             0             0             0


           BETA
              POST          PRE           EST           MINT
              ________      ________      ________      ________
 POST               0             1             0             0
 PRE                0             0             0             0
 EST                0             0             0             0
 MINT               0             0             0             0


           PSI
              POST          PRE           EST           MINT
              ________      ________      ________      ________
 POST               2
 PRE                0             0
 EST                0             0             0
 MINT               0             0             0             0


     PARAMETER SPECIFICATION FOR BETWEEN


           NU
              POST          PRE           EST           MINT
              ________      ________      ________      ________
 1                  0             0             0             0


           LAMBDA
              POST          PRE           EST           MINT
              ________      ________      ________      ________
 POST               0             0             0             0
 PRE                0             0             0             0
 EST                0             0             0             0
 MINT               0             0             0             0


           THETA
              POST          PRE           EST           MINT
              ________      ________      ________      ________
 POST               0
 PRE                0             0
 EST                0             0             0
 MINT               0             0             0             0


           ALPHA
              POST          PRE           EST           MINT
              ________      ________      ________      ________
 1                  3             0             0             0


           BETA
              POST          PRE           EST           MINT
              ________      ________      ________      ________
 POST               0             4             5             6
 PRE                0             0             0             0
 EST                0             0             0             0
 MINT               0             0             0             0


           PSI
              POST          PRE           EST           MINT
              ________      ________      ________      ________
 POST               7
 PRE                0             0
 EST                0             0             0
 MINT               0             0             0             0


     STARTING VALUES FOR WITHIN


           NU
              POST          PRE           EST           MINT
              ________      ________      ________      ________
 1              0.000         0.000         0.000         0.000


           LAMBDA
              POST          PRE           EST           MINT
              ________      ________      ________      ________
 POST           1.000         0.000         0.000         0.000
 PRE            0.000         1.000         0.000         0.000
 EST            0.000         0.000         1.000         0.000
 MINT           0.000         0.000         0.000         1.000


           THETA
              POST          PRE           EST           MINT
              ________      ________      ________      ________
 POST           0.000
 PRE            0.000         0.000
 EST            0.000         0.000         0.000
 MINT           0.000         0.000         0.000         0.000


           ALPHA
              POST          PRE           EST           MINT
              ________      ________      ________      ________
 1              0.000         0.000         0.000         0.000


           BETA
              POST          PRE           EST           MINT
              ________      ________      ________      ________
 POST           0.000         0.894         0.000         0.000
 PRE            0.000         0.000         0.000         0.000
 EST            0.000         0.000         0.000         0.000
 MINT           0.000         0.000         0.000         0.000


           PSI
              POST          PRE           EST           MINT
              ________      ________      ________      ________
 POST           1.300
 PRE            0.000         0.500
 EST            0.000         0.000         0.000
 MINT           0.000         0.000         0.000         0.000


     STARTING VALUES FOR BETWEEN


           NU
              POST          PRE           EST           MINT
              ________      ________      ________      ________
 1              0.000         0.000         0.000         0.000


           LAMBDA
              POST          PRE           EST           MINT
              ________      ________      ________      ________
 POST           1.000         0.000         0.000         0.000
 PRE            0.000         1.000         0.000         0.000
 EST            0.000         0.000         1.000         0.000
 MINT           0.000         0.000         0.000         1.000


           THETA
              POST          PRE           EST           MINT
              ________      ________      ________      ________
 POST           0.000
 PRE            0.000         0.000
 EST            0.000         0.000         0.000
 MINT           0.000         0.000         0.000         0.000


           ALPHA
              POST          PRE           EST           MINT
              ________      ________      ________      ________
 1              0.000         0.000         0.000         0.000


           BETA
              POST          PRE           EST           MINT
              ________      ________      ________      ________
 POST           0.000         1.000         0.447         0.447
 PRE            0.000         0.000         0.000         0.000
 EST            0.000         0.000         0.000         0.000
 MINT           0.000         0.000         0.000         0.000


           PSI
              POST          PRE           EST           MINT
              ________      ________      ________      ________
 POST           0.050
 PRE            0.000         0.500
 EST            0.000         0.000         0.500
 MINT           0.000         0.000         0.000         0.500


     POPULATION VALUES FOR WITHIN


           NU
              POST          PRE           EST           MINT
              ________      ________      ________      ________
 1              0.000         0.000         0.000         0.000


           LAMBDA
              POST          PRE           EST           MINT
              ________      ________      ________      ________
 POST           1.000         0.000         0.000         0.000
 PRE            0.000         1.000         0.000         0.000
 EST            0.000         0.000         1.000         0.000
 MINT           0.000         0.000         0.000         1.000


           THETA
              POST          PRE           EST           MINT
              ________      ________      ________      ________
 POST           0.000
 PRE            0.000         0.000
 EST            0.000         0.000         0.000
 MINT           0.000         0.000         0.000         0.000


           ALPHA
              POST          PRE           EST           MINT
              ________      ________      ________      ________
 1              0.000         0.000         0.000         0.000


           BETA
              POST          PRE           EST           MINT
              ________      ________      ________      ________
 POST           0.000         0.894         0.000         0.000
 PRE            0.000         0.000         0.000         0.000
 EST            0.000         0.000         0.000         0.000
 MINT           0.000         0.000         0.000         0.000


           PSI
              POST          PRE           EST           MINT
              ________      ________      ________      ________
 POST           1.300
 PRE            0.000         4.000
 EST            0.000         0.000         0.000
 MINT           0.000         0.000         0.000         0.000


     POPULATION VALUES FOR BETWEEN


           NU
              POST          PRE           EST           MINT
              ________      ________      ________      ________
 1              0.000         0.000         0.000         0.000


           LAMBDA
              POST          PRE           EST           MINT
              ________      ________      ________      ________
 POST           1.000         0.000         0.000         0.000
 PRE            0.000         1.000         0.000         0.000
 EST            0.000         0.000         1.000         0.000
 MINT           0.000         0.000         0.000         1.000


           THETA
              POST          PRE           EST           MINT
              ________      ________      ________      ________
 POST           0.000
 PRE            0.000         0.000
 EST            0.000         0.000         0.000
 MINT           0.000         0.000         0.000         0.000


           ALPHA
              POST          PRE           EST           MINT
              ________      ________      ________      ________
 1              0.000         0.000         0.500         0.500


           BETA
              POST          PRE           EST           MINT
              ________      ________      ________      ________
 POST           0.000         1.000         0.447         0.447
 PRE            0.000         0.000         0.000         0.000
 EST            0.000         0.000         0.000         0.000
 MINT           0.000         0.000         0.000         0.000


           PSI
              POST          PRE           EST           MINT
              ________      ________      ________      ________
 POST           0.050
 PRE            0.000         1.000
 EST            0.000         0.000         0.250
 MINT           0.000         0.000         0.000         0.250


TECHNICAL 9 OUTPUT

  Error messages for each replication (if any)



SAVEDATA INFORMATION

  Order of variables

    POST
    PRE
    EST
    MINT
    PATTERN
    CLUSTER

  Save file
    MCTransfer_*.dat

  Save file format           Free
  Save file record length    10000
  Missing designated by 999


DIAGRAM INFORMATION

  Mplus diagrams are currently not available for multilevel analysis.
  No diagram output was produced.


     Beginning Time:  14:04:31
        Ending Time:  14:05:40
       Elapsed Time:  00:01:09



MUTHEN & MUTHEN
3463 Stoner Ave.
Los Angeles, CA  90066

Tel: (310) 391-9971
Fax: (310) 391-8971
Web: www.StatModel.com
Support: Support@StatModel.com

Copyright (c) 1998-2013 Muthen & Muthen
