Mplus VERSION 7.11
MUTHEN & MUTHEN
02/28/2015  12:06 AM

INPUT INSTRUCTIONS

  TITLE:	Monte Carlo Simulation
          for Transfer Effect
          of Intervention on Complex Problem Solving
  Assumptions:
  - Intraclass correlation coefficient about .10:
    The variance between classrooms makes up
    about 10% of the whole variance after the intervention
    (about 8% before intervention,
     1% due to intervention,
     1% due to non-controllable factors)
  - Posttest variance within classrooms:
    80% explained by pretest (retest-reliability)
    20% left unexplained
  - Posttest variance between classrooms:
    about 80% explained by pretest
    about 5% explained by est: Experimentaion Skills Training
    about 5% explained by mint: MINT Curriculum
    about 10% left unexplained due to non-controllable factors
  - 10% Missing data on posttest
  - Class sizes vary from 10 t0 30 children per class,
    with more classes in the middle range (15-25 children)

  montecarlo:
          ! Define simulated variables
    		names are
          post ! Complex Problem Solving posttest
          pre  ! Compelx Problem Solving pretest
          est  ! Intervention 1: Expeirmentation Skills Training
          mint;! Intervention 2: MINT curriculum
    		nobservations = 1100; ! Total sample size for each Monte Carlo-draw
    		ncsizes = 5; ! Nubmer of different classroom sizes
          ! Classroom sample: Overall 55 Classrooms with 10 - 30 children
    		csizes = 5 (10) 13 (15)  19 (20)  13 (25)  5 (30); ! Number and size of the 55 classro
          ! Define intervention variable (>.5 = intervention group;
                                          ! see Thoemmes, MacKinnon, & Reiser, 2010)
          cutpoints = est (.5) mint (.5);
          ! Define missing values
          PATMISS = post (.10); ! 10% of posttest-data CPS are missing
    		PATPROBS = 1;
          ! Define seed for quasi-random number generation
          seed = 666;
          ! Define number of Monte Carlo draws from the population
    		nreps = 10000;
          ! Define variables on second level (school class level)
            between = est mint; ! The interventions happen on the classroom level
          !save = MCTransfer_*.dat; ! Activate to save sampled data
          !repsave = all;         ! Activate to save sampled data

  ANALYSIS:   TYPE = TWOLEVEL;

  model population:
  		
          %within%
          ! Posttest-residual variance
          post*2; ! Retest-reliability .80 20% variance not explained by pre-test
          pre*10; ! Pretest-variance within classrooms
          post ON pre*.894; ! Pretest explains 80% (.894^2) of posttest

          %between%
          post*.10; ! 10% of posttest-variance unexplained
          pre*1; ! Pretest-variance between classrooms
          [est*.5]; ! Mean of "est" intervention variable
          ! Variance of "est" intervention variable
          est*.25; ! .25 so that SD = .5
          [mint*.5]; ! Mean of "mint" intervention variable
          ! Variance of "mint" intervention variable
          mint*.25; ! .25 so that SD = .5
          ! Regression of posttest variance between classrooms
          post ON pre*.949 est*.447 mint*.447; ! .90 explained by pretest (.949^2*1),
                                               ! .05 by est (.447^2*.25),
                                               ! .05 by mint (.447^2*.25)
                                               ! = 1.00 explained variance,
                                               ! .10 non-explained,
                                               ! sums up to variance of 1.10 at posttest
                                               ! which makes up an ICC of about .10
          		
  model:
          ! Same as population model without mentioning
          ! means and variances of exogenous variables
          %within%
          post*2;

          post ON pre*.894;

          %between%
          post*.10;



          post ON pre*.949 est*.447 mint*.447;



  output:
  		tech9; ! Show simulation results



*** WARNING
  Input line exceeded 90 characters. Some input may be truncated.
    		csizes = 5 (10) 13 (15)  19 (20)  13 (25)  5 (30); ! Number and size of the 55 classroo
   1 WARNING(S) FOUND IN THE INPUT INSTRUCTIONS



Monte Carlo Simulation
for Transfer Effect
of Intervention on Complex Problem Solving
Assumptions:
- Intraclass correlation coefficient about .10:
The variance between classrooms makes up
about 10% of the whole variance after the intervention
(about 8% before intervention,
1% due to intervention,
1% due to non-controllable factors)
- Posttest variance within classrooms:
80% explained by pretest (retest-reliability)
20% left unexplained
- Posttest variance between classrooms:
about 80% explained by pretest
about 5% explained by est: Experimentaion Skills Training
about 5% explained by mint: MINT Curriculum
about 10% left unexplained due to non-controllable factors
- 10% Missing data on posttest
- Class sizes vary from 10 t0 30 children per class,
with more classes in the middle range (15-25 children)

SUMMARY OF ANALYSIS

Number of groups                                                 1
Number of observations                                        1100

Number of replications
    Requested                                                10000
    Completed                                                10000
Value of seed                                                  666

Number of dependent variables                                    1
Number of independent variables                                  3
Number of continuous latent variables                            0

Observed dependent variables

  Continuous
   POST

Observed independent variables
   PRE         EST         MINT

Variables with special functions

  Between variables
   EST         MINT


Estimator                                                      MLR
Information matrix                                        OBSERVED
Maximum number of iterations                                   100
Convergence criterion                                    0.100D-05
Maximum number of EM iterations                                500
Convergence criteria for the EM algorithm
  Loglikelihood change                                   0.100D-02
  Relative loglikelihood change                          0.100D-05
  Derivative                                             0.100D-03
Minimum variance                                         0.100D-03
Maximum number of steepest descent iterations                   20
Maximum number of iterations for H1                           2000
Convergence criterion for H1                             0.100D-03
Optimization algorithm                                         EMA


SUMMARY OF DATA FOR THE FIRST REPLICATION

     Number of missing data patterns             1
     Cluster information

       Size (s)    Number of clusters of Size s

         10             5
         15            13
         20            19
         25            13
         30             5

     Average cluster size       20.000

     Estimated Intraclass Correlations for the Y Variables

                Intraclass
     Variable  Correlation

     POST         0.105


SUMMARY OF MISSING DATA PATTERNS FOR THE FIRST REPLICATION


     MISSING DATA PATTERNS (x = not missing)

           1
 POST      x
 PRE       x
 EST       x
 MINT      x


     MISSING DATA PATTERN FREQUENCIES

    Pattern   Frequency
          1        1100


COVARIANCE COVERAGE OF DATA FOR THE FIRST REPLICATION

Minimum covariance coverage value   0.100


     PROPORTION OF DATA PRESENT


           Covariance Coverage
              POST          PRE           EST           MINT
              ________      ________      ________      ________
 POST           1.000
 PRE            1.000         1.000
 EST            1.000         1.000         1.000
 MINT           1.000         1.000         1.000         1.000


SAMPLE STATISTICS FOR THE FIRST REPLICATION

NOTE:  The sample statistics for within and between refer to the
       maximum-likelihood estimated within and between covariance
       matrices, respectively.


     ESTIMATED SAMPLE STATISTICS FOR WITHIN


           Means
              POST          PRE           EST           MINT
              ________      ________      ________      ________
 1              0.000         0.000         0.000         0.000


           Covariances
              POST          PRE           EST           MINT
              ________      ________      ________      ________
 POST           9.239
 PRE            8.338         9.474
 EST            0.000         0.000         0.000
 MINT           0.000         0.000         0.000         0.000


           Correlations
              POST          PRE           EST           MINT
              ________      ________      ________      ________
 POST           1.000
 PRE            0.891         1.000
 EST            0.000         0.000         0.000
 MINT           0.000         0.000         0.000         0.000


     ESTIMATED SAMPLE STATISTICS FOR BETWEEN


           Means
              POST          PRE           EST           MINT
              ________      ________      ________      ________
 1              0.412         0.005         0.527         0.491


           Covariances
              POST          PRE           EST           MINT
              ________      ________      ________      ________
 POST           1.080
 PRE            0.829         0.783
 EST            0.202         0.096         0.249
 MINT           0.245         0.112         0.014         0.250


           Correlations
              POST          PRE           EST           MINT
              ________      ________      ________      ________
 POST           1.000
 PRE            0.902         1.000
 EST            0.389         0.218         1.000
 MINT           0.471         0.252         0.056         1.000


     MAXIMUM LOG-LIKELIHOOD VALUE FOR THE UNRESTRICTED (H1) MODEL IS -4754.530




MODEL FIT INFORMATION

Number of Free Parameters                        7

Loglikelihood

    H0 Value

        Mean                             -4811.216
        Std Dev                             32.824
        Number of successful computations    10000

             Proportions                   Percentiles
        Expected    Observed         Expected       Observed
           0.990       0.991        -4887.575      -4886.231
           0.980       0.981        -4878.627      -4877.821
           0.950       0.950        -4865.209      -4865.243
           0.900       0.898        -4853.284      -4853.676
           0.800       0.800        -4838.841      -4838.909
           0.700       0.704        -4828.429      -4828.095
           0.500       0.501        -4811.216      -4811.149
           0.300       0.296        -4794.003      -4794.428
           0.200       0.202        -4783.591      -4783.381
           0.100       0.099        -4769.148      -4769.306
           0.050       0.049        -4757.223      -4757.674
           0.020       0.020        -4743.805      -4744.032
           0.010       0.010        -4734.857      -4734.338

    H1 Value

        Mean                             -4811.216
        Std Dev                             32.824
        Number of successful computations    10000

             Proportions                   Percentiles
        Expected    Observed         Expected       Observed
           0.990       0.991        -4887.575      -4886.231
           0.980       0.981        -4878.627      -4877.821
           0.950       0.950        -4865.208      -4865.243
           0.900       0.898        -4853.283      -4853.675
           0.800       0.800        -4838.841      -4838.910
           0.700       0.704        -4828.429      -4828.096
           0.500       0.501        -4811.216      -4811.149
           0.300       0.296        -4794.003      -4794.428
           0.200       0.202        -4783.591      -4783.381
           0.100       0.099        -4769.148      -4769.292
           0.050       0.049        -4757.223      -4757.674
           0.020       0.020        -4743.804      -4744.032
           0.010       0.010        -4734.857      -4734.338

Information Criteria

    Akaike (AIC)

        Mean                              9636.432
        Std Dev                             65.649
        Number of successful computations    10000

             Proportions                   Percentiles
        Expected    Observed         Expected       Observed
           0.990       0.990         9483.713       9482.584
           0.980       0.980         9501.609       9501.793
           0.950       0.951         9528.446       9529.291
           0.900       0.901         9552.296       9552.571
           0.800       0.798         9581.182       9580.732
           0.700       0.704         9602.006       9602.811
           0.500       0.499         9636.432       9636.282
           0.300       0.296         9670.858       9670.191
           0.200       0.200         9691.682       9691.742
           0.100       0.102         9720.567       9721.347
           0.050       0.050         9744.417       9744.484
           0.020       0.019         9771.254       9769.341
           0.010       0.009         9789.150       9786.095

    Bayesian (BIC)

        Mean                              9671.453
        Std Dev                             65.649
        Number of successful computations    10000

             Proportions                   Percentiles
        Expected    Observed         Expected       Observed
           0.990       0.990         9518.735       9517.606
           0.980       0.980         9536.631       9536.815
           0.950       0.951         9563.468       9564.312
           0.900       0.901         9587.318       9587.592
           0.800       0.798         9616.203       9615.753
           0.700       0.704         9637.027       9637.833
           0.500       0.499         9671.453       9671.303
           0.300       0.296         9705.879       9705.212
           0.200       0.200         9726.703       9726.764
           0.100       0.102         9755.588       9756.368
           0.050       0.050         9779.439       9779.505
           0.020       0.019         9806.276       9804.363
           0.010       0.009         9824.172       9821.117

    Sample-Size Adjusted BIC (n* = (n + 2) / 24)

        Mean                              9649.220
        Std Dev                             65.649
        Number of successful computations    10000

             Proportions                   Percentiles
        Expected    Observed         Expected       Observed
           0.990       0.990         9496.501       9495.372
           0.980       0.980         9514.397       9514.581
           0.950       0.951         9541.234       9542.079
           0.900       0.901         9565.084       9565.359
           0.800       0.798         9593.970       9593.520
           0.700       0.704         9614.793       9615.599
           0.500       0.499         9649.220       9649.070
           0.300       0.296         9683.646       9682.978
           0.200       0.200         9704.469       9704.530
           0.100       0.102         9733.355       9734.135
           0.050       0.050         9757.205       9757.272
           0.020       0.019         9784.042       9782.129
           0.010       0.009         9801.938       9798.883

Chi-Square Test of Model Fit

        Degrees of freedom                       0

        Mean                                 0.001
        Std Dev                              0.013
        Number of successful computations    10000

             Proportions                   Percentiles
        Expected    Observed         Expected       Observed
           0.990       0.074            0.000          0.000
           0.980       0.074            0.000          0.000
           0.950       0.074            0.000          0.000
           0.900       0.074            0.000          0.000
           0.800       0.074            0.000          0.000
           0.700       0.074            0.000          0.000
           0.500       0.074            0.000          0.000
           0.300       0.074            0.000          0.000
           0.200       0.074            0.000          0.000
           0.100       0.074            0.000          0.000
           0.050       0.074            0.000          0.000
           0.020       0.074            0.000          0.001
           0.010       0.074            0.000          0.003

RMSEA (Root Mean Square Error Of Approximation)

        Mean                                 0.000
        Std Dev                              0.000
        Number of successful computations    10000

             Proportions                   Percentiles
        Expected    Observed         Expected       Observed
           0.990       0.000            0.000          0.000
           0.980       0.000            0.000          0.000
           0.950       0.000            0.000          0.000
           0.900       0.000            0.000          0.000
           0.800       0.000            0.000          0.000
           0.700       0.000            0.000          0.000
           0.500       0.000            0.000          0.000
           0.300       0.000            0.000          0.000
           0.200       0.000            0.000          0.000
           0.100       0.000            0.000          0.000
           0.050       0.000            0.000          0.000
           0.020       0.000            0.000          0.000
           0.010       0.000            0.000          0.000

SRMR (Standardized Root Mean Square Residual) for the WITHIN level

        Mean                                 0.000
        Std Dev                              0.000
        Number of successful computations    10000

             Proportions                   Percentiles
        Expected    Observed         Expected       Observed
           0.990       1.000            0.000          0.000
           0.980       1.000            0.000          0.000
           0.950       1.000            0.000          0.000
           0.900       1.000            0.000          0.000
           0.800       1.000            0.000          0.000
           0.700       0.888            0.000          0.000
           0.500       0.267            0.000          0.000
           0.300       0.132            0.000          0.000
           0.200       0.086            0.000          0.000
           0.100       0.054            0.000          0.000
           0.050       0.041            0.000          0.000
           0.020       0.033            0.000          0.000
           0.010       0.029            0.000          0.000

SRMR (Standardized Root Mean Square Residual) for the BETWEEN level

        Mean                                 0.000
        Std Dev                              0.000
        Number of successful computations    10000

             Proportions                   Percentiles
        Expected    Observed         Expected       Observed
           0.990       1.000            0.000          0.000
           0.980       1.000            0.000          0.000
           0.950       1.000            0.000          0.000
           0.900       1.000            0.000          0.000
           0.800       1.000            0.000          0.000
           0.700       1.000            0.000          0.000
           0.500       0.274            0.000          0.000
           0.300       0.079            0.000          0.000
           0.200       0.047            0.000          0.000
           0.100       0.026            0.000          0.000
           0.050       0.018            0.001          0.000
           0.020       0.012            0.001          0.001
           0.010       0.010            0.001          0.001



MODEL RESULTS

                           ESTIMATES              S. E.     M. S. E.  95%  % Sig
              Population   Average   Std. Dev.   Average             Cover Coeff
Within Level

 POST       ON
  PRE              0.894     0.8938     0.0138     0.0136     0.0002 0.941 1.000

 Residual Variances
  POST             2.000     1.9971     0.0870     0.0859     0.0076 0.941 1.000

Between Level

 POST       ON
  PRE              0.949     0.9551     0.0895     0.0796     0.0080 0.918 1.000
  EST              0.447     0.4477     0.1281     0.1220     0.0164 0.931 0.946
  MINT             0.447     0.4473     0.1282     0.1221     0.0164 0.930 0.943

 Intercepts
  POST             0.000     0.0004     0.1104     0.1050     0.0122 0.929 0.071

 Residual Variances
  POST             0.100     0.0828     0.0379     0.0352     0.0017 0.835 0.683


QUALITY OF NUMERICAL RESULTS

     Average Condition Number for the Information Matrix      0.559E-02
       (ratio of smallest to largest eigenvalue)


TECHNICAL 1 OUTPUT


     PARAMETER SPECIFICATION FOR WITHIN


           NU
              POST          PRE           EST           MINT
              ________      ________      ________      ________
 1                  0             0             0             0


           LAMBDA
              POST          PRE           EST           MINT
              ________      ________      ________      ________
 POST               0             0             0             0
 PRE                0             0             0             0
 EST                0             0             0             0
 MINT               0             0             0             0


           THETA
              POST          PRE           EST           MINT
              ________      ________      ________      ________
 POST               0
 PRE                0             0
 EST                0             0             0
 MINT               0             0             0             0


           ALPHA
              POST          PRE           EST           MINT
              ________      ________      ________      ________
 1                  0             0             0             0


           BETA
              POST          PRE           EST           MINT
              ________      ________      ________      ________
 POST               0             1             0             0
 PRE                0             0             0             0
 EST                0             0             0             0
 MINT               0             0             0             0


           PSI
              POST          PRE           EST           MINT
              ________      ________      ________      ________
 POST               2
 PRE                0             0
 EST                0             0             0
 MINT               0             0             0             0


     PARAMETER SPECIFICATION FOR BETWEEN


           NU
              POST          PRE           EST           MINT
              ________      ________      ________      ________
 1                  0             0             0             0


           LAMBDA
              POST          PRE           EST           MINT
              ________      ________      ________      ________
 POST               0             0             0             0
 PRE                0             0             0             0
 EST                0             0             0             0
 MINT               0             0             0             0


           THETA
              POST          PRE           EST           MINT
              ________      ________      ________      ________
 POST               0
 PRE                0             0
 EST                0             0             0
 MINT               0             0             0             0


           ALPHA
              POST          PRE           EST           MINT
              ________      ________      ________      ________
 1                  3             0             0             0


           BETA
              POST          PRE           EST           MINT
              ________      ________      ________      ________
 POST               0             4             5             6
 PRE                0             0             0             0
 EST                0             0             0             0
 MINT               0             0             0             0


           PSI
              POST          PRE           EST           MINT
              ________      ________      ________      ________
 POST               7
 PRE                0             0
 EST                0             0             0
 MINT               0             0             0             0


     STARTING VALUES FOR WITHIN


           NU
              POST          PRE           EST           MINT
              ________      ________      ________      ________
 1              0.000         0.000         0.000         0.000


           LAMBDA
              POST          PRE           EST           MINT
              ________      ________      ________      ________
 POST           1.000         0.000         0.000         0.000
 PRE            0.000         1.000         0.000         0.000
 EST            0.000         0.000         1.000         0.000
 MINT           0.000         0.000         0.000         1.000


           THETA
              POST          PRE           EST           MINT
              ________      ________      ________      ________
 POST           0.000
 PRE            0.000         0.000
 EST            0.000         0.000         0.000
 MINT           0.000         0.000         0.000         0.000


           ALPHA
              POST          PRE           EST           MINT
              ________      ________      ________      ________
 1              0.000         0.000         0.000         0.000


           BETA
              POST          PRE           EST           MINT
              ________      ________      ________      ________
 POST           0.000         0.894         0.000         0.000
 PRE            0.000         0.000         0.000         0.000
 EST            0.000         0.000         0.000         0.000
 MINT           0.000         0.000         0.000         0.000


           PSI
              POST          PRE           EST           MINT
              ________      ________      ________      ________
 POST           2.000
 PRE            0.000         0.500
 EST            0.000         0.000         0.000
 MINT           0.000         0.000         0.000         0.000


     STARTING VALUES FOR BETWEEN


           NU
              POST          PRE           EST           MINT
              ________      ________      ________      ________
 1              0.000         0.000         0.000         0.000


           LAMBDA
              POST          PRE           EST           MINT
              ________      ________      ________      ________
 POST           1.000         0.000         0.000         0.000
 PRE            0.000         1.000         0.000         0.000
 EST            0.000         0.000         1.000         0.000
 MINT           0.000         0.000         0.000         1.000


           THETA
              POST          PRE           EST           MINT
              ________      ________      ________      ________
 POST           0.000
 PRE            0.000         0.000
 EST            0.000         0.000         0.000
 MINT           0.000         0.000         0.000         0.000


           ALPHA
              POST          PRE           EST           MINT
              ________      ________      ________      ________
 1              0.000         0.000         0.000         0.000


           BETA
              POST          PRE           EST           MINT
              ________      ________      ________      ________
 POST           0.000         0.949         0.447         0.447
 PRE            0.000         0.000         0.000         0.000
 EST            0.000         0.000         0.000         0.000
 MINT           0.000         0.000         0.000         0.000


           PSI
              POST          PRE           EST           MINT
              ________      ________      ________      ________
 POST           0.100
 PRE            0.000         0.500
 EST            0.000         0.000         0.500
 MINT           0.000         0.000         0.000         0.500


     POPULATION VALUES FOR WITHIN


           NU
              POST          PRE           EST           MINT
              ________      ________      ________      ________
 1              0.000         0.000         0.000         0.000


           LAMBDA
              POST          PRE           EST           MINT
              ________      ________      ________      ________
 POST           1.000         0.000         0.000         0.000
 PRE            0.000         1.000         0.000         0.000
 EST            0.000         0.000         1.000         0.000
 MINT           0.000         0.000         0.000         1.000


           THETA
              POST          PRE           EST           MINT
              ________      ________      ________      ________
 POST           0.000
 PRE            0.000         0.000
 EST            0.000         0.000         0.000
 MINT           0.000         0.000         0.000         0.000


           ALPHA
              POST          PRE           EST           MINT
              ________      ________      ________      ________
 1              0.000         0.000         0.000         0.000


           BETA
              POST          PRE           EST           MINT
              ________      ________      ________      ________
 POST           0.000         0.894         0.000         0.000
 PRE            0.000         0.000         0.000         0.000
 EST            0.000         0.000         0.000         0.000
 MINT           0.000         0.000         0.000         0.000


           PSI
              POST          PRE           EST           MINT
              ________      ________      ________      ________
 POST           2.000
 PRE            0.000        10.000
 EST            0.000         0.000         0.000
 MINT           0.000         0.000         0.000         0.000


     POPULATION VALUES FOR BETWEEN


           NU
              POST          PRE           EST           MINT
              ________      ________      ________      ________
 1              0.000         0.000         0.000         0.000


           LAMBDA
              POST          PRE           EST           MINT
              ________      ________      ________      ________
 POST           1.000         0.000         0.000         0.000
 PRE            0.000         1.000         0.000         0.000
 EST            0.000         0.000         1.000         0.000
 MINT           0.000         0.000         0.000         1.000


           THETA
              POST          PRE           EST           MINT
              ________      ________      ________      ________
 POST           0.000
 PRE            0.000         0.000
 EST            0.000         0.000         0.000
 MINT           0.000         0.000         0.000         0.000


           ALPHA
              POST          PRE           EST           MINT
              ________      ________      ________      ________
 1              0.000         0.000         0.500         0.500


           BETA
              POST          PRE           EST           MINT
              ________      ________      ________      ________
 POST           0.000         0.949         0.447         0.447
 PRE            0.000         0.000         0.000         0.000
 EST            0.000         0.000         0.000         0.000
 MINT           0.000         0.000         0.000         0.000


           PSI
              POST          PRE           EST           MINT
              ________      ________      ________      ________
 POST           0.100
 PRE            0.000         1.000
 EST            0.000         0.000         0.250
 MINT           0.000         0.000         0.000         0.250


TECHNICAL 9 OUTPUT

  Error messages for each replication (if any)



DIAGRAM INFORMATION

  Mplus diagrams are currently not available for multilevel analysis.
  No diagram output was produced.


     Beginning Time:  00:06:18
        Ending Time:  00:08:30
       Elapsed Time:  00:02:12



MUTHEN & MUTHEN
3463 Stoner Ave.
Los Angeles, CA  90066

Tel: (310) 391-9971
Fax: (310) 391-8971
Web: www.StatModel.com
Support: Support@StatModel.com

Copyright (c) 1998-2013 Muthen & Muthen
