Mplus VERSION 7.11
MUTHEN & MUTHEN
02/26/2015   3:58 PM

INPUT INSTRUCTIONS

  TITLE:	Monte Carlo Simulation
          for Transfer Effect
          of Intervention on Complex Problem Solving
  Assumptions:
  - Intraclass correlation coefficient about .10:
    The variance between classrooms makes up
    about 10% of the whole variance after the intervention
    (about 8% before intervention,
     1% due to intervention,
     1% due to non-controllable factors)
  - Posttest variance within classrooms:
    80% explained by pretest (retest-reliability)
    20% left unexplained
  - Posttest variance between classrooms:
    about 80% explained by pretest
    about 5% explained by est: Experimentaion Skills Training
    about 5% explained by mint: MINT Curriculum
    about 10% left unexplained due to non-controllable factors
  - 10% Missing data on posttest
  - Class sizes vary from 10 t0 30 children per class,
    with more classes in the middle range (15-25 children)

  montecarlo:
          ! Define simulated variables
    		names are
          post ! Complex Problem Solving posttest
          pre  ! Compelx Problem Solving pretest
          est  ! Intervention 1: Expeirmentation Skills Training
          mint;! Intervention 2: MINT curriculum
    		nobservations = 900; ! Total sample size for each Monte Carlo-draw
    		ncsizes = 5; ! Nubmer of different classroom sizes
          ! Classroom sample: Overall 40 Classrooms with 10 - 30 children
    		csizes = 6 (10) 10 (15) 13 (20) 10 (25) 6 (30); ! Number and size of the 45 classrooms
          ! Define intervention variable (>.5 = intervention group;
                                          ! see Thoemmes, MacKinnon, & Reiser, 2010)
          cutpoints = est (.5) mint (.5);
          ! Define missing values
          PATMISS = post (.10); ! 10% of posttest-data CPS are missing
    		PATPROBS = 1;
          ! Define seed for quasi-random number generation
          seed = 666;
          ! Define number of Monte Carlo draws from the population
    		nreps = 10000;
          ! Define variables on second level (school class level)
            between = est mint; ! The interventions happen on the classroom level
          !save = MCTransfer_*.dat; ! Activate to save sampled data
          !repsave = all;         ! Activate to save sampled data

  ANALYSIS:   TYPE = TWOLEVEL;

  model population:
  		
          %within%
          ! Posttest-residual variance
          post*2; ! Retest-reliability .80 20% variance not explained by pre-test
          pre*10; ! Pretest-variance within classrooms
          post ON pre*.894; ! Pretest explains 80% (.894^2) of posttest

          %between%
          post*.10; ! 10% of posttest-variance unexplained
          pre*1; ! Pretest-variance between classrooms
          [est*.5]; ! Mean of "est" intervention variable
          ! Variance of "est" intervention variable
          est*.25; ! .25 so that SD = .5
          [mint*.5]; ! Mean of "mint" intervention variable
          ! Variance of "mint" intervention variable
          mint*.25; ! .25 so that SD = .5
          ! Regression of posttest variance between classrooms
          post ON pre*.949 est*.447 mint*.447; ! .90 explained by pretest (.949^2*1),
                                               ! .05 by est (.447^2*.25),
                                               ! .05 by mint (.447^2*.25)
                                               ! = 1.00 explained variance,
                                               ! .10 non-explained,
                                               ! sums up to variance of 1.10 at posttest
                                               ! which makes up an ICC of about .10
          		
  model:
          ! Same as population model without mentioning
          ! means and variances of exogenous variables
          %within%
          post*2;

          post ON pre*.894;

          %between%
          post*.10;



          post ON pre*.949 est*.447 mint*.447;



  output:
  		tech9; ! Show simulation results



INPUT READING TERMINATED NORMALLY



Monte Carlo Simulation
for Transfer Effect
of Intervention on Complex Problem Solving
Assumptions:
- Intraclass correlation coefficient about .10:
The variance between classrooms makes up
about 10% of the whole variance after the intervention
(about 8% before intervention,
1% due to intervention,
1% due to non-controllable factors)
- Posttest variance within classrooms:
80% explained by pretest (retest-reliability)
20% left unexplained
- Posttest variance between classrooms:
about 80% explained by pretest
about 5% explained by est: Experimentaion Skills Training
about 5% explained by mint: MINT Curriculum
about 10% left unexplained due to non-controllable factors
- 10% Missing data on posttest
- Class sizes vary from 10 t0 30 children per class,
with more classes in the middle range (15-25 children)

SUMMARY OF ANALYSIS

Number of groups                                                 1
Number of observations                                         900

Number of replications
    Requested                                                10000
    Completed                                                 9999
Value of seed                                                  666

Number of dependent variables                                    1
Number of independent variables                                  3
Number of continuous latent variables                            0

Observed dependent variables

  Continuous
   POST

Observed independent variables
   PRE         EST         MINT

Variables with special functions

  Between variables
   EST         MINT


Estimator                                                      MLR
Information matrix                                        OBSERVED
Maximum number of iterations                                   100
Convergence criterion                                    0.100D-05
Maximum number of EM iterations                                500
Convergence criteria for the EM algorithm
  Loglikelihood change                                   0.100D-02
  Relative loglikelihood change                          0.100D-05
  Derivative                                             0.100D-03
Minimum variance                                         0.100D-03
Maximum number of steepest descent iterations                   20
Maximum number of iterations for H1                           2000
Convergence criterion for H1                             0.100D-03
Optimization algorithm                                         EMA


SUMMARY OF DATA FOR THE FIRST REPLICATION

     Number of missing data patterns             1
     Cluster information

       Size (s)    Number of clusters of Size s

         10             6
         15            10
         20            13
         25            10
         30             6

     Average cluster size       20.000

     Estimated Intraclass Correlations for the Y Variables

                Intraclass
     Variable  Correlation

     POST         0.095


SUMMARY OF MISSING DATA PATTERNS FOR THE FIRST REPLICATION


     MISSING DATA PATTERNS (x = not missing)

           1
 POST      x
 PRE       x
 EST       x
 MINT      x


     MISSING DATA PATTERN FREQUENCIES

    Pattern   Frequency
          1         900


COVARIANCE COVERAGE OF DATA FOR THE FIRST REPLICATION

Minimum covariance coverage value   0.100


     PROPORTION OF DATA PRESENT


           Covariance Coverage
              POST          PRE           EST           MINT
              ________      ________      ________      ________
 POST           1.000
 PRE            1.000         1.000
 EST            1.000         1.000         1.000
 MINT           1.000         1.000         1.000         1.000


SAMPLE STATISTICS FOR THE FIRST REPLICATION

NOTE:  The sample statistics for within and between refer to the
       maximum-likelihood estimated within and between covariance
       matrices, respectively.


     ESTIMATED SAMPLE STATISTICS FOR WITHIN


           Means
              POST          PRE           EST           MINT
              ________      ________      ________      ________
 1              0.000         0.000         0.000         0.000


           Covariances
              POST          PRE           EST           MINT
              ________      ________      ________      ________
 POST           9.310
 PRE            8.381         9.548
 EST            0.000         0.000         0.000
 MINT           0.000         0.000         0.000         0.000


           Correlations
              POST          PRE           EST           MINT
              ________      ________      ________      ________
 POST           1.000
 PRE            0.889         1.000
 EST            0.000         0.000         0.000
 MINT           0.000         0.000         0.000         0.000


     ESTIMATED SAMPLE STATISTICS FOR BETWEEN


           Means
              POST          PRE           EST           MINT
              ________      ________      ________      ________
 1              0.537         0.120         0.422         0.600


           Covariances
              POST          PRE           EST           MINT
              ________      ________      ________      ________
 POST           0.973
 PRE            0.917         1.051
 EST            0.059        -0.061         0.244
 MINT           0.087         0.016         0.013         0.240


           Correlations
              POST          PRE           EST           MINT
              ________      ________      ________      ________
 POST           1.000
 PRE            0.907         1.000
 EST            0.122        -0.120         1.000
 MINT           0.179         0.032         0.055         1.000


     MAXIMUM LOG-LIKELIHOOD VALUE FOR THE UNRESTRICTED (H1) MODEL IS -3912.117




MODEL FIT INFORMATION

Number of Free Parameters                        7

Loglikelihood

    H0 Value

        Mean                             -3934.942
        Std Dev                             30.152
        Number of successful computations     9999

             Proportions                   Percentiles
        Expected    Observed         Expected       Observed
           0.990       0.990        -4005.084      -4004.974
           0.980       0.980        -3996.864      -3996.651
           0.950       0.951        -3984.538      -3984.033
           0.900       0.903        -3973.584      -3973.134
           0.800       0.801        -3960.317      -3960.220
           0.700       0.694        -3950.753      -3951.169
           0.500       0.495        -3934.942      -3935.294
           0.300       0.300        -3919.130      -3919.141
           0.200       0.198        -3909.566      -3909.830
           0.100       0.101        -3896.299      -3896.066
           0.050       0.052        -3885.345      -3884.529
           0.020       0.020        -3873.019      -3872.881
           0.010       0.011        -3864.799      -3863.793

    H1 Value

        Mean                             -3934.941
        Std Dev                             30.152
        Number of successful computations     9999

             Proportions                   Percentiles
        Expected    Observed         Expected       Observed
           0.990       0.990        -4005.083      -4004.974
           0.980       0.980        -3996.864      -3996.651
           0.950       0.951        -3984.538      -3984.033
           0.900       0.903        -3973.584      -3973.134
           0.800       0.801        -3960.317      -3960.220
           0.700       0.694        -3950.752      -3951.165
           0.500       0.495        -3934.941      -3935.294
           0.300       0.300        -3919.129      -3919.141
           0.200       0.198        -3909.565      -3909.829
           0.100       0.101        -3896.298      -3896.067
           0.050       0.052        -3885.344      -3884.529
           0.020       0.020        -3873.018      -3872.881
           0.010       0.011        -3864.798      -3863.793

Information Criteria

    Akaike (AIC)

        Mean                              7883.883
        Std Dev                             60.304
        Number of successful computations     9999

             Proportions                   Percentiles
        Expected    Observed         Expected       Observed
           0.990       0.989         7743.599       7740.881
           0.980       0.980         7760.038       7759.441
           0.950       0.948         7784.690       7782.938
           0.900       0.899         7806.598       7806.018
           0.800       0.802         7833.132       7833.617
           0.700       0.700         7852.260       7852.266
           0.500       0.505         7883.883       7884.529
           0.300       0.306         7915.506       7916.315
           0.200       0.199         7934.635       7934.401
           0.100       0.097         7961.168       7960.144
           0.050       0.049         7983.077       7981.898
           0.020       0.020         8007.729       8007.075
           0.010       0.010         8024.168       8023.374

    Bayesian (BIC)

        Mean                              7917.500
        Std Dev                             60.304
        Number of successful computations     9999

             Proportions                   Percentiles
        Expected    Observed         Expected       Observed
           0.990       0.989         7777.216       7774.497
           0.980       0.980         7793.654       7793.058
           0.950       0.948         7818.307       7816.554
           0.900       0.899         7840.215       7839.635
           0.800       0.802         7866.748       7867.234
           0.700       0.700         7885.877       7885.883
           0.500       0.505         7917.500       7918.145
           0.300       0.306         7949.123       7949.932
           0.200       0.199         7968.252       7968.018
           0.100       0.097         7994.785       7993.761
           0.050       0.049         8016.693       8015.515
           0.020       0.020         8041.346       8040.692
           0.010       0.010         8057.784       8056.990

    Sample-Size Adjusted BIC (n* = (n + 2) / 24)

        Mean                              7895.269
        Std Dev                             60.304
        Number of successful computations     9999

             Proportions                   Percentiles
        Expected    Observed         Expected       Observed
           0.990       0.989         7754.985       7752.267
           0.980       0.980         7771.424       7770.827
           0.950       0.948         7796.076       7794.323
           0.900       0.899         7817.984       7817.404
           0.800       0.802         7844.518       7845.003
           0.700       0.700         7863.646       7863.652
           0.500       0.505         7895.269       7895.914
           0.300       0.306         7926.892       7927.701
           0.200       0.199         7946.021       7945.787
           0.100       0.097         7972.554       7971.530
           0.050       0.049         7994.463       7993.284
           0.020       0.020         8019.115       8018.461
           0.010       0.010         8035.553       8034.760

Chi-Square Test of Model Fit

        Degrees of freedom                       0

        Mean                                 0.003
        Std Dev                              0.021
        Number of successful computations     9999

             Proportions                   Percentiles
        Expected    Observed         Expected       Observed
           0.990       0.077            0.000          0.000
           0.980       0.077            0.000          0.000
           0.950       0.077            0.000          0.000
           0.900       0.077            0.000          0.000
           0.800       0.077            0.000          0.000
           0.700       0.077            0.000          0.000
           0.500       0.077            0.000          0.000
           0.300       0.077            0.000          0.000
           0.200       0.077            0.000          0.000
           0.100       0.077            0.000          0.000
           0.050       0.077            0.000          0.000
           0.020       0.077            0.000          0.004
           0.010       0.077            0.000          0.153

RMSEA (Root Mean Square Error Of Approximation)

        Mean                                 0.000
        Std Dev                              0.000
        Number of successful computations     9999

             Proportions                   Percentiles
        Expected    Observed         Expected       Observed
           0.990       0.000            0.000          0.000
           0.980       0.000            0.000          0.000
           0.950       0.000            0.000          0.000
           0.900       0.000            0.000          0.000
           0.800       0.000            0.000          0.000
           0.700       0.000            0.000          0.000
           0.500       0.000            0.000          0.000
           0.300       0.000            0.000          0.000
           0.200       0.000            0.000          0.000
           0.100       0.000            0.000          0.000
           0.050       0.000            0.000          0.000
           0.020       0.000            0.000          0.000
           0.010       0.000            0.000          0.000

SRMR (Standardized Root Mean Square Residual) for the WITHIN level

        Mean                                 0.000
        Std Dev                              0.000
        Number of successful computations     9999

             Proportions                   Percentiles
        Expected    Observed         Expected       Observed
           0.990       1.000            0.000          0.000
           0.980       1.000            0.000          0.000
           0.950       1.000            0.000          0.000
           0.900       1.000            0.000          0.000
           0.800       1.000            0.000          0.000
           0.700       0.846            0.000          0.000
           0.500       0.281            0.000          0.000
           0.300       0.132            0.000          0.000
           0.200       0.092            0.000          0.000
           0.100       0.063            0.000          0.000
           0.050       0.052            0.000          0.000
           0.020       0.040            0.000          0.000
           0.010       0.037            0.000          0.000

SRMR (Standardized Root Mean Square Residual) for the BETWEEN level

        Mean                                 0.000
        Std Dev                              0.000
        Number of successful computations     9999

             Proportions                   Percentiles
        Expected    Observed         Expected       Observed
           0.990       1.000           -0.001          0.000
           0.980       1.000           -0.001          0.000
           0.950       1.000           -0.001          0.000
           0.900       1.000            0.000          0.000
           0.800       1.000            0.000          0.000
           0.700       1.000            0.000          0.000
           0.500       0.248            0.000          0.000
           0.300       0.068            0.000          0.000
           0.200       0.043            0.001          0.000
           0.100       0.025            0.001          0.000
           0.050       0.017            0.001          0.001
           0.020       0.011            0.001          0.001
           0.010       0.008            0.001          0.001



MODEL RESULTS

                           ESTIMATES              S. E.     M. S. E.  95%  % Sig
              Population   Average   Std. Dev.   Average             Cover Coeff
Within Level

 POST       ON
  PRE              0.894     0.8939     0.0152     0.0150     0.0002 0.940 1.000

 Residual Variances
  POST             2.000     1.9965     0.0965     0.0947     0.0093 0.938 1.000

Between Level

 POST       ON
  PRE              0.949     0.9529     0.1037     0.0896     0.0108 0.909 0.999
  EST              0.447     0.4473     0.1463     0.1352     0.0214 0.921 0.887
  MINT             0.447     0.4488     0.1428     0.1351     0.0204 0.928 0.894

 Intercepts
  POST             0.000    -0.0001     0.1254     0.1160     0.0157 0.918 0.082

 Residual Variances
  POST             0.100     0.0777     0.0408     0.0379     0.0022 0.804 0.528


QUALITY OF NUMERICAL RESULTS

     Average Condition Number for the Information Matrix      0.518E-02
       (ratio of smallest to largest eigenvalue)


TECHNICAL 1 OUTPUT


     PARAMETER SPECIFICATION FOR WITHIN


           NU
              POST          PRE           EST           MINT
              ________      ________      ________      ________
 1                  0             0             0             0


           LAMBDA
              POST          PRE           EST           MINT
              ________      ________      ________      ________
 POST               0             0             0             0
 PRE                0             0             0             0
 EST                0             0             0             0
 MINT               0             0             0             0


           THETA
              POST          PRE           EST           MINT
              ________      ________      ________      ________
 POST               0
 PRE                0             0
 EST                0             0             0
 MINT               0             0             0             0


           ALPHA
              POST          PRE           EST           MINT
              ________      ________      ________      ________
 1                  0             0             0             0


           BETA
              POST          PRE           EST           MINT
              ________      ________      ________      ________
 POST               0             1             0             0
 PRE                0             0             0             0
 EST                0             0             0             0
 MINT               0             0             0             0


           PSI
              POST          PRE           EST           MINT
              ________      ________      ________      ________
 POST               2
 PRE                0             0
 EST                0             0             0
 MINT               0             0             0             0


     PARAMETER SPECIFICATION FOR BETWEEN


           NU
              POST          PRE           EST           MINT
              ________      ________      ________      ________
 1                  0             0             0             0


           LAMBDA
              POST          PRE           EST           MINT
              ________      ________      ________      ________
 POST               0             0             0             0
 PRE                0             0             0             0
 EST                0             0             0             0
 MINT               0             0             0             0


           THETA
              POST          PRE           EST           MINT
              ________      ________      ________      ________
 POST               0
 PRE                0             0
 EST                0             0             0
 MINT               0             0             0             0


           ALPHA
              POST          PRE           EST           MINT
              ________      ________      ________      ________
 1                  3             0             0             0


           BETA
              POST          PRE           EST           MINT
              ________      ________      ________      ________
 POST               0             4             5             6
 PRE                0             0             0             0
 EST                0             0             0             0
 MINT               0             0             0             0


           PSI
              POST          PRE           EST           MINT
              ________      ________      ________      ________
 POST               7
 PRE                0             0
 EST                0             0             0
 MINT               0             0             0             0


     STARTING VALUES FOR WITHIN


           NU
              POST          PRE           EST           MINT
              ________      ________      ________      ________
 1              0.000         0.000         0.000         0.000


           LAMBDA
              POST          PRE           EST           MINT
              ________      ________      ________      ________
 POST           1.000         0.000         0.000         0.000
 PRE            0.000         1.000         0.000         0.000
 EST            0.000         0.000         1.000         0.000
 MINT           0.000         0.000         0.000         1.000


           THETA
              POST          PRE           EST           MINT
              ________      ________      ________      ________
 POST           0.000
 PRE            0.000         0.000
 EST            0.000         0.000         0.000
 MINT           0.000         0.000         0.000         0.000


           ALPHA
              POST          PRE           EST           MINT
              ________      ________      ________      ________
 1              0.000         0.000         0.000         0.000


           BETA
              POST          PRE           EST           MINT
              ________      ________      ________      ________
 POST           0.000         0.894         0.000         0.000
 PRE            0.000         0.000         0.000         0.000
 EST            0.000         0.000         0.000         0.000
 MINT           0.000         0.000         0.000         0.000


           PSI
              POST          PRE           EST           MINT
              ________      ________      ________      ________
 POST           2.000
 PRE            0.000         0.500
 EST            0.000         0.000         0.000
 MINT           0.000         0.000         0.000         0.000


     STARTING VALUES FOR BETWEEN


           NU
              POST          PRE           EST           MINT
              ________      ________      ________      ________
 1              0.000         0.000         0.000         0.000


           LAMBDA
              POST          PRE           EST           MINT
              ________      ________      ________      ________
 POST           1.000         0.000         0.000         0.000
 PRE            0.000         1.000         0.000         0.000
 EST            0.000         0.000         1.000         0.000
 MINT           0.000         0.000         0.000         1.000


           THETA
              POST          PRE           EST           MINT
              ________      ________      ________      ________
 POST           0.000
 PRE            0.000         0.000
 EST            0.000         0.000         0.000
 MINT           0.000         0.000         0.000         0.000


           ALPHA
              POST          PRE           EST           MINT
              ________      ________      ________      ________
 1              0.000         0.000         0.000         0.000


           BETA
              POST          PRE           EST           MINT
              ________      ________      ________      ________
 POST           0.000         0.949         0.447         0.447
 PRE            0.000         0.000         0.000         0.000
 EST            0.000         0.000         0.000         0.000
 MINT           0.000         0.000         0.000         0.000


           PSI
              POST          PRE           EST           MINT
              ________      ________      ________      ________
 POST           0.100
 PRE            0.000         0.500
 EST            0.000         0.000         0.500
 MINT           0.000         0.000         0.000         0.500


     POPULATION VALUES FOR WITHIN


           NU
              POST          PRE           EST           MINT
              ________      ________      ________      ________
 1              0.000         0.000         0.000         0.000


           LAMBDA
              POST          PRE           EST           MINT
              ________      ________      ________      ________
 POST           1.000         0.000         0.000         0.000
 PRE            0.000         1.000         0.000         0.000
 EST            0.000         0.000         1.000         0.000
 MINT           0.000         0.000         0.000         1.000


           THETA
              POST          PRE           EST           MINT
              ________      ________      ________      ________
 POST           0.000
 PRE            0.000         0.000
 EST            0.000         0.000         0.000
 MINT           0.000         0.000         0.000         0.000


           ALPHA
              POST          PRE           EST           MINT
              ________      ________      ________      ________
 1              0.000         0.000         0.000         0.000


           BETA
              POST          PRE           EST           MINT
              ________      ________      ________      ________
 POST           0.000         0.894         0.000         0.000
 PRE            0.000         0.000         0.000         0.000
 EST            0.000         0.000         0.000         0.000
 MINT           0.000         0.000         0.000         0.000


           PSI
              POST          PRE           EST           MINT
              ________      ________      ________      ________
 POST           2.000
 PRE            0.000        10.000
 EST            0.000         0.000         0.000
 MINT           0.000         0.000         0.000         0.000


     POPULATION VALUES FOR BETWEEN


           NU
              POST          PRE           EST           MINT
              ________      ________      ________      ________
 1              0.000         0.000         0.000         0.000


           LAMBDA
              POST          PRE           EST           MINT
              ________      ________      ________      ________
 POST           1.000         0.000         0.000         0.000
 PRE            0.000         1.000         0.000         0.000
 EST            0.000         0.000         1.000         0.000
 MINT           0.000         0.000         0.000         1.000


           THETA
              POST          PRE           EST           MINT
              ________      ________      ________      ________
 POST           0.000
 PRE            0.000         0.000
 EST            0.000         0.000         0.000
 MINT           0.000         0.000         0.000         0.000


           ALPHA
              POST          PRE           EST           MINT
              ________      ________      ________      ________
 1              0.000         0.000         0.500         0.500


           BETA
              POST          PRE           EST           MINT
              ________      ________      ________      ________
 POST           0.000         0.949         0.447         0.447
 PRE            0.000         0.000         0.000         0.000
 EST            0.000         0.000         0.000         0.000
 MINT           0.000         0.000         0.000         0.000


           PSI
              POST          PRE           EST           MINT
              ________      ________      ________      ________
 POST           0.100
 PRE            0.000         1.000
 EST            0.000         0.000         0.250
 MINT           0.000         0.000         0.000         0.250


TECHNICAL 9 OUTPUT

  Error messages for each replication (if any)


     REPLICATION 797:
     THE MODEL ESTIMATION DID NOT TERMINATE NORMALLY DUE TO AN ERROR IN THE
     COMPUTATION.  CHANGE YOUR MODEL AND/OR STARTING VALUES.

     REPLICATION 3517:
     WARNING: THE MODEL ESTIMATION HAS REACHED A SADDLE POINT OR A POINT WHERE THE
     OBSERVED AND THE EXPECTED INFORMATION MATRICES DO NOT MATCH.
     AN ADJUSTMENT TO THE ESTIMATION OF THE INFORMATION MATRIX HAS BEEN MADE.
     THE CONDITION NUMBER IS      -0.703D-02.
     THE PROBLEM MAY ALSO BE RESOLVED BY DECREASING THE VALUE OF THE
     MCONVERGENCE OR LOGCRITERION OPTIONS OR BY CHANGING THE STARTING VALUES
     OR BY USING THE MLF ESTIMATOR.



DIAGRAM INFORMATION

  Mplus diagrams are currently not available for multilevel analysis.
  No diagram output was produced.


     Beginning Time:  15:58:36
        Ending Time:  16:01:08
       Elapsed Time:  00:02:32



MUTHEN & MUTHEN
3463 Stoner Ave.
Los Angeles, CA  90066

Tel: (310) 391-9971
Fax: (310) 391-8971
Web: www.StatModel.com
Support: Support@StatModel.com

Copyright (c) 1998-2013 Muthen & Muthen
