Mplus VERSION 7.11
MUTHEN & MUTHEN
02/26/2015   4:00 PM

INPUT INSTRUCTIONS

  TITLE:	Monte Carlo Simulation
          for Transfer Effect
          of Intervention on Complex Problem Solving
  Assumptions:
  - Intraclass correlation coefficient about .10:
    The variance between classrooms makes up
    about 10% of the whole variance after the intervention
    (about 8% before intervention,
     1% due to intervention,
     1% due to non-controllable factors)
  - Posttest variance within classrooms:
    80% explained by pretest (retest-reliability)
    20% left unexplained
  - Posttest variance between classrooms:
    about 80% explained by pretest
    about 5% explained by est: Experimentaion Skills Training
    about 5% explained by mint: MINT Curriculum
    about 10% left unexplained due to non-controllable factors
  - 10% Missing data on posttest
  - Class sizes vary from 10 t0 30 children per class,
    with more classes in the middle range (15-25 children)

  montecarlo:
          ! Define simulated variables
    		names are
          post ! Complex Problem Solving posttest
          pre  ! Compelx Problem Solving pretest
          est  ! Intervention 1: Expeirmentation Skills Training
          mint;! Intervention 2: MINT curriculum
    		nobservations = 700; ! Total sample size for each Monte Carlo-draw
    		ncsizes = 5; ! Nubmer of different classroom sizes
          ! Classroom sample: Overall 35 Classrooms with 10 - 30 children
    		csizes = 4 (10) 8 (15)  11 (20) 8 (25)  4 (30); ! Number and size of the 35 classrooms
          ! Define intervention variable (>.5 = intervention group;
          ! see Thoemmes, MacKinnon, & Reiser, 2010)
          cutpoints = est (.5) mint (.5);
          ! Define missing values
          PATMISS = post (.10); ! 10% of posttest-data on CPS are missing
    		PATPROBS = 1;
          ! Define seed for quasi-random number generation
          seed = 666;
          ! Define number of Monte Carlo draws from the population
    		nreps = 10000;
          ! Define variables on second level (school class level)
            between = est mint; ! The interventions happen on the classroom level
          !save = MCTransfer_*.dat; ! Activate to save sampled data
          !repsave = all;         ! Activate to save sampled data

  ANALYSIS:   TYPE = TWOLEVEL;

  model population:
  		
          %within%
          ! Posttest-residual variance
          post*2; ! Retest-reliability .80 20% variance not explained by pre-test
          pre*10; ! Pretest-variance within classrooms
          post ON pre*.894; ! Pretest explains 80% (.894^2) of posttest

          %between%
          post*.10; ! 10% of posttest-variance unexplained
          pre*1; ! Pretest-variance between classrooms
          [est*.5]; ! Mean of "est" intervention variable
          ! Variance of "est" intervention variable
          est*.25; ! .25 so that SD = .5
          [mint*.5]; ! Mean of "mint" intervention variable
          ! Variance of "mint" intervention variable
          mint*.25; ! .25 so that SD = .5
          ! Regression of posttest variance between classrooms
          post ON pre*.949 est*.447 mint*.447; ! .90 explained by pretest (.949^2*1),
                                               ! .05 by est (.447^2*.25),
                                               ! .05 by mint (.447^2*.25)
                                               ! = 1.00 explained variance,
                                               ! .10 non-explained,
                                               ! sums up to variance of 1.10 at posttest
                                               ! which makes up an ICC of about .10
          		
  model:
          ! Same as population model without mentioning
          ! means and variances of exogenous variables
          %within%
          post*2;

          post ON pre*.894;

          %between%
          post*.10;



          post ON pre*.949 est*.447 mint*.447;



  output:
  		tech9; ! Show simulation results



INPUT READING TERMINATED NORMALLY



Monte Carlo Simulation
for Transfer Effect
of Intervention on Complex Problem Solving
Assumptions:
- Intraclass correlation coefficient about .10:
The variance between classrooms makes up
about 10% of the whole variance after the intervention
(about 8% before intervention,
1% due to intervention,
1% due to non-controllable factors)
- Posttest variance within classrooms:
80% explained by pretest (retest-reliability)
20% left unexplained
- Posttest variance between classrooms:
about 80% explained by pretest
about 5% explained by est: Experimentaion Skills Training
about 5% explained by mint: MINT Curriculum
about 10% left unexplained due to non-controllable factors
- 10% Missing data on posttest
- Class sizes vary from 10 t0 30 children per class,
with more classes in the middle range (15-25 children)

SUMMARY OF ANALYSIS

Number of groups                                                 1
Number of observations                                         700

Number of replications
    Requested                                                10000
    Completed                                                10000
Value of seed                                                  666

Number of dependent variables                                    1
Number of independent variables                                  3
Number of continuous latent variables                            0

Observed dependent variables

  Continuous
   POST

Observed independent variables
   PRE         EST         MINT

Variables with special functions

  Between variables
   EST         MINT


Estimator                                                      MLR
Information matrix                                        OBSERVED
Maximum number of iterations                                   100
Convergence criterion                                    0.100D-05
Maximum number of EM iterations                                500
Convergence criteria for the EM algorithm
  Loglikelihood change                                   0.100D-02
  Relative loglikelihood change                          0.100D-05
  Derivative                                             0.100D-03
Minimum variance                                         0.100D-03
Maximum number of steepest descent iterations                   20
Maximum number of iterations for H1                           2000
Convergence criterion for H1                             0.100D-03
Optimization algorithm                                         EMA


SUMMARY OF DATA FOR THE FIRST REPLICATION

     Number of missing data patterns             1
     Cluster information

       Size (s)    Number of clusters of Size s

         10             4
         15             8
         20            11
         25             8
         30             4

     Average cluster size       20.000

     Estimated Intraclass Correlations for the Y Variables

                Intraclass
     Variable  Correlation

     POST         0.061


SUMMARY OF MISSING DATA PATTERNS FOR THE FIRST REPLICATION


     MISSING DATA PATTERNS (x = not missing)

           1
 POST      x
 PRE       x
 EST       x
 MINT      x


     MISSING DATA PATTERN FREQUENCIES

    Pattern   Frequency
          1         700


COVARIANCE COVERAGE OF DATA FOR THE FIRST REPLICATION

Minimum covariance coverage value   0.100


     PROPORTION OF DATA PRESENT


           Covariance Coverage
              POST          PRE           EST           MINT
              ________      ________      ________      ________
 POST           1.000
 PRE            1.000         1.000
 EST            1.000         1.000         1.000
 MINT           1.000         1.000         1.000         1.000


SAMPLE STATISTICS FOR THE FIRST REPLICATION

NOTE:  The sample statistics for within and between refer to the
       maximum-likelihood estimated within and between covariance
       matrices, respectively.


     ESTIMATED SAMPLE STATISTICS FOR WITHIN


           Means
              POST          PRE           EST           MINT
              ________      ________      ________      ________
 1              0.000         0.000         0.000         0.000


           Covariances
              POST          PRE           EST           MINT
              ________      ________      ________      ________
 POST           9.057
 PRE            8.195         9.452
 EST            0.000         0.000         0.000
 MINT           0.000         0.000         0.000         0.000


           Correlations
              POST          PRE           EST           MINT
              ________      ________      ________      ________
 POST           1.000
 PRE            0.886         1.000
 EST            0.000         0.000         0.000
 MINT           0.000         0.000         0.000         0.000


     ESTIMATED SAMPLE STATISTICS FOR BETWEEN


           Means
              POST          PRE           EST           MINT
              ________      ________      ________      ________
 1              0.515         0.029         0.486         0.600


           Covariances
              POST          PRE           EST           MINT
              ________      ________      ________      ________
 POST           0.587
 PRE            0.586         0.694
 EST            0.020        -0.095         0.250
 MINT           0.092         0.031        -0.006         0.240


           Correlations
              POST          PRE           EST           MINT
              ________      ________      ________      ________
 POST           1.000
 PRE            0.919         1.000
 EST            0.051        -0.229         1.000
 MINT           0.245         0.076        -0.023         1.000


     MAXIMUM LOG-LIKELIHOOD VALUE FOR THE UNRESTRICTED (H1) MODEL IS -3026.424




MODEL FIT INFORMATION

Number of Free Parameters                        7

Loglikelihood

    H0 Value

        Mean                             -3059.360
        Std Dev                             26.396
        Number of successful computations    10000

             Proportions                   Percentiles
        Expected    Observed         Expected       Observed
           0.990       0.990        -3120.766      -3120.677
           0.980       0.980        -3113.570      -3113.577
           0.950       0.952        -3102.780      -3102.148
           0.900       0.901        -3093.190      -3093.108
           0.800       0.798        -3081.575      -3081.744
           0.700       0.699        -3073.203      -3073.293
           0.500       0.496        -3059.360      -3059.633
           0.300       0.298        -3045.518      -3045.680
           0.200       0.201        -3037.145      -3036.997
           0.100       0.100        -3025.531      -3025.538
           0.050       0.051        -3015.941      -3015.755
           0.020       0.021        -3005.151      -3004.646
           0.010       0.010        -2997.955      -2998.305

    H1 Value

        Mean                             -3059.358
        Std Dev                             26.397
        Number of successful computations    10000

             Proportions                   Percentiles
        Expected    Observed         Expected       Observed
           0.990       0.990        -3120.764      -3120.677
           0.980       0.980        -3113.568      -3113.577
           0.950       0.952        -3102.778      -3102.149
           0.900       0.901        -3093.188      -3093.108
           0.800       0.798        -3081.573      -3081.744
           0.700       0.699        -3073.200      -3073.293
           0.500       0.496        -3059.358      -3059.633
           0.300       0.298        -3045.515      -3045.680
           0.200       0.201        -3037.142      -3036.998
           0.100       0.100        -3025.528      -3025.539
           0.050       0.051        -3015.938      -3015.755
           0.020       0.021        -3005.147      -3004.647
           0.010       0.010        -2997.951      -2998.308

Information Criteria

    Akaike (AIC)

        Mean                              6132.721
        Std Dev                             52.792
        Number of successful computations    10000

             Proportions                   Percentiles
        Expected    Observed         Expected       Observed
           0.990       0.990         6009.910       6009.921
           0.980       0.979         6024.301       6023.260
           0.950       0.949         6045.883       6045.493
           0.900       0.900         6065.062       6065.007
           0.800       0.799         6088.291       6087.984
           0.700       0.702         6105.037       6105.353
           0.500       0.504         6132.721       6133.260
           0.300       0.301         6160.405       6160.576
           0.200       0.202         6177.151       6177.459
           0.100       0.099         6200.380       6200.206
           0.050       0.048         6219.559       6218.272
           0.020       0.020         6241.141       6241.063
           0.010       0.010         6255.532       6255.301

    Bayesian (BIC)

        Mean                              6164.579
        Std Dev                             52.792
        Number of successful computations    10000

             Proportions                   Percentiles
        Expected    Observed         Expected       Observed
           0.990       0.990         6041.768       6041.778
           0.980       0.979         6056.159       6055.118
           0.950       0.949         6077.741       6077.350
           0.900       0.900         6096.920       6096.865
           0.800       0.799         6120.149       6119.842
           0.700       0.702         6136.894       6137.211
           0.500       0.504         6164.579       6165.118
           0.300       0.301         6192.263       6192.433
           0.200       0.202         6209.009       6209.317
           0.100       0.099         6232.237       6232.064
           0.050       0.048         6251.417       6250.129
           0.020       0.020         6272.998       6272.920
           0.010       0.010         6287.389       6287.159

    Sample-Size Adjusted BIC (n* = (n + 2) / 24)

        Mean                              6142.352
        Std Dev                             52.792
        Number of successful computations    10000

             Proportions                   Percentiles
        Expected    Observed         Expected       Observed
           0.990       0.990         6019.541       6019.552
           0.980       0.979         6033.933       6032.892
           0.950       0.949         6055.514       6055.124
           0.900       0.900         6074.694       6074.638
           0.800       0.799         6097.922       6097.616
           0.700       0.702         6114.668       6114.984
           0.500       0.504         6142.352       6142.891
           0.300       0.301         6170.036       6170.207
           0.200       0.202         6186.782       6187.090
           0.100       0.099         6210.011       6209.837
           0.050       0.048         6229.190       6227.903
           0.020       0.020         6250.772       6250.694
           0.010       0.010         6265.163       6264.933

Chi-Square Test of Model Fit

        Degrees of freedom                       0

        Mean                                 0.007
        Std Dev                              0.031
        Number of successful computations    10000

             Proportions                   Percentiles
        Expected    Observed         Expected       Observed
           0.990       0.109            0.000          0.000
           0.980       0.109            0.000          0.000
           0.950       0.109            0.000          0.000
           0.900       0.109            0.000          0.000
           0.800       0.109            0.000          0.000
           0.700       0.109            0.000          0.000
           0.500       0.109            0.000          0.000
           0.300       0.109            0.000          0.000
           0.200       0.109            0.000          0.000
           0.100       0.109            0.000          0.000
           0.050       0.109            0.000          0.011
           0.020       0.109            0.000          0.154
           0.010       0.109            0.000          0.168

RMSEA (Root Mean Square Error Of Approximation)

        Mean                                 0.000
        Std Dev                              0.000
        Number of successful computations    10000

             Proportions                   Percentiles
        Expected    Observed         Expected       Observed
           0.990       0.000            0.000          0.000
           0.980       0.000            0.000          0.000
           0.950       0.000            0.000          0.000
           0.900       0.000            0.000          0.000
           0.800       0.000            0.000          0.000
           0.700       0.000            0.000          0.000
           0.500       0.000            0.000          0.000
           0.300       0.000            0.000          0.000
           0.200       0.000            0.000          0.000
           0.100       0.000            0.000          0.000
           0.050       0.000            0.000          0.000
           0.020       0.000            0.000          0.000
           0.010       0.000            0.000          0.000

SRMR (Standardized Root Mean Square Residual) for the WITHIN level

        Mean                                 0.000
        Std Dev                              0.000
        Number of successful computations    10000

             Proportions                   Percentiles
        Expected    Observed         Expected       Observed
           0.990       1.000            0.000          0.000
           0.980       1.000            0.000          0.000
           0.950       1.000            0.000          0.000
           0.900       1.000            0.000          0.000
           0.800       1.000            0.000          0.000
           0.700       0.705            0.000          0.000
           0.500       0.279            0.000          0.000
           0.300       0.156            0.000          0.000
           0.200       0.118            0.000          0.000
           0.100       0.091            0.000          0.000
           0.050       0.075            0.000          0.000
           0.020       0.059            0.000          0.000
           0.010       0.050            0.000          0.000

SRMR (Standardized Root Mean Square Residual) for the BETWEEN level

        Mean                                 0.000
        Std Dev                              0.001
        Number of successful computations    10000

             Proportions                   Percentiles
        Expected    Observed         Expected       Observed
           0.990       1.000           -0.003          0.000
           0.980       1.000           -0.002          0.000
           0.950       1.000           -0.002          0.000
           0.900       1.000           -0.001          0.000
           0.800       1.000           -0.001          0.000
           0.700       1.000            0.000          0.000
           0.500       0.216            0.000          0.000
           0.300       0.043            0.001          0.000
           0.200       0.025            0.001          0.000
           0.100       0.014            0.002          0.001
           0.050       0.011            0.003          0.001
           0.020       0.009            0.003          0.002
           0.010       0.008            0.004          0.003



MODEL RESULTS

                           ESTIMATES              S. E.     M. S. E.  95%  % Sig
              Population   Average   Std. Dev.   Average             Cover Coeff
Within Level

 POST       ON
  PRE              0.894     0.8940     0.0173     0.0169     0.0003 0.935 1.000

 Residual Variances
  POST             2.000     1.9967     0.1089     0.1066     0.0119 0.933 1.000

Between Level

 POST       ON
  PRE              0.949     0.9554     0.1321     0.1066     0.0175 0.896 0.994
  EST              0.447     0.4499     0.1688     0.1545     0.0285 0.919 0.807
  MINT             0.447     0.4481     0.1680     0.1542     0.0282 0.923 0.804

 Intercepts
  POST             0.000    -0.0018     0.1455     0.1316     0.0212 0.913 0.087

 Residual Variances
  POST             0.100     0.0722     0.0456     0.0424     0.0029 0.775 0.356


QUALITY OF NUMERICAL RESULTS

     Average Condition Number for the Information Matrix      0.440E-02
       (ratio of smallest to largest eigenvalue)


TECHNICAL 1 OUTPUT


     PARAMETER SPECIFICATION FOR WITHIN


           NU
              POST          PRE           EST           MINT
              ________      ________      ________      ________
 1                  0             0             0             0


           LAMBDA
              POST          PRE           EST           MINT
              ________      ________      ________      ________
 POST               0             0             0             0
 PRE                0             0             0             0
 EST                0             0             0             0
 MINT               0             0             0             0


           THETA
              POST          PRE           EST           MINT
              ________      ________      ________      ________
 POST               0
 PRE                0             0
 EST                0             0             0
 MINT               0             0             0             0


           ALPHA
              POST          PRE           EST           MINT
              ________      ________      ________      ________
 1                  0             0             0             0


           BETA
              POST          PRE           EST           MINT
              ________      ________      ________      ________
 POST               0             1             0             0
 PRE                0             0             0             0
 EST                0             0             0             0
 MINT               0             0             0             0


           PSI
              POST          PRE           EST           MINT
              ________      ________      ________      ________
 POST               2
 PRE                0             0
 EST                0             0             0
 MINT               0             0             0             0


     PARAMETER SPECIFICATION FOR BETWEEN


           NU
              POST          PRE           EST           MINT
              ________      ________      ________      ________
 1                  0             0             0             0


           LAMBDA
              POST          PRE           EST           MINT
              ________      ________      ________      ________
 POST               0             0             0             0
 PRE                0             0             0             0
 EST                0             0             0             0
 MINT               0             0             0             0


           THETA
              POST          PRE           EST           MINT
              ________      ________      ________      ________
 POST               0
 PRE                0             0
 EST                0             0             0
 MINT               0             0             0             0


           ALPHA
              POST          PRE           EST           MINT
              ________      ________      ________      ________
 1                  3             0             0             0


           BETA
              POST          PRE           EST           MINT
              ________      ________      ________      ________
 POST               0             4             5             6
 PRE                0             0             0             0
 EST                0             0             0             0
 MINT               0             0             0             0


           PSI
              POST          PRE           EST           MINT
              ________      ________      ________      ________
 POST               7
 PRE                0             0
 EST                0             0             0
 MINT               0             0             0             0


     STARTING VALUES FOR WITHIN


           NU
              POST          PRE           EST           MINT
              ________      ________      ________      ________
 1              0.000         0.000         0.000         0.000


           LAMBDA
              POST          PRE           EST           MINT
              ________      ________      ________      ________
 POST           1.000         0.000         0.000         0.000
 PRE            0.000         1.000         0.000         0.000
 EST            0.000         0.000         1.000         0.000
 MINT           0.000         0.000         0.000         1.000


           THETA
              POST          PRE           EST           MINT
              ________      ________      ________      ________
 POST           0.000
 PRE            0.000         0.000
 EST            0.000         0.000         0.000
 MINT           0.000         0.000         0.000         0.000


           ALPHA
              POST          PRE           EST           MINT
              ________      ________      ________      ________
 1              0.000         0.000         0.000         0.000


           BETA
              POST          PRE           EST           MINT
              ________      ________      ________      ________
 POST           0.000         0.894         0.000         0.000
 PRE            0.000         0.000         0.000         0.000
 EST            0.000         0.000         0.000         0.000
 MINT           0.000         0.000         0.000         0.000


           PSI
              POST          PRE           EST           MINT
              ________      ________      ________      ________
 POST           2.000
 PRE            0.000         0.500
 EST            0.000         0.000         0.000
 MINT           0.000         0.000         0.000         0.000


     STARTING VALUES FOR BETWEEN


           NU
              POST          PRE           EST           MINT
              ________      ________      ________      ________
 1              0.000         0.000         0.000         0.000


           LAMBDA
              POST          PRE           EST           MINT
              ________      ________      ________      ________
 POST           1.000         0.000         0.000         0.000
 PRE            0.000         1.000         0.000         0.000
 EST            0.000         0.000         1.000         0.000
 MINT           0.000         0.000         0.000         1.000


           THETA
              POST          PRE           EST           MINT
              ________      ________      ________      ________
 POST           0.000
 PRE            0.000         0.000
 EST            0.000         0.000         0.000
 MINT           0.000         0.000         0.000         0.000


           ALPHA
              POST          PRE           EST           MINT
              ________      ________      ________      ________
 1              0.000         0.000         0.000         0.000


           BETA
              POST          PRE           EST           MINT
              ________      ________      ________      ________
 POST           0.000         0.949         0.447         0.447
 PRE            0.000         0.000         0.000         0.000
 EST            0.000         0.000         0.000         0.000
 MINT           0.000         0.000         0.000         0.000


           PSI
              POST          PRE           EST           MINT
              ________      ________      ________      ________
 POST           0.100
 PRE            0.000         0.500
 EST            0.000         0.000         0.500
 MINT           0.000         0.000         0.000         0.500


     POPULATION VALUES FOR WITHIN


           NU
              POST          PRE           EST           MINT
              ________      ________      ________      ________
 1              0.000         0.000         0.000         0.000


           LAMBDA
              POST          PRE           EST           MINT
              ________      ________      ________      ________
 POST           1.000         0.000         0.000         0.000
 PRE            0.000         1.000         0.000         0.000
 EST            0.000         0.000         1.000         0.000
 MINT           0.000         0.000         0.000         1.000


           THETA
              POST          PRE           EST           MINT
              ________      ________      ________      ________
 POST           0.000
 PRE            0.000         0.000
 EST            0.000         0.000         0.000
 MINT           0.000         0.000         0.000         0.000


           ALPHA
              POST          PRE           EST           MINT
              ________      ________      ________      ________
 1              0.000         0.000         0.000         0.000


           BETA
              POST          PRE           EST           MINT
              ________      ________      ________      ________
 POST           0.000         0.894         0.000         0.000
 PRE            0.000         0.000         0.000         0.000
 EST            0.000         0.000         0.000         0.000
 MINT           0.000         0.000         0.000         0.000


           PSI
              POST          PRE           EST           MINT
              ________      ________      ________      ________
 POST           2.000
 PRE            0.000        10.000
 EST            0.000         0.000         0.000
 MINT           0.000         0.000         0.000         0.000


     POPULATION VALUES FOR BETWEEN


           NU
              POST          PRE           EST           MINT
              ________      ________      ________      ________
 1              0.000         0.000         0.000         0.000


           LAMBDA
              POST          PRE           EST           MINT
              ________      ________      ________      ________
 POST           1.000         0.000         0.000         0.000
 PRE            0.000         1.000         0.000         0.000
 EST            0.000         0.000         1.000         0.000
 MINT           0.000         0.000         0.000         1.000


           THETA
              POST          PRE           EST           MINT
              ________      ________      ________      ________
 POST           0.000
 PRE            0.000         0.000
 EST            0.000         0.000         0.000
 MINT           0.000         0.000         0.000         0.000


           ALPHA
              POST          PRE           EST           MINT
              ________      ________      ________      ________
 1              0.000         0.000         0.500         0.500


           BETA
              POST          PRE           EST           MINT
              ________      ________      ________      ________
 POST           0.000         0.949         0.447         0.447
 PRE            0.000         0.000         0.000         0.000
 EST            0.000         0.000         0.000         0.000
 MINT           0.000         0.000         0.000         0.000


           PSI
              POST          PRE           EST           MINT
              ________      ________      ________      ________
 POST           0.100
 PRE            0.000         1.000
 EST            0.000         0.000         0.250
 MINT           0.000         0.000         0.000         0.250


TECHNICAL 9 OUTPUT

  Error messages for each replication (if any)



DIAGRAM INFORMATION

  Mplus diagrams are currently not available for multilevel analysis.
  No diagram output was produced.


     Beginning Time:  16:00:42
        Ending Time:  16:07:51
       Elapsed Time:  00:07:09



MUTHEN & MUTHEN
3463 Stoner Ave.
Los Angeles, CA  90066

Tel: (310) 391-9971
Fax: (310) 391-8971
Web: www.StatModel.com
Support: Support@StatModel.com

Copyright (c) 1998-2013 Muthen & Muthen
