Mplus VERSION 7.11
MUTHEN & MUTHEN
02/27/2015   9:21 PM

INPUT INSTRUCTIONS

  TITLE:	Monte Carlo Simulation
          for Transfer Effect
          of Intervention on Complex Problem Solving
  Assumptions:
  - Intraclass correlation coefficient about .10:
    The variance between classrooms makes up
    about 10% of the whole variance after the intervention
    (about 8% before intervention,
     1% due to intervention,
     1% due to non-controllable factors)
  - Posttest variance within classrooms:
    80% explained by pretest (retest-reliability)
    20% left unexplained
  - Posttest variance between classrooms:
    about 80% explained by pretest
    about 5% explained by est: Experimentaion Skills Training
    about 5% explained by mint: MINT Curriculum
    about 10% left unexplained due to non-controllable factors
  - 10% Missing data on posttest
  - Class sizes vary from 10 t0 30 children per class,
    with more classes in the middle range (15-25 children)

  montecarlo:
          ! Define simulated variables
    		names are
          post ! Complex Problem Solving posttest
          pre  ! Compelx Problem Solving pretest
          est  ! Intervention 1: Expeirmentation Skills Training
          mint;! Intervention 2: MINT curriculum
    		nobservations = 600; ! Total sample size for each Monte Carlo-draw
    		ncsizes = 5; ! Nubmer of different classroom sizes
          ! Classroom sample: Overall 30 Classrooms with 10 - 30 children
    		csizes = 3 (10) 7 (15)  10 (20) 7 (25)  3 (30); ! Number and size of the 30 classrooms
          ! Define intervention variable (>.5 = intervention group;
          ! see Thoemmes, MacKinnon, & Reiser, 2010)
          cutpoints = est (.5) mint (.5);
          ! Define missing values
          PATMISS = post (.10); ! 10% of posttest-data on CPS are missing
    		PATPROBS = 1;
          ! Define seed for quasi-random number generation
          seed = 666;
          ! Define number of Monte Carlo draws from the population
    		nreps = 10000;
          ! Define variables on second level (school class level)
            between = est mint; ! The interventions happen on the classroom level
          !save = MCTransfer_*.dat; ! Activate to save sampled data
          !repsave = all;         ! Activate to save sampled data

  ANALYSIS:   TYPE = TWOLEVEL;

  model population:
  		
          %within%
          ! Posttest-residual variance
          post*2; ! Retest-reliability .80 20% variance not explained by pre-test
          pre*10; ! Pretest-variance within classrooms
          post ON pre*.894; ! Pretest explains 80% (.894^2) of posttest

          %between%
          post*.10; ! 10% of posttest-variance unexplained
          pre*1; ! Pretest-variance between classrooms
          [est*.5]; ! Mean of "est" intervention variable
          ! Variance of "est" intervention variable
          est*.25; ! .25 so that SD = .5
          [mint*.5]; ! Mean of "mint" intervention variable
          ! Variance of "mint" intervention variable
          mint*.25; ! .25 so that SD = .5
          ! Regression of posttest variance between classrooms
          post ON pre*.949 est*.447 mint*.447; ! .90 explained by pretest (.949^2*1),
                                               ! .05 by est (.447^2*.25),
                                               ! .05 by mint (.447^2*.25)
                                               ! = 1.00 explained variance,
                                               ! .10 non-explained,
                                               ! sums up to variance of 1.10 at posttest
                                               ! which makes up an ICC of about .10
          		
  model:
          ! Same as population model without mentioning
          ! means and variances of exogenous variables
          %within%
          post*2;

          post ON pre*.894;

          %between%
          post*.10;



          post ON pre*.949 est*.447 mint*.447;



  output:
  		tech9; ! Show simulation results



INPUT READING TERMINATED NORMALLY



Monte Carlo Simulation
for Transfer Effect
of Intervention on Complex Problem Solving
Assumptions:
- Intraclass correlation coefficient about .10:
The variance between classrooms makes up
about 10% of the whole variance after the intervention
(about 8% before intervention,
1% due to intervention,
1% due to non-controllable factors)
- Posttest variance within classrooms:
80% explained by pretest (retest-reliability)
20% left unexplained
- Posttest variance between classrooms:
about 80% explained by pretest
about 5% explained by est: Experimentaion Skills Training
about 5% explained by mint: MINT Curriculum
about 10% left unexplained due to non-controllable factors
- 10% Missing data on posttest
- Class sizes vary from 10 t0 30 children per class,
with more classes in the middle range (15-25 children)

SUMMARY OF ANALYSIS

Number of groups                                                 1
Number of observations                                         600

Number of replications
    Requested                                                10000
    Completed                                                10000
Value of seed                                                  666

Number of dependent variables                                    1
Number of independent variables                                  3
Number of continuous latent variables                            0

Observed dependent variables

  Continuous
   POST

Observed independent variables
   PRE         EST         MINT

Variables with special functions

  Between variables
   EST         MINT


Estimator                                                      MLR
Information matrix                                        OBSERVED
Maximum number of iterations                                   100
Convergence criterion                                    0.100D-05
Maximum number of EM iterations                                500
Convergence criteria for the EM algorithm
  Loglikelihood change                                   0.100D-02
  Relative loglikelihood change                          0.100D-05
  Derivative                                             0.100D-03
Minimum variance                                         0.100D-03
Maximum number of steepest descent iterations                   20
Maximum number of iterations for H1                           2000
Convergence criterion for H1                             0.100D-03
Optimization algorithm                                         EMA


SUMMARY OF DATA FOR THE FIRST REPLICATION

     Number of missing data patterns             1
     Cluster information

       Size (s)    Number of clusters of Size s

         10             3
         15             7
         20            10
         25             7
         30             3

     Average cluster size       20.000

     Estimated Intraclass Correlations for the Y Variables

                Intraclass
     Variable  Correlation

     POST         0.059


SUMMARY OF MISSING DATA PATTERNS FOR THE FIRST REPLICATION


     MISSING DATA PATTERNS (x = not missing)

           1
 POST      x
 PRE       x
 EST       x
 MINT      x


     MISSING DATA PATTERN FREQUENCIES

    Pattern   Frequency
          1         600


COVARIANCE COVERAGE OF DATA FOR THE FIRST REPLICATION

Minimum covariance coverage value   0.100


     PROPORTION OF DATA PRESENT


           Covariance Coverage
              POST          PRE           EST           MINT
              ________      ________      ________      ________
 POST           1.000
 PRE            1.000         1.000
 EST            1.000         1.000         1.000
 MINT           1.000         1.000         1.000         1.000


SAMPLE STATISTICS FOR THE FIRST REPLICATION

NOTE:  The sample statistics for within and between refer to the
       maximum-likelihood estimated within and between covariance
       matrices, respectively.


     ESTIMATED SAMPLE STATISTICS FOR WITHIN


           Means
              POST          PRE           EST           MINT
              ________      ________      ________      ________
 1              0.000         0.000         0.000         0.000


           Covariances
              POST          PRE           EST           MINT
              ________      ________      ________      ________
 POST           9.323
 PRE            8.436         9.652
 EST            0.000         0.000         0.000
 MINT           0.000         0.000         0.000         0.000


           Correlations
              POST          PRE           EST           MINT
              ________      ________      ________      ________
 POST           1.000
 PRE            0.889         1.000
 EST            0.000         0.000         0.000
 MINT           0.000         0.000         0.000         0.000


     ESTIMATED SAMPLE STATISTICS FOR BETWEEN


           Means
              POST          PRE           EST           MINT
              ________      ________      ________      ________
 1              0.633         0.088         0.667         0.467


           Covariances
              POST          PRE           EST           MINT
              ________      ________      ________      ________
 POST           0.583
 PRE            0.400         0.383
 EST            0.112         0.025         0.222
 MINT           0.075        -0.045         0.022         0.249


           Correlations
              POST          PRE           EST           MINT
              ________      ________      ________      ________
 POST           1.000
 PRE            0.847         1.000
 EST            0.311         0.087         1.000
 MINT           0.197        -0.144         0.094         1.000


     MAXIMUM LOG-LIKELIHOOD VALUE FOR THE UNRESTRICTED (H1) MODEL IS -2601.295




MODEL FIT INFORMATION

Number of Free Parameters                        7

Loglikelihood

    H0 Value

        Mean                             -2621.224
        Std Dev                             24.571
        Number of successful computations    10000

             Proportions                   Percentiles
        Expected    Observed         Expected       Observed
           0.990       0.991        -2678.385      -2677.400
           0.980       0.982        -2671.687      -2670.763
           0.950       0.950        -2661.642      -2661.767
           0.900       0.899        -2652.715      -2652.809
           0.800       0.801        -2641.904      -2641.828
           0.700       0.698        -2634.110      -2634.294
           0.500       0.498        -2621.224      -2621.324
           0.300       0.296        -2608.339      -2608.582
           0.200       0.202        -2600.545      -2600.405
           0.100       0.103        -2589.734      -2589.334
           0.050       0.051        -2580.807      -2580.716
           0.020       0.021        -2570.762      -2570.438
           0.010       0.011        -2564.064      -2563.648

    H1 Value

        Mean                             -2621.220
        Std Dev                             24.572
        Number of successful computations    10000

             Proportions                   Percentiles
        Expected    Observed         Expected       Observed
           0.990       0.991        -2678.382      -2677.402
           0.980       0.982        -2671.683      -2670.749
           0.950       0.949        -2661.638      -2661.748
           0.900       0.899        -2652.711      -2652.806
           0.800       0.801        -2641.900      -2641.828
           0.700       0.698        -2634.105      -2634.291
           0.500       0.498        -2621.220      -2621.319
           0.300       0.296        -2608.334      -2608.578
           0.200       0.202        -2600.540      -2600.382
           0.100       0.103        -2589.728      -2589.335
           0.050       0.050        -2580.801      -2580.716
           0.020       0.021        -2570.756      -2570.438
           0.010       0.011        -2564.058      -2563.636

Information Criteria

    Akaike (AIC)

        Mean                              5256.449
        Std Dev                             49.143
        Number of successful computations    10000

             Proportions                   Percentiles
        Expected    Observed         Expected       Observed
           0.990       0.990         5142.128       5141.271
           0.980       0.979         5155.524       5154.871
           0.950       0.950         5175.614       5175.412
           0.900       0.896         5193.468       5192.604
           0.800       0.798         5215.090       5214.730
           0.700       0.704         5230.678       5231.160
           0.500       0.502         5256.449       5256.635
           0.300       0.302         5282.219       5282.582
           0.200       0.199         5297.807       5297.631
           0.100       0.101         5319.430       5319.579
           0.050       0.051         5337.284       5337.516
           0.020       0.018         5357.373       5355.499
           0.010       0.009         5370.770       5368.498

    Bayesian (BIC)

        Mean                              5287.227
        Std Dev                             49.143
        Number of successful computations    10000

             Proportions                   Percentiles
        Expected    Observed         Expected       Observed
           0.990       0.990         5172.907       5172.050
           0.980       0.979         5186.303       5185.650
           0.950       0.950         5206.393       5206.191
           0.900       0.896         5224.246       5223.382
           0.800       0.798         5245.869       5245.509
           0.700       0.704         5261.457       5261.938
           0.500       0.502         5287.227       5287.413
           0.300       0.302         5312.998       5313.360
           0.200       0.199         5328.586       5328.410
           0.100       0.101         5350.209       5350.357
           0.050       0.051         5368.062       5368.294
           0.020       0.018         5388.152       5386.277
           0.010       0.009         5401.548       5399.277

    Sample-Size Adjusted BIC (n* = (n + 2) / 24)

        Mean                              5265.004
        Std Dev                             49.143
        Number of successful computations    10000

             Proportions                   Percentiles
        Expected    Observed         Expected       Observed
           0.990       0.990         5150.684       5149.827
           0.980       0.979         5164.080       5163.427
           0.950       0.950         5184.169       5183.968
           0.900       0.896         5202.023       5201.159
           0.800       0.798         5223.646       5223.286
           0.700       0.704         5239.234       5239.715
           0.500       0.502         5265.004       5265.190
           0.300       0.302         5290.775       5291.137
           0.200       0.199         5306.363       5306.187
           0.100       0.101         5327.986       5328.134
           0.050       0.051         5345.839       5346.071
           0.020       0.018         5365.929       5364.054
           0.010       0.009         5379.325       5377.054

Chi-Square Test of Model Fit

        Degrees of freedom                       0

        Mean                                 0.011
        Std Dev                              0.037
        Number of successful computations    10000

             Proportions                   Percentiles
        Expected    Observed         Expected       Observed
           0.990       0.133            0.000          0.000
           0.980       0.133            0.000          0.000
           0.950       0.133            0.000          0.000
           0.900       0.133            0.000          0.000
           0.800       0.133            0.000          0.000
           0.700       0.133            0.000          0.000
           0.500       0.133            0.000          0.000
           0.300       0.133            0.000          0.000
           0.200       0.133            0.000          0.000
           0.100       0.133            0.000          0.001
           0.050       0.133            0.000          0.128
           0.020       0.133            0.000          0.155
           0.010       0.133            0.000          0.161

RMSEA (Root Mean Square Error Of Approximation)

        Mean                                 0.000
        Std Dev                              0.000
        Number of successful computations    10000

             Proportions                   Percentiles
        Expected    Observed         Expected       Observed
           0.990       0.000            0.000          0.000
           0.980       0.000            0.000          0.000
           0.950       0.000            0.000          0.000
           0.900       0.000            0.000          0.000
           0.800       0.000            0.000          0.000
           0.700       0.000            0.000          0.000
           0.500       0.000            0.000          0.000
           0.300       0.000            0.000          0.000
           0.200       0.000            0.000          0.000
           0.100       0.000            0.000          0.000
           0.050       0.000            0.000          0.000
           0.020       0.000            0.000          0.000
           0.010       0.000            0.000          0.000

SRMR (Standardized Root Mean Square Residual) for the WITHIN level

        Mean                                 0.000
        Std Dev                              0.000
        Number of successful computations    10000

             Proportions                   Percentiles
        Expected    Observed         Expected       Observed
           0.990       1.000            0.000          0.000
           0.980       1.000            0.000          0.000
           0.950       1.000            0.000          0.000
           0.900       1.000            0.000          0.000
           0.800       1.000            0.000          0.000
           0.700       0.632            0.000          0.000
           0.500       0.287            0.000          0.000
           0.300       0.171            0.000          0.000
           0.200       0.136            0.000          0.000
           0.100       0.100            0.000          0.000
           0.050       0.080            0.000          0.000
           0.020       0.062            0.000          0.000
           0.010       0.050            0.000          0.000

SRMR (Standardized Root Mean Square Residual) for the BETWEEN level

        Mean                                 0.001
        Std Dev                              0.003
        Number of successful computations    10000

             Proportions                   Percentiles
        Expected    Observed         Expected       Observed
           0.990       1.000           -0.006          0.000
           0.980       1.000           -0.005          0.000
           0.950       1.000           -0.004          0.000
           0.900       1.000           -0.003          0.000
           0.800       1.000           -0.002          0.000
           0.700       1.000           -0.001          0.000
           0.500       0.192            0.001          0.000
           0.300       0.030            0.002          0.000
           0.200       0.018            0.003          0.000
           0.100       0.012            0.004          0.001
           0.050       0.009            0.005          0.001
           0.020       0.008            0.006          0.003
           0.010       0.006            0.007          0.005



MODEL RESULTS

                           ESTIMATES              S. E.     M. S. E.  95%  % Sig
              Population   Average   Std. Dev.   Average             Cover Coeff
Within Level

 POST       ON
  PRE              0.894     0.8940     0.0188     0.0182     0.0004 0.935 1.000

 Residual Variances
  POST             2.000     1.9952     0.1174     0.1147     0.0138 0.932 1.000

Between Level

 POST       ON
  PRE              0.949     0.9588     0.1587     0.1219     0.0253 0.898 0.992
  EST              0.447     0.4464     0.1880     0.1684     0.0353 0.913 0.742
  MINT             0.447     0.4480     0.1868     0.1686     0.0349 0.913 0.742

 Intercepts
  POST             0.000     0.0017     0.1614     0.1440     0.0260 0.905 0.095

 Residual Variances
  POST             0.100     0.0680     0.0472     0.0459     0.0032 0.770 0.268


QUALITY OF NUMERICAL RESULTS

     Average Condition Number for the Information Matrix     -0.774E+00
       (ratio of smallest to largest eigenvalue)


TECHNICAL 1 OUTPUT


     PARAMETER SPECIFICATION FOR WITHIN


           NU
              POST          PRE           EST           MINT
              ________      ________      ________      ________
 1                  0             0             0             0


           LAMBDA
              POST          PRE           EST           MINT
              ________      ________      ________      ________
 POST               0             0             0             0
 PRE                0             0             0             0
 EST                0             0             0             0
 MINT               0             0             0             0


           THETA
              POST          PRE           EST           MINT
              ________      ________      ________      ________
 POST               0
 PRE                0             0
 EST                0             0             0
 MINT               0             0             0             0


           ALPHA
              POST          PRE           EST           MINT
              ________      ________      ________      ________
 1                  0             0             0             0


           BETA
              POST          PRE           EST           MINT
              ________      ________      ________      ________
 POST               0             1             0             0
 PRE                0             0             0             0
 EST                0             0             0             0
 MINT               0             0             0             0


           PSI
              POST          PRE           EST           MINT
              ________      ________      ________      ________
 POST               2
 PRE                0             0
 EST                0             0             0
 MINT               0             0             0             0


     PARAMETER SPECIFICATION FOR BETWEEN


           NU
              POST          PRE           EST           MINT
              ________      ________      ________      ________
 1                  0             0             0             0


           LAMBDA
              POST          PRE           EST           MINT
              ________      ________      ________      ________
 POST               0             0             0             0
 PRE                0             0             0             0
 EST                0             0             0             0
 MINT               0             0             0             0


           THETA
              POST          PRE           EST           MINT
              ________      ________      ________      ________
 POST               0
 PRE                0             0
 EST                0             0             0
 MINT               0             0             0             0


           ALPHA
              POST          PRE           EST           MINT
              ________      ________      ________      ________
 1                  3             0             0             0


           BETA
              POST          PRE           EST           MINT
              ________      ________      ________      ________
 POST               0             4             5             6
 PRE                0             0             0             0
 EST                0             0             0             0
 MINT               0             0             0             0


           PSI
              POST          PRE           EST           MINT
              ________      ________      ________      ________
 POST               7
 PRE                0             0
 EST                0             0             0
 MINT               0             0             0             0


     STARTING VALUES FOR WITHIN


           NU
              POST          PRE           EST           MINT
              ________      ________      ________      ________
 1              0.000         0.000         0.000         0.000


           LAMBDA
              POST          PRE           EST           MINT
              ________      ________      ________      ________
 POST           1.000         0.000         0.000         0.000
 PRE            0.000         1.000         0.000         0.000
 EST            0.000         0.000         1.000         0.000
 MINT           0.000         0.000         0.000         1.000


           THETA
              POST          PRE           EST           MINT
              ________      ________      ________      ________
 POST           0.000
 PRE            0.000         0.000
 EST            0.000         0.000         0.000
 MINT           0.000         0.000         0.000         0.000


           ALPHA
              POST          PRE           EST           MINT
              ________      ________      ________      ________
 1              0.000         0.000         0.000         0.000


           BETA
              POST          PRE           EST           MINT
              ________      ________      ________      ________
 POST           0.000         0.894         0.000         0.000
 PRE            0.000         0.000         0.000         0.000
 EST            0.000         0.000         0.000         0.000
 MINT           0.000         0.000         0.000         0.000


           PSI
              POST          PRE           EST           MINT
              ________      ________      ________      ________
 POST           2.000
 PRE            0.000         0.500
 EST            0.000         0.000         0.000
 MINT           0.000         0.000         0.000         0.000


     STARTING VALUES FOR BETWEEN


           NU
              POST          PRE           EST           MINT
              ________      ________      ________      ________
 1              0.000         0.000         0.000         0.000


           LAMBDA
              POST          PRE           EST           MINT
              ________      ________      ________      ________
 POST           1.000         0.000         0.000         0.000
 PRE            0.000         1.000         0.000         0.000
 EST            0.000         0.000         1.000         0.000
 MINT           0.000         0.000         0.000         1.000


           THETA
              POST          PRE           EST           MINT
              ________      ________      ________      ________
 POST           0.000
 PRE            0.000         0.000
 EST            0.000         0.000         0.000
 MINT           0.000         0.000         0.000         0.000


           ALPHA
              POST          PRE           EST           MINT
              ________      ________      ________      ________
 1              0.000         0.000         0.000         0.000


           BETA
              POST          PRE           EST           MINT
              ________      ________      ________      ________
 POST           0.000         0.949         0.447         0.447
 PRE            0.000         0.000         0.000         0.000
 EST            0.000         0.000         0.000         0.000
 MINT           0.000         0.000         0.000         0.000


           PSI
              POST          PRE           EST           MINT
              ________      ________      ________      ________
 POST           0.100
 PRE            0.000         0.500
 EST            0.000         0.000         0.500
 MINT           0.000         0.000         0.000         0.500


     POPULATION VALUES FOR WITHIN


           NU
              POST          PRE           EST           MINT
              ________      ________      ________      ________
 1              0.000         0.000         0.000         0.000


           LAMBDA
              POST          PRE           EST           MINT
              ________      ________      ________      ________
 POST           1.000         0.000         0.000         0.000
 PRE            0.000         1.000         0.000         0.000
 EST            0.000         0.000         1.000         0.000
 MINT           0.000         0.000         0.000         1.000


           THETA
              POST          PRE           EST           MINT
              ________      ________      ________      ________
 POST           0.000
 PRE            0.000         0.000
 EST            0.000         0.000         0.000
 MINT           0.000         0.000         0.000         0.000


           ALPHA
              POST          PRE           EST           MINT
              ________      ________      ________      ________
 1              0.000         0.000         0.000         0.000


           BETA
              POST          PRE           EST           MINT
              ________      ________      ________      ________
 POST           0.000         0.894         0.000         0.000
 PRE            0.000         0.000         0.000         0.000
 EST            0.000         0.000         0.000         0.000
 MINT           0.000         0.000         0.000         0.000


           PSI
              POST          PRE           EST           MINT
              ________      ________      ________      ________
 POST           2.000
 PRE            0.000        10.000
 EST            0.000         0.000         0.000
 MINT           0.000         0.000         0.000         0.000


     POPULATION VALUES FOR BETWEEN


           NU
              POST          PRE           EST           MINT
              ________      ________      ________      ________
 1              0.000         0.000         0.000         0.000


           LAMBDA
              POST          PRE           EST           MINT
              ________      ________      ________      ________
 POST           1.000         0.000         0.000         0.000
 PRE            0.000         1.000         0.000         0.000
 EST            0.000         0.000         1.000         0.000
 MINT           0.000         0.000         0.000         1.000


           THETA
              POST          PRE           EST           MINT
              ________      ________      ________      ________
 POST           0.000
 PRE            0.000         0.000
 EST            0.000         0.000         0.000
 MINT           0.000         0.000         0.000         0.000


           ALPHA
              POST          PRE           EST           MINT
              ________      ________      ________      ________
 1              0.000         0.000         0.500         0.500


           BETA
              POST          PRE           EST           MINT
              ________      ________      ________      ________
 POST           0.000         0.949         0.447         0.447
 PRE            0.000         0.000         0.000         0.000
 EST            0.000         0.000         0.000         0.000
 MINT           0.000         0.000         0.000         0.000


           PSI
              POST          PRE           EST           MINT
              ________      ________      ________      ________
 POST           0.100
 PRE            0.000         1.000
 EST            0.000         0.000         0.250
 MINT           0.000         0.000         0.000         0.250


TECHNICAL 9 OUTPUT

  Error messages for each replication (if any)

     REPLICATION 796:
     WARNING: THE MODEL ESTIMATION HAS REACHED A SADDLE POINT OR A POINT WHERE THE
     OBSERVED AND THE EXPECTED INFORMATION MATRICES DO NOT MATCH.
     AN ADJUSTMENT TO THE ESTIMATION OF THE INFORMATION MATRIX HAS BEEN MADE.
     THE CONDITION NUMBER IS      -0.380D-02.
     THE PROBLEM MAY ALSO BE RESOLVED BY DECREASING THE VALUE OF THE
     MCONVERGENCE OR LOGCRITERION OPTIONS OR BY CHANGING THE STARTING VALUES
     OR BY USING THE MLF ESTIMATOR.

     REPLICATION 1609:
     WARNING: THE MODEL ESTIMATION HAS REACHED A SADDLE POINT OR A POINT WHERE THE
     OBSERVED AND THE EXPECTED INFORMATION MATRICES DO NOT MATCH.
     AN ADJUSTMENT TO THE ESTIMATION OF THE INFORMATION MATRIX HAS BEEN MADE.
     THE CONDITION NUMBER IS      -0.218D-03.
     THE PROBLEM MAY ALSO BE RESOLVED BY DECREASING THE VALUE OF THE
     MCONVERGENCE OR LOGCRITERION OPTIONS OR BY CHANGING THE STARTING VALUES
     OR BY USING THE MLF ESTIMATOR.

     REPLICATION 2609:
     WARNING: THE MODEL ESTIMATION HAS REACHED A SADDLE POINT OR A POINT WHERE THE
     OBSERVED AND THE EXPECTED INFORMATION MATRICES DO NOT MATCH.
     AN ADJUSTMENT TO THE ESTIMATION OF THE INFORMATION MATRIX HAS BEEN MADE.
     THE CONDITION NUMBER IS      -0.175D-03.
     THE PROBLEM MAY ALSO BE RESOLVED BY DECREASING THE VALUE OF THE
     MCONVERGENCE OR LOGCRITERION OPTIONS OR BY CHANGING THE STARTING VALUES
     OR BY USING THE MLF ESTIMATOR.

     REPLICATION 6228:
     WARNING: THE MODEL ESTIMATION HAS REACHED A SADDLE POINT OR A POINT WHERE THE
     OBSERVED AND THE EXPECTED INFORMATION MATRICES DO NOT MATCH.
     AN ADJUSTMENT TO THE ESTIMATION OF THE INFORMATION MATRIX HAS BEEN MADE.
     THE CONDITION NUMBER IS      -0.108D-03.
     THE PROBLEM MAY ALSO BE RESOLVED BY DECREASING THE VALUE OF THE
     MCONVERGENCE OR LOGCRITERION OPTIONS OR BY CHANGING THE STARTING VALUES
     OR BY USING THE MLF ESTIMATOR.

     REPLICATION 6744:
     WARNING: THE MODEL ESTIMATION HAS REACHED A SADDLE POINT OR A POINT WHERE THE
     OBSERVED AND THE EXPECTED INFORMATION MATRICES DO NOT MATCH.
     AN ADJUSTMENT TO THE ESTIMATION OF THE INFORMATION MATRIX HAS BEEN MADE.
     THE CONDITION NUMBER IS      -0.778D+04.
     THE PROBLEM MAY ALSO BE RESOLVED BY DECREASING THE VALUE OF THE
     MCONVERGENCE OR LOGCRITERION OPTIONS OR BY CHANGING THE STARTING VALUES
     OR BY USING THE MLF ESTIMATOR.

     REPLICATION 7350:
     WARNING: THE MODEL ESTIMATION HAS REACHED A SADDLE POINT OR A POINT WHERE THE
     OBSERVED AND THE EXPECTED INFORMATION MATRICES DO NOT MATCH.
     AN ADJUSTMENT TO THE ESTIMATION OF THE INFORMATION MATRIX HAS BEEN MADE.
     THE CONDITION NUMBER IS      -0.620D-04.
     THE PROBLEM MAY ALSO BE RESOLVED BY DECREASING THE VALUE OF THE
     MCONVERGENCE OR LOGCRITERION OPTIONS OR BY CHANGING THE STARTING VALUES
     OR BY USING THE MLF ESTIMATOR.

     REPLICATION 8735:
     WARNING: THE MODEL ESTIMATION HAS REACHED A SADDLE POINT OR A POINT WHERE THE
     OBSERVED AND THE EXPECTED INFORMATION MATRICES DO NOT MATCH.
     AN ADJUSTMENT TO THE ESTIMATION OF THE INFORMATION MATRIX HAS BEEN MADE.
     THE CONDITION NUMBER IS      -0.690D-04.
     THE PROBLEM MAY ALSO BE RESOLVED BY DECREASING THE VALUE OF THE
     MCONVERGENCE OR LOGCRITERION OPTIONS OR BY CHANGING THE STARTING VALUES
     OR BY USING THE MLF ESTIMATOR.



DIAGRAM INFORMATION

  Mplus diagrams are currently not available for multilevel analysis.
  No diagram output was produced.


     Beginning Time:  21:21:26
        Ending Time:  21:27:30
       Elapsed Time:  00:06:04



MUTHEN & MUTHEN
3463 Stoner Ave.
Los Angeles, CA  90066

Tel: (310) 391-9971
Fax: (310) 391-8971
Web: www.StatModel.com
Support: Support@StatModel.com

Copyright (c) 1998-2013 Muthen & Muthen
