Mplus VERSION 7.11
MUTHEN & MUTHEN
02/27/2015  11:56 PM

INPUT INSTRUCTIONS

  TITLE:	Monte Carlo Simulation
          for Transfer Effect
          of Intervention on Complex Problem Solving
  Assumptions:
  - Intraclass correlation coefficient about .10:
    The variance between classrooms makes up
    about 10% of the whole variance after the intervention
    (about 8% before intervention,
     1% due to intervention,
     1% due to non-controllable factors)
  - Posttest variance within classrooms:
    80% explained by pretest (retest-reliability)
    20% left unexplained
  - Posttest variance between classrooms:
    about 80% explained by pretest
    about 5% explained by est: Experimentaion Skills Training
    about 5% explained by mint: MINT Curriculum
    about 10% left unexplained due to non-controllable factors
  - 10% Missing data on posttest
  - Class sizes vary from 10 t0 30 children per class,
    with more classes in the middle range (15-25 children)

  montecarlo:
          ! Define simulated variables
    		names are
          post ! Complex Problem Solving posttest
          pre  ! Compelx Problem Solving pretest
          est  ! Intervention 1: Expeirmentation Skills Training
          mint;! Intervention 2: MINT curriculum
    		nobservations = 1200; ! Total sample size for each Monte Carlo-draw
    		ncsizes = 5; ! Nubmer of different classroom sizes
          ! Classroom sample: Overall 60 Classrooms with 10 - 30 children
    		csizes = 6 (10) 14 (15)  20 (20)  14 (25)  6 (30); ! Number and size of the 60 classro
          ! Define intervention variable (>.5 = intervention group;
                                          ! see Thoemmes, MacKinnon, & Reiser, 2010)
          cutpoints = est (.5) mint (.5);
          ! Define missing values
          PATMISS = post (.10); ! 10% of posttest-data CPS are missing
    		PATPROBS = 1;
          ! Define seed for quasi-random number generation
          seed = 666;
          ! Define number of Monte Carlo draws from the population
    		nreps = 10000;
          ! Define variables on second level (school class level)
            between = est mint; ! The interventions happen on the classroom level
          !save = MCTransfer_*.dat; ! Activate to save sampled data
          !repsave = all;         ! Activate to save sampled data

  ANALYSIS:   TYPE = TWOLEVEL;

  model population:
  		
          %within%
          ! Posttest-residual variance
          post*2; ! Retest-reliability .80 20% variance not explained by pre-test
          pre*10; ! Pretest-variance within classrooms
          post ON pre*.894; ! Pretest explains 80% (.894^2) of posttest

          %between%
          post*.10; ! 10% of posttest-variance unexplained
          pre*1; ! Pretest-variance between classrooms
          [est*.5]; ! Mean of "est" intervention variable
          ! Variance of "est" intervention variable
          est*.25; ! .25 so that SD = .5
          [mint*.5]; ! Mean of "mint" intervention variable
          ! Variance of "mint" intervention variable
          mint*.25; ! .25 so that SD = .5
          ! Regression of posttest variance between classrooms
          post ON pre*.949 est*.447 mint*.447; ! .90 explained by pretest (.949^2*1),
                                               ! .05 by est (.447^2*.25),
                                               ! .05 by mint (.447^2*.25)
                                               ! = 1.00 explained variance,
                                               ! .10 non-explained,
                                               ! sums up to variance of 1.10 at posttest
                                               ! which makes up an ICC of about .10
          		
  model:
          ! Same as population model without mentioning
          ! means and variances of exogenous variables
          %within%
          post*2;

          post ON pre*.894;

          %between%
          post*.10;



          post ON pre*.949 est*.447 mint*.447;



  output:
  		tech9; ! Show simulation results



*** WARNING
  Input line exceeded 90 characters. Some input may be truncated.
    		csizes = 6 (10) 14 (15)  20 (20)  14 (25)  6 (30); ! Number and size of the 60 classroo
   1 WARNING(S) FOUND IN THE INPUT INSTRUCTIONS



Monte Carlo Simulation
for Transfer Effect
of Intervention on Complex Problem Solving
Assumptions:
- Intraclass correlation coefficient about .10:
The variance between classrooms makes up
about 10% of the whole variance after the intervention
(about 8% before intervention,
1% due to intervention,
1% due to non-controllable factors)
- Posttest variance within classrooms:
80% explained by pretest (retest-reliability)
20% left unexplained
- Posttest variance between classrooms:
about 80% explained by pretest
about 5% explained by est: Experimentaion Skills Training
about 5% explained by mint: MINT Curriculum
about 10% left unexplained due to non-controllable factors
- 10% Missing data on posttest
- Class sizes vary from 10 t0 30 children per class,
with more classes in the middle range (15-25 children)

SUMMARY OF ANALYSIS

Number of groups                                                 1
Number of observations                                        1200

Number of replications
    Requested                                                10000
    Completed                                                 9999
Value of seed                                                  666

Number of dependent variables                                    1
Number of independent variables                                  3
Number of continuous latent variables                            0

Observed dependent variables

  Continuous
   POST

Observed independent variables
   PRE         EST         MINT

Variables with special functions

  Between variables
   EST         MINT


Estimator                                                      MLR
Information matrix                                        OBSERVED
Maximum number of iterations                                   100
Convergence criterion                                    0.100D-05
Maximum number of EM iterations                                500
Convergence criteria for the EM algorithm
  Loglikelihood change                                   0.100D-02
  Relative loglikelihood change                          0.100D-05
  Derivative                                             0.100D-03
Minimum variance                                         0.100D-03
Maximum number of steepest descent iterations                   20
Maximum number of iterations for H1                           2000
Convergence criterion for H1                             0.100D-03
Optimization algorithm                                         EMA


SUMMARY OF DATA FOR THE FIRST REPLICATION

     Number of missing data patterns             1
     Cluster information

       Size (s)    Number of clusters of Size s

         10             6
         15            14
         20            20
         25            14
         30             6

     Average cluster size       20.000

     Estimated Intraclass Correlations for the Y Variables

                Intraclass
     Variable  Correlation

     POST         0.083


SUMMARY OF MISSING DATA PATTERNS FOR THE FIRST REPLICATION


     MISSING DATA PATTERNS (x = not missing)

           1
 POST      x
 PRE       x
 EST       x
 MINT      x


     MISSING DATA PATTERN FREQUENCIES

    Pattern   Frequency
          1        1200


COVARIANCE COVERAGE OF DATA FOR THE FIRST REPLICATION

Minimum covariance coverage value   0.100


     PROPORTION OF DATA PRESENT


           Covariance Coverage
              POST          PRE           EST           MINT
              ________      ________      ________      ________
 POST           1.000
 PRE            1.000         1.000
 EST            1.000         1.000         1.000
 MINT           1.000         1.000         1.000         1.000


SAMPLE STATISTICS FOR THE FIRST REPLICATION

NOTE:  The sample statistics for within and between refer to the
       maximum-likelihood estimated within and between covariance
       matrices, respectively.


     ESTIMATED SAMPLE STATISTICS FOR WITHIN


           Means
              POST          PRE           EST           MINT
              ________      ________      ________      ________
 1              0.000         0.000         0.000         0.000


           Covariances
              POST          PRE           EST           MINT
              ________      ________      ________      ________
 POST           9.386
 PRE            8.546         9.734
 EST            0.000         0.000         0.000
 MINT           0.000         0.000         0.000         0.000


           Correlations
              POST          PRE           EST           MINT
              ________      ________      ________      ________
 POST           1.000
 PRE            0.894         1.000
 EST            0.000         0.000         0.000
 MINT           0.000         0.000         0.000         0.000


     ESTIMATED SAMPLE STATISTICS FOR BETWEEN


           Means
              POST          PRE           EST           MINT
              ________      ________      ________      ________
 1              0.665         0.189         0.517         0.567


           Covariances
              POST          PRE           EST           MINT
              ________      ________      ________      ________
 POST           0.845
 PRE            0.788         0.955
 EST           -0.049        -0.185         0.250
 MINT           0.111        -0.004         0.007         0.246


           Correlations
              POST          PRE           EST           MINT
              ________      ________      ________      ________
 POST           1.000
 PRE            0.876         1.000
 EST           -0.107        -0.378         1.000
 MINT           0.243        -0.008         0.029         1.000


     MAXIMUM LOG-LIKELIHOOD VALUE FOR THE UNRESTRICTED (H1) MODEL IS -5200.694




MODEL FIT INFORMATION

Number of Free Parameters                        7

Loglikelihood

    H0 Value

        Mean                             -5249.055
        Std Dev                             34.662
        Number of successful computations     9999

             Proportions                   Percentiles
        Expected    Observed         Expected       Observed
           0.990       0.992        -5329.689      -5327.724
           0.980       0.981        -5320.240      -5319.613
           0.950       0.952        -5306.070      -5305.469
           0.900       0.900        -5293.478      -5293.496
           0.800       0.800        -5278.226      -5278.322
           0.700       0.696        -5267.232      -5267.571
           0.500       0.495        -5249.055      -5249.488
           0.300       0.298        -5230.878      -5231.117
           0.200       0.202        -5219.884      -5219.714
           0.100       0.101        -5204.632      -5204.335
           0.050       0.052        -5192.040      -5191.276
           0.020       0.021        -5177.870      -5177.415
           0.010       0.010        -5168.421      -5167.826

    H1 Value

        Mean                             -5249.055
        Std Dev                             34.662
        Number of successful computations     9999

             Proportions                   Percentiles
        Expected    Observed         Expected       Observed
           0.990       0.992        -5329.689      -5327.724
           0.980       0.981        -5320.240      -5319.613
           0.950       0.952        -5306.070      -5305.469
           0.900       0.900        -5293.478      -5293.496
           0.800       0.800        -5278.226      -5278.322
           0.700       0.696        -5267.232      -5267.571
           0.500       0.495        -5249.055      -5249.489
           0.300       0.298        -5230.878      -5231.117
           0.200       0.202        -5219.884      -5219.715
           0.100       0.101        -5204.632      -5204.336
           0.050       0.052        -5192.040      -5191.276
           0.020       0.021        -5177.870      -5177.415
           0.010       0.010        -5168.421      -5167.826

Information Criteria

    Akaike (AIC)

        Mean                             10512.110
        Std Dev                             69.324
        Number of successful computations     9999

             Proportions                   Percentiles
        Expected    Observed         Expected       Observed
           0.990       0.990        10350.842      10349.601
           0.980       0.979        10369.740      10368.705
           0.950       0.948        10398.080      10396.476
           0.900       0.899        10423.265      10422.640
           0.800       0.798        10453.767      10453.407
           0.700       0.702        10475.757      10476.202
           0.500       0.505        10512.110      10512.940
           0.300       0.304        10548.463      10549.138
           0.200       0.200        10570.453      10570.620
           0.100       0.100        10600.955      10600.949
           0.050       0.048        10626.141      10624.816
           0.020       0.019        10654.480      10653.097
           0.010       0.008        10673.378      10668.742

    Bayesian (BIC)

        Mean                             10547.741
        Std Dev                             69.324
        Number of successful computations     9999

             Proportions                   Percentiles
        Expected    Observed         Expected       Observed
           0.990       0.990        10386.473      10385.231
           0.980       0.979        10405.371      10404.335
           0.950       0.948        10433.710      10432.106
           0.900       0.899        10458.895      10458.270
           0.800       0.798        10489.398      10489.038
           0.700       0.702        10511.387      10511.833
           0.500       0.505        10547.741      10548.571
           0.300       0.304        10584.094      10584.768
           0.200       0.200        10606.083      10606.250
           0.100       0.100        10636.586      10636.579
           0.050       0.048        10661.771      10660.447
           0.020       0.019        10690.111      10688.727
           0.010       0.008        10709.008      10704.373

    Sample-Size Adjusted BIC (n* = (n + 2) / 24)

        Mean                             10525.506
        Std Dev                             69.324
        Number of successful computations     9999

             Proportions                   Percentiles
        Expected    Observed         Expected       Observed
           0.990       0.990        10364.238      10362.996
           0.980       0.979        10383.136      10382.101
           0.950       0.948        10411.475      10409.872
           0.900       0.899        10436.661      10436.036
           0.800       0.798        10467.163      10466.803
           0.700       0.702        10489.153      10489.598
           0.500       0.505        10525.506      10526.336
           0.300       0.304        10561.859      10562.533
           0.200       0.200        10583.849      10584.016
           0.100       0.100        10614.351      10614.345
           0.050       0.048        10639.536      10638.212
           0.020       0.019        10667.876      10666.493
           0.010       0.008        10686.774      10682.138

Chi-Square Test of Model Fit

        Degrees of freedom                       0

        Mean                                 0.001
        Std Dev                              0.011
        Number of successful computations     9999

             Proportions                   Percentiles
        Expected    Observed         Expected       Observed
           0.990       0.074            0.000          0.000
           0.980       0.074            0.000          0.000
           0.950       0.074            0.000          0.000
           0.900       0.074            0.000          0.000
           0.800       0.074            0.000          0.000
           0.700       0.074            0.000          0.000
           0.500       0.074            0.000          0.000
           0.300       0.074            0.000          0.000
           0.200       0.074            0.000          0.000
           0.100       0.074            0.000          0.000
           0.050       0.074            0.000          0.000
           0.020       0.074            0.000          0.001
           0.010       0.074            0.000          0.002

RMSEA (Root Mean Square Error Of Approximation)

        Mean                                 0.000
        Std Dev                              0.000
        Number of successful computations     9999

             Proportions                   Percentiles
        Expected    Observed         Expected       Observed
           0.990       0.000            0.000          0.000
           0.980       0.000            0.000          0.000
           0.950       0.000            0.000          0.000
           0.900       0.000            0.000          0.000
           0.800       0.000            0.000          0.000
           0.700       0.000            0.000          0.000
           0.500       0.000            0.000          0.000
           0.300       0.000            0.000          0.000
           0.200       0.000            0.000          0.000
           0.100       0.000            0.000          0.000
           0.050       0.000            0.000          0.000
           0.020       0.000            0.000          0.000
           0.010       0.000            0.000          0.000

SRMR (Standardized Root Mean Square Residual) for the WITHIN level

        Mean                                 0.000
        Std Dev                              0.000
        Number of successful computations     9999

             Proportions                   Percentiles
        Expected    Observed         Expected       Observed
           0.990       1.000            0.000          0.000
           0.980       1.000            0.000          0.000
           0.950       1.000            0.000          0.000
           0.900       1.000            0.000          0.000
           0.800       1.000            0.000          0.000
           0.700       0.877            0.000          0.000
           0.500       0.268            0.000          0.000
           0.300       0.140            0.000          0.000
           0.200       0.090            0.000          0.000
           0.100       0.055            0.000          0.000
           0.050       0.042            0.000          0.000
           0.020       0.029            0.000          0.000
           0.010       0.026            0.000          0.000

SRMR (Standardized Root Mean Square Residual) for the BETWEEN level

        Mean                                 0.000
        Std Dev                              0.000
        Number of successful computations     9999

             Proportions                   Percentiles
        Expected    Observed         Expected       Observed
           0.990       1.000            0.000          0.000
           0.980       1.000            0.000          0.000
           0.950       1.000            0.000          0.000
           0.900       1.000            0.000          0.000
           0.800       1.000            0.000          0.000
           0.700       1.000            0.000          0.000
           0.500       0.289            0.000          0.000
           0.300       0.070            0.000          0.000
           0.200       0.038            0.000          0.000
           0.100       0.021            0.000          0.000
           0.050       0.014            0.000          0.000
           0.020       0.010            0.001          0.000
           0.010       0.008            0.001          0.001



MODEL RESULTS

                           ESTIMATES              S. E.     M. S. E.  95%  % Sig
              Population   Average   Std. Dev.   Average             Cover Coeff
Within Level

 POST       ON
  PRE              0.894     0.8939     0.0132     0.0131     0.0002 0.943 1.000

 Residual Variances
  POST             2.000     1.9969     0.0826     0.0824     0.0068 0.941 1.000

Between Level

 POST       ON
  PRE              0.949     0.9527     0.0820     0.0758     0.0067 0.923 1.000
  EST              0.447     0.4486     0.1230     0.1167     0.0151 0.930 0.961
  MINT             0.447     0.4461     0.1215     0.1169     0.0148 0.935 0.960

 Intercepts
  POST             0.000    -0.0001     0.1062     0.1004     0.0113 0.925 0.075

 Residual Variances
  POST             0.100     0.0839     0.0366     0.0338     0.0016 0.842 0.740


QUALITY OF NUMERICAL RESULTS

     Average Condition Number for the Information Matrix      0.577E-02
       (ratio of smallest to largest eigenvalue)


TECHNICAL 1 OUTPUT


     PARAMETER SPECIFICATION FOR WITHIN


           NU
              POST          PRE           EST           MINT
              ________      ________      ________      ________
 1                  0             0             0             0


           LAMBDA
              POST          PRE           EST           MINT
              ________      ________      ________      ________
 POST               0             0             0             0
 PRE                0             0             0             0
 EST                0             0             0             0
 MINT               0             0             0             0


           THETA
              POST          PRE           EST           MINT
              ________      ________      ________      ________
 POST               0
 PRE                0             0
 EST                0             0             0
 MINT               0             0             0             0


           ALPHA
              POST          PRE           EST           MINT
              ________      ________      ________      ________
 1                  0             0             0             0


           BETA
              POST          PRE           EST           MINT
              ________      ________      ________      ________
 POST               0             1             0             0
 PRE                0             0             0             0
 EST                0             0             0             0
 MINT               0             0             0             0


           PSI
              POST          PRE           EST           MINT
              ________      ________      ________      ________
 POST               2
 PRE                0             0
 EST                0             0             0
 MINT               0             0             0             0


     PARAMETER SPECIFICATION FOR BETWEEN


           NU
              POST          PRE           EST           MINT
              ________      ________      ________      ________
 1                  0             0             0             0


           LAMBDA
              POST          PRE           EST           MINT
              ________      ________      ________      ________
 POST               0             0             0             0
 PRE                0             0             0             0
 EST                0             0             0             0
 MINT               0             0             0             0


           THETA
              POST          PRE           EST           MINT
              ________      ________      ________      ________
 POST               0
 PRE                0             0
 EST                0             0             0
 MINT               0             0             0             0


           ALPHA
              POST          PRE           EST           MINT
              ________      ________      ________      ________
 1                  3             0             0             0


           BETA
              POST          PRE           EST           MINT
              ________      ________      ________      ________
 POST               0             4             5             6
 PRE                0             0             0             0
 EST                0             0             0             0
 MINT               0             0             0             0


           PSI
              POST          PRE           EST           MINT
              ________      ________      ________      ________
 POST               7
 PRE                0             0
 EST                0             0             0
 MINT               0             0             0             0


     STARTING VALUES FOR WITHIN


           NU
              POST          PRE           EST           MINT
              ________      ________      ________      ________
 1              0.000         0.000         0.000         0.000


           LAMBDA
              POST          PRE           EST           MINT
              ________      ________      ________      ________
 POST           1.000         0.000         0.000         0.000
 PRE            0.000         1.000         0.000         0.000
 EST            0.000         0.000         1.000         0.000
 MINT           0.000         0.000         0.000         1.000


           THETA
              POST          PRE           EST           MINT
              ________      ________      ________      ________
 POST           0.000
 PRE            0.000         0.000
 EST            0.000         0.000         0.000
 MINT           0.000         0.000         0.000         0.000


           ALPHA
              POST          PRE           EST           MINT
              ________      ________      ________      ________
 1              0.000         0.000         0.000         0.000


           BETA
              POST          PRE           EST           MINT
              ________      ________      ________      ________
 POST           0.000         0.894         0.000         0.000
 PRE            0.000         0.000         0.000         0.000
 EST            0.000         0.000         0.000         0.000
 MINT           0.000         0.000         0.000         0.000


           PSI
              POST          PRE           EST           MINT
              ________      ________      ________      ________
 POST           2.000
 PRE            0.000         0.500
 EST            0.000         0.000         0.000
 MINT           0.000         0.000         0.000         0.000


     STARTING VALUES FOR BETWEEN


           NU
              POST          PRE           EST           MINT
              ________      ________      ________      ________
 1              0.000         0.000         0.000         0.000


           LAMBDA
              POST          PRE           EST           MINT
              ________      ________      ________      ________
 POST           1.000         0.000         0.000         0.000
 PRE            0.000         1.000         0.000         0.000
 EST            0.000         0.000         1.000         0.000
 MINT           0.000         0.000         0.000         1.000


           THETA
              POST          PRE           EST           MINT
              ________      ________      ________      ________
 POST           0.000
 PRE            0.000         0.000
 EST            0.000         0.000         0.000
 MINT           0.000         0.000         0.000         0.000


           ALPHA
              POST          PRE           EST           MINT
              ________      ________      ________      ________
 1              0.000         0.000         0.000         0.000


           BETA
              POST          PRE           EST           MINT
              ________      ________      ________      ________
 POST           0.000         0.949         0.447         0.447
 PRE            0.000         0.000         0.000         0.000
 EST            0.000         0.000         0.000         0.000
 MINT           0.000         0.000         0.000         0.000


           PSI
              POST          PRE           EST           MINT
              ________      ________      ________      ________
 POST           0.100
 PRE            0.000         0.500
 EST            0.000         0.000         0.500
 MINT           0.000         0.000         0.000         0.500


     POPULATION VALUES FOR WITHIN


           NU
              POST          PRE           EST           MINT
              ________      ________      ________      ________
 1              0.000         0.000         0.000         0.000


           LAMBDA
              POST          PRE           EST           MINT
              ________      ________      ________      ________
 POST           1.000         0.000         0.000         0.000
 PRE            0.000         1.000         0.000         0.000
 EST            0.000         0.000         1.000         0.000
 MINT           0.000         0.000         0.000         1.000


           THETA
              POST          PRE           EST           MINT
              ________      ________      ________      ________
 POST           0.000
 PRE            0.000         0.000
 EST            0.000         0.000         0.000
 MINT           0.000         0.000         0.000         0.000


           ALPHA
              POST          PRE           EST           MINT
              ________      ________      ________      ________
 1              0.000         0.000         0.000         0.000


           BETA
              POST          PRE           EST           MINT
              ________      ________      ________      ________
 POST           0.000         0.894         0.000         0.000
 PRE            0.000         0.000         0.000         0.000
 EST            0.000         0.000         0.000         0.000
 MINT           0.000         0.000         0.000         0.000


           PSI
              POST          PRE           EST           MINT
              ________      ________      ________      ________
 POST           2.000
 PRE            0.000        10.000
 EST            0.000         0.000         0.000
 MINT           0.000         0.000         0.000         0.000


     POPULATION VALUES FOR BETWEEN


           NU
              POST          PRE           EST           MINT
              ________      ________      ________      ________
 1              0.000         0.000         0.000         0.000


           LAMBDA
              POST          PRE           EST           MINT
              ________      ________      ________      ________
 POST           1.000         0.000         0.000         0.000
 PRE            0.000         1.000         0.000         0.000
 EST            0.000         0.000         1.000         0.000
 MINT           0.000         0.000         0.000         1.000


           THETA
              POST          PRE           EST           MINT
              ________      ________      ________      ________
 POST           0.000
 PRE            0.000         0.000
 EST            0.000         0.000         0.000
 MINT           0.000         0.000         0.000         0.000


           ALPHA
              POST          PRE           EST           MINT
              ________      ________      ________      ________
 1              0.000         0.000         0.500         0.500


           BETA
              POST          PRE           EST           MINT
              ________      ________      ________      ________
 POST           0.000         0.949         0.447         0.447
 PRE            0.000         0.000         0.000         0.000
 EST            0.000         0.000         0.000         0.000
 MINT           0.000         0.000         0.000         0.000


           PSI
              POST          PRE           EST           MINT
              ________      ________      ________      ________
 POST           0.100
 PRE            0.000         1.000
 EST            0.000         0.000         0.250
 MINT           0.000         0.000         0.000         0.250


TECHNICAL 9 OUTPUT

  Error messages for each replication (if any)


     REPLICATION 2220:
     THE MODEL ESTIMATION DID NOT TERMINATE NORMALLY DUE TO AN ERROR IN THE
     COMPUTATION.  CHANGE YOUR MODEL AND/OR STARTING VALUES.



DIAGRAM INFORMATION

  Mplus diagrams are currently not available for multilevel analysis.
  No diagram output was produced.


     Beginning Time:  23:56:57
        Ending Time:  23:59:05
       Elapsed Time:  00:02:08



MUTHEN & MUTHEN
3463 Stoner Ave.
Los Angeles, CA  90066

Tel: (310) 391-9971
Fax: (310) 391-8971
Web: www.StatModel.com
Support: Support@StatModel.com

Copyright (c) 1998-2013 Muthen & Muthen
