Mplus VERSION 7.11
MUTHEN & MUTHEN
02/26/2015   2:05 AM

INPUT INSTRUCTIONS

  TITLE:

  DATA:

  FILE IS 'untitled10.dat';

  VARIABLE:

  NAMES ARE post pre est mint sample class int;
  USEVARIABLES ARE post pre est mint int;

  cluster = class;
  between = est mint int;

  !DEFINE:
  !int = est*mint;

  ANALYSIS: TYPE IS TWOLEVEL;

  MODEL:

  %within%

  post ON pre;

  %between%

  post ON pre est mint int;

  OUTPUT:
  stdyx residual tech1 tech7 tech8 tech9 tech11 tech14;



*** WARNING in OUTPUT command
  TECH7 option is available only with TYPE=MIXTURE.
  Request for TECH7 is ignored.
*** WARNING in OUTPUT command
  TECH9 option is only available with Monte Carlo, multiple imputation or
  bootstrap.  Request for TECH9 is ignored.
*** WARNING in OUTPUT command
  TECH11 option is available only with TYPE=MIXTURE.
  Request for TECH11 is ignored.
*** WARNING in OUTPUT command
  TECH14 option is available only with TYPE=MIXTURE.
  Request for TECH14 is ignored.
   4 WARNING(S) FOUND IN THE INPUT INSTRUCTIONS




SUMMARY OF ANALYSIS

Number of groups                                                 1
Number of observations                                        1200

Number of dependent variables                                    1
Number of independent variables                                  4
Number of continuous latent variables                            0

Observed dependent variables

  Continuous
   POST

Observed independent variables
   PRE         EST         MINT        INT

Variables with special functions

  Cluster variable      CLASS

  Between variables
   EST         MINT        INT


Estimator                                                      MLR
Information matrix                                        OBSERVED
Maximum number of iterations                                   100
Convergence criterion                                    0.100D-05
Maximum number of EM iterations                                500
Convergence criteria for the EM algorithm
  Loglikelihood change                                   0.100D-02
  Relative loglikelihood change                          0.100D-05
  Derivative                                             0.100D-03
Minimum variance                                         0.100D-03
Maximum number of steepest descent iterations                   20
Maximum number of iterations for H1                           2000
Convergence criterion for H1                             0.100D-03
Optimization algorithm                                         EMA

Input data file(s)
  untitled10.dat
Input data format  FREE


SUMMARY OF DATA

     Number of clusters                         60

     Average cluster size       20.000

     Estimated Intraclass Correlations for the Y Variables

                Intraclass
     Variable  Correlation

     POST         0.332




THE MODEL ESTIMATION TERMINATED NORMALLY



MODEL FIT INFORMATION

Number of Free Parameters                        8

Loglikelihood

          H0 Value                       -4533.377
          H0 Scaling Correction Factor      1.0629
            for MLR
          H1 Value                       -4533.377
          H1 Scaling Correction Factor      1.0629
            for MLR

Information Criteria

          Akaike (AIC)                    9082.753
          Bayesian (BIC)                  9123.474
          Sample-Size Adjusted BIC        9098.063
            (n* = (n + 2) / 24)

Chi-Square Test of Model Fit

          Value                              0.000*
          Degrees of Freedom                     0
          P-Value                           1.0000
          Scaling Correction Factor         1.0000
            for MLR

*   The chi-square value for MLM, MLMV, MLR, ULSMV, WLSM and WLSMV cannot be used
    for chi-square difference testing in the regular way.  MLM, MLR and WLSM
    chi-square difference testing is described on the Mplus website.  MLMV, WLSMV,
    and ULSMV difference testing is done using the DIFFTEST option.

RMSEA (Root Mean Square Error Of Approximation)

          Estimate                           0.000

CFI/TLI

          CFI                                1.000
          TLI                                1.000

Chi-Square Test of Model Fit for the Baseline Model

          Value                           1306.981
          Degrees of Freedom                     5
          P-Value                           0.0000

SRMR (Standardized Root Mean Square Residual)

          Value for Within                   0.000
          Value for Between                  0.000



MODEL RESULTS

                                                    Two-Tailed
                    Estimate       S.E.  Est./S.E.    P-Value

Within Level

 POST       ON
    PRE                0.805      0.020     40.190      0.000

 Residual Variances
    POST               1.493      0.063     23.800      0.000

Between Level

 POST       ON
    PRE                1.043      0.040     25.767      0.000
    EST                0.577      0.160      3.606      0.000
    MINT               0.484      0.167      2.906      0.004
    INT               -0.117      0.209     -0.559      0.576

 Intercepts
    POST              -0.122      0.145     -0.841      0.400

 Residual Variances
    POST               0.045      0.023      1.979      0.048


STANDARDIZED MODEL RESULTS


STDYX Standardization

                                                    Two-Tailed
                    Estimate       S.E.  Est./S.E.    P-Value

Within Level

 POST       ON
    PRE                0.790      0.012     66.362      0.000

 Residual Variances
    POST               0.376      0.019     19.970      0.000

Between Level

 POST       ON
    PRE                0.949      0.032     30.049      0.000
    EST                0.204      0.060      3.412      0.001
    MINT               0.172      0.061      2.842      0.004
    INT               -0.034      0.061     -0.559      0.576

 Intercepts
    POST              -0.087      0.102     -0.854      0.393

 Residual Variances
    POST               0.023      0.012      1.929      0.054


R-SQUARE

Within Level

    Observed                                        Two-Tailed
    Variable        Estimate       S.E.  Est./S.E.    P-Value

    POST               0.624      0.019     33.181      0.000

Between Level

    Observed                                        Two-Tailed
    Variable        Estimate       S.E.  Est./S.E.    P-Value

    POST               0.977      0.012     83.591      0.000


QUALITY OF NUMERICAL RESULTS

     Condition Number for the Information Matrix              0.387E-02
       (ratio of smallest to largest eigenvalue)


RESIDUAL OUTPUT


     ESTIMATED MODEL AND RESIDUALS (OBSERVED - ESTIMATED) FOR WITHIN


           Model Estimated Means
              POST          PRE           EST           MINT          INT
              ________      ________      ________      ________      ________
 1              0.000         0.000         0.000         0.000         0.000


           Residuals for Means
              POST          PRE           EST           MINT          INT
              ________      ________      ________      ________      ________
 1              0.000         0.000         0.000         0.000         0.000


           Model Estimated Covariances
              POST          PRE           EST           MINT          INT
              ________      ________      ________      ________      ________
 POST           3.974
 PRE            3.083         3.830
 EST            0.000         0.000         0.000
 MINT           0.000         0.000         0.000         0.000
 INT            0.000         0.000         0.000         0.000         0.000


           Residuals for Covariances
              POST          PRE           EST           MINT          INT
              ________      ________      ________      ________      ________
 POST           0.000
 PRE            0.000         0.000
 EST            0.000         0.000         0.000
 MINT           0.000         0.000         0.000         0.000
 INT            0.000         0.000         0.000         0.000         0.000


     ESTIMATED MODEL AND RESIDUALS (OBSERVED - ESTIMATED) FOR BETWEEN


           Model Estimated Means
              POST          PRE           EST           MINT          INT
              ________      ________      ________      ________      ________
 1              0.607         0.194         0.550         0.483         0.217


           Residuals for Means
              POST          PRE           EST           MINT          INT
              ________      ________      ________      ________      ________
 1              0.000         0.000         0.000         0.000         0.000


           Model Estimated Covariances
              POST          PRE           EST           MINT          INT
              ________      ________      ________      ________      ________
 POST           1.975
 PRE            1.736         1.636
 EST            0.179         0.068         0.247
 MINT           0.042        -0.036        -0.049         0.250
 INT            0.029        -0.059         0.097         0.112         0.170


           Residuals for Covariances
              POST          PRE           EST           MINT          INT
              ________      ________      ________      ________      ________
 POST           0.000
 PRE            0.000         0.000
 EST            0.000         0.000         0.000
 MINT           0.000         0.000         0.000         0.000
 INT            0.000         0.000         0.000         0.000         0.000


TECHNICAL 1 OUTPUT


     PARAMETER SPECIFICATION FOR WITHIN


           NU
              POST          PRE           EST           MINT          INT
              ________      ________      ________      ________      ________
 1                  0             0             0             0             0


           LAMBDA
              POST          PRE           EST           MINT          INT
              ________      ________      ________      ________      ________
 POST               0             0             0             0             0
 PRE                0             0             0             0             0
 EST                0             0             0             0             0
 MINT               0             0             0             0             0
 INT                0             0             0             0             0


           THETA
              POST          PRE           EST           MINT          INT
              ________      ________      ________      ________      ________
 POST               0
 PRE                0             0
 EST                0             0             0
 MINT               0             0             0             0
 INT                0             0             0             0             0


           ALPHA
              POST          PRE           EST           MINT          INT
              ________      ________      ________      ________      ________
 1                  0             0             0             0             0


           BETA
              POST          PRE           EST           MINT          INT
              ________      ________      ________      ________      ________
 POST               0             1             0             0             0
 PRE                0             0             0             0             0
 EST                0             0             0             0             0
 MINT               0             0             0             0             0
 INT                0             0             0             0             0


           PSI
              POST          PRE           EST           MINT          INT
              ________      ________      ________      ________      ________
 POST               2
 PRE                0             0
 EST                0             0             0
 MINT               0             0             0             0
 INT                0             0             0             0             0


     PARAMETER SPECIFICATION FOR BETWEEN


           NU
              POST          PRE           EST           MINT          INT
              ________      ________      ________      ________      ________
 1                  0             0             0             0             0


           LAMBDA
              POST          PRE           EST           MINT          INT
              ________      ________      ________      ________      ________
 POST               0             0             0             0             0
 PRE                0             0             0             0             0
 EST                0             0             0             0             0
 MINT               0             0             0             0             0
 INT                0             0             0             0             0


           THETA
              POST          PRE           EST           MINT          INT
              ________      ________      ________      ________      ________
 POST               0
 PRE                0             0
 EST                0             0             0
 MINT               0             0             0             0
 INT                0             0             0             0             0


           ALPHA
              POST          PRE           EST           MINT          INT
              ________      ________      ________      ________      ________
 1                  3             0             0             0             0


           BETA
              POST          PRE           EST           MINT          INT
              ________      ________      ________      ________      ________
 POST               0             4             5             6             7
 PRE                0             0             0             0             0
 EST                0             0             0             0             0
 MINT               0             0             0             0             0
 INT                0             0             0             0             0


           PSI
              POST          PRE           EST           MINT          INT
              ________      ________      ________      ________      ________
 POST               8
 PRE                0             0
 EST                0             0             0
 MINT               0             0             0             0
 INT                0             0             0             0             0


     STARTING VALUES FOR WITHIN


           NU
              POST          PRE           EST           MINT          INT
              ________      ________      ________      ________      ________
 1              0.000         0.000         0.000         0.000         0.000


           LAMBDA
              POST          PRE           EST           MINT          INT
              ________      ________      ________      ________      ________
 POST           1.000         0.000         0.000         0.000         0.000
 PRE            0.000         1.000         0.000         0.000         0.000
 EST            0.000         0.000         1.000         0.000         0.000
 MINT           0.000         0.000         0.000         1.000         0.000
 INT            0.000         0.000         0.000         0.000         1.000


           THETA
              POST          PRE           EST           MINT          INT
              ________      ________      ________      ________      ________
 POST           0.000
 PRE            0.000         0.000
 EST            0.000         0.000         0.000
 MINT           0.000         0.000         0.000         0.000
 INT            0.000         0.000         0.000         0.000         0.000


           ALPHA
              POST          PRE           EST           MINT          INT
              ________      ________      ________      ________      ________
 1              0.000         0.000         0.000         0.000         0.000


           BETA
              POST          PRE           EST           MINT          INT
              ________      ________      ________      ________      ________
 POST           0.000         0.000         0.000         0.000         0.000
 PRE            0.000         0.000         0.000         0.000         0.000
 EST            0.000         0.000         0.000         0.000         0.000
 MINT           0.000         0.000         0.000         0.000         0.000
 INT            0.000         0.000         0.000         0.000         0.000


           PSI
              POST          PRE           EST           MINT          INT
              ________      ________      ________      ________      ________
 POST           2.957
 PRE            0.000         2.720
 EST            0.000         0.000         0.000
 MINT           0.000         0.000         0.000         0.000
 INT            0.000         0.000         0.000         0.000         0.000


     STARTING VALUES FOR BETWEEN


           NU
              POST          PRE           EST           MINT          INT
              ________      ________      ________      ________      ________
 1              0.000         0.000         0.000         0.000         0.000


           LAMBDA
              POST          PRE           EST           MINT          INT
              ________      ________      ________      ________      ________
 POST           1.000         0.000         0.000         0.000         0.000
 PRE            0.000         1.000         0.000         0.000         0.000
 EST            0.000         0.000         1.000         0.000         0.000
 MINT           0.000         0.000         0.000         1.000         0.000
 INT            0.000         0.000         0.000         0.000         1.000


           THETA
              POST          PRE           EST           MINT          INT
              ________      ________      ________      ________      ________
 POST           0.000
 PRE            0.000         0.000
 EST            0.000         0.000         0.000
 MINT           0.000         0.000         0.000         0.000
 INT            0.000         0.000         0.000         0.000         0.000


           ALPHA
              POST          PRE           EST           MINT          INT
              ________      ________      ________      ________      ________
 1              0.602         0.000         0.000         0.000         0.000


           BETA
              POST          PRE           EST           MINT          INT
              ________      ________      ________      ________      ________
 POST           0.000         0.000         0.000         0.000         0.000
 PRE            0.000         0.000         0.000         0.000         0.000
 EST            0.000         0.000         0.000         0.000         0.000
 MINT           0.000         0.000         0.000         0.000         0.000
 INT            0.000         0.000         0.000         0.000         0.000


           PSI
              POST          PRE           EST           MINT          INT
              ________      ________      ________      ________      ________
 POST           2.957
 PRE            0.000         2.720
 EST            0.000         0.000         0.123
 MINT           0.000         0.000         0.000         0.125
 INT            0.000         0.000         0.000         0.000         0.087


TECHNICAL 8 OUTPUT


   E STEP  ITER  LOGLIKELIHOOD    ABS CHANGE   REL CHANGE  ALGORITHM
              1 -0.60615092D+04    0.0000000    0.0000000  EM
              2 -0.45489897D+04 1512.5194910    0.2495285  EM
              3 -0.45377800D+04   11.2097436    0.0024642  EM
              4 -0.45354355D+04    2.3444995    0.0005167  EM
              5 -0.45345149D+04    0.9205963    0.0002030  EM
              6 -0.45340665D+04    0.4484094    0.0000989  EM
              7 -0.45338198D+04    0.2466382    0.0000544  EM
              8 -0.45336731D+04    0.1467658    0.0000324  EM
              9 -0.45335808D+04    0.0922656    0.0000204  EM
             10 -0.45335204D+04    0.0603937    0.0000133  EM
             11 -0.45334796D+04    0.0407659    0.0000090  EM
             12 -0.45334515D+04    0.0281850    0.0000062  EM
             13 -0.45334316D+04    0.0198632    0.0000044  EM
             14 -0.45334174D+04    0.0142183    0.0000031  EM
             15 -0.45334071D+04    0.0103081    0.0000023  EM
             16 -0.45333995D+04    0.0075532    0.0000017  EM
             17 -0.45333939D+04    0.0055835    0.0000012  EM
             18 -0.45333898D+04    0.0041587    0.0000009  EM
             19 -0.45333867D+04    0.0031173    0.0000007  EM
             20 -0.45333843D+04    0.0023493    0.0000005  EM
             21 -0.45333825D+04    0.0017789    0.0000004  EM
             22 -0.45333812D+04    0.0013523    0.0000003  EM
             23 -0.45333801D+04    0.0010317    0.0000002  EM
             24 -0.45333794D+04    0.0007897    0.0000002  EM
             25 -0.45333788D+04    0.0006058    0.0000001  EM
             26 -0.45333783D+04    0.0004658    0.0000001  EM
             27 -0.45333779D+04    0.0003588    0.0000001  EM
             28 -0.45333777D+04    0.0002770    0.0000001  EM
             29 -0.45333774D+04    0.0002142    0.0000000  EM
             30 -0.45333773D+04    0.0001658    0.0000000  EM
             31 -0.45333771D+04    0.0001285    0.0000000  EM
             32 -0.45333770D+04    0.0000996    0.0000000  EM
             33 -0.45333770D+04    0.0000774    0.0000000  EM
             34 -0.45333769D+04    0.0000601    0.0000000  EM
             35 -0.45333769D+04    0.0000467    0.0000000  EM
             36 -0.45333768D+04    0.0000364    0.0000000  EM
             37 -0.45333768D+04    0.0000283    0.0000000  EM
             38 -0.45333767D+04    0.0000466    0.0000000  FS
             39 -0.45333767D+04    0.0000058    0.0000000  FS
             40 -0.45333767D+04    0.0000002    0.0000000  FS
             41 -0.45333767D+04    0.0000007    0.0000000  FS
             42 -0.45333767D+04   -0.0000012    0.0000000  FS
             43 -0.45333767D+04    0.0000000    0.0000000  FS
             44 -0.45333767D+04   -0.0000017    0.0000000  FS
             45 -0.45333767D+04   -0.0000004    0.0000000  FS
             46 -0.45333767D+04    0.0000232    0.0000000  EM
             47 -0.45333767D+04    0.0000092    0.0000000  EM
             48 -0.45333767D+04    0.0000054    0.0000000  EM
             49 -0.45333767D+04    0.0000034    0.0000000  EM
             50 -0.45333767D+04    0.0000023    0.0000000  EM
             51 -0.45333767D+04    0.0000016    0.0000000  EM
             52 -0.45333767D+04    0.0000012    0.0000000  EM


   TECHNICAL 8 OUTPUT FOR THE H1 MODEL


   E STEP  ITER  LOGLIKELIHOOD    ABS CHANGE   REL CHANGE  ALGORITHM
              1 -0.45380830D+04    0.0000000    0.0000000  EM
              2 -0.45350487D+04    3.0343064    0.0006686  EM
              3 -0.45343307D+04    0.7180272    0.0001583  EM
              4 -0.45339679D+04    0.3627751    0.0000800  EM
              5 -0.45337623D+04    0.2055681    0.0000453  EM
              6 -0.45336374D+04    0.1248937    0.0000275  EM
              7 -0.45335577D+04    0.0797073    0.0000176  EM
              8 -0.45335050D+04    0.0527668    0.0000116  EM
              9 -0.45334690D+04    0.0359298    0.0000079  EM
             10 -0.45334440D+04    0.0250141    0.0000055  EM
             11 -0.45334263D+04    0.0177276    0.0000039  EM
             12 -0.45334136D+04    0.0127474    0.0000028  EM
             13 -0.45334043D+04    0.0092767    0.0000020  EM
             14 -0.45333975D+04    0.0068187    0.0000015  EM
             15 -0.45333924D+04    0.0050542    0.0000011  EM
             16 -0.45333886D+04    0.0037730    0.0000008  EM
             17 -0.45333858D+04    0.0028336    0.0000006  EM
             18 -0.45333837D+04    0.0021391    0.0000005  EM
             19 -0.45333820D+04    0.0016220    0.0000004  EM
             20 -0.45333808D+04    0.0012347    0.0000003  EM
             21 -0.45333799D+04    0.0009429    0.0000002  EM
             22 -0.45333791D+04    0.0007222    0.0000002  EM
             23 -0.45333786D+04    0.0005545    0.0000001  EM
             24 -0.45333782D+04    0.0004267    0.0000001  EM
             25 -0.45333778D+04    0.0003289    0.0000001  EM
             26 -0.45333776D+04    0.0002540    0.0000001  EM
             27 -0.45333774D+04    0.0001964    0.0000000  EM
             28 -0.45333772D+04    0.0001521    0.0000000  EM
             29 -0.45333771D+04    0.0001179    0.0000000  EM
             30 -0.45333770D+04    0.0000915    0.0000000  EM


   TECHNICAL 8 OUTPUT FOR THE BASELINE MODEL


   E STEP  ITER  LOGLIKELIHOOD    ABS CHANGE   REL CHANGE  ALGORITHM
              1 -0.51757036D+04    0.0000000    0.0000000  EM
              2 -0.51757026D+04    0.0009913    0.0000002  EM
              3 -0.51757026D+04    0.0000156    0.0000000  EM


DIAGRAM INFORMATION

  Mplus diagrams are currently not available for multilevel analysis.
  No diagram output was produced.


     Beginning Time:  02:05:54
        Ending Time:  02:05:55
       Elapsed Time:  00:00:01



MUTHEN & MUTHEN
3463 Stoner Ave.
Los Angeles, CA  90066

Tel: (310) 391-9971
Fax: (310) 391-8971
Web: www.StatModel.com
Support: Support@StatModel.com

Copyright (c) 1998-2013 Muthen & Muthen
